CRITICAL - 2023-08-25 10:21:15 --> Undefined property: CodeIgniter\View\View::$session
in APPPATH\Views\inc-header.php on line 316.
 1 APPPATH\Views\inc-header.php(316): CodeIgniter\Debug\Exceptions->errorHandler(2, 'Undefined property: CodeIgniter\\View\\View::$session', 'D:\\xampp\\htdocs\\dfinest\\app\\Views\\inc-header.php', 316)
 2 SYSTEMPATH\View\View.php(224): include('D:\\xampp\\htdocs\\dfinest\\app\\Views\\inc-header.php')
 3 SYSTEMPATH\View\View.php(227): CodeIgniter\View\View->CodeIgniter\View\{closure}()
 4 SYSTEMPATH\Common.php(1177): CodeIgniter\View\View->render('inc-header', [], true)
 5 APPPATH\Modules\Main\Controllers\Main.php(17): view('inc-header', [...])
 6 SYSTEMPATH\CodeIgniter.php(932): App\Modules\Main\Controllers\Main->index()
 7 SYSTEMPATH\CodeIgniter.php(497): CodeIgniter\CodeIgniter->runController(Object(App\Modules\Main\Controllers\Main))
 8 SYSTEMPATH\CodeIgniter.php(366): CodeIgniter\CodeIgniter->handleRequest(null, Object(Config\Cache), false)
 9 FCPATH\index.php(67): CodeIgniter\CodeIgniter->run()
CRITICAL - 2023-08-25 10:21:47 --> Undefined property: CodeIgniter\View\View::$session
in APPPATH\Views\inc-header.php on line 316.
 1 APPPATH\Views\inc-header.php(316): CodeIgniter\Debug\Exceptions->errorHandler(2, 'Undefined property: CodeIgniter\\View\\View::$session', 'D:\\xampp\\htdocs\\dfinest\\app\\Views\\inc-header.php', 316)
 2 SYSTEMPATH\View\View.php(224): include('D:\\xampp\\htdocs\\dfinest\\app\\Views\\inc-header.php')
 3 SYSTEMPATH\View\View.php(227): CodeIgniter\View\View->CodeIgniter\View\{closure}()
 4 SYSTEMPATH\Common.php(1177): CodeIgniter\View\View->render('inc-header', [], true)
 5 APPPATH\Modules\Main\Controllers\Main.php(17): view('inc-header', [...])
 6 SYSTEMPATH\CodeIgniter.php(932): App\Modules\Main\Controllers\Main->index()
 7 SYSTEMPATH\CodeIgniter.php(497): CodeIgniter\CodeIgniter->runController(Object(App\Modules\Main\Controllers\Main))
 8 SYSTEMPATH\CodeIgniter.php(366): CodeIgniter\CodeIgniter->handleRequest(null, Object(Config\Cache), false)
 9 FCPATH\index.php(67): CodeIgniter\CodeIgniter->run()
CRITICAL - 2023-08-25 16:38:19 --> Object of class CodeIgniter\Router\Router could not be converted to string
in APPPATH\Modules\Main\Controllers\Main.php on line 14.
 1 SYSTEMPATH\CodeIgniter.php(932): App\Modules\Main\Controllers\Main->index()
 2 SYSTEMPATH\CodeIgniter.php(497): CodeIgniter\CodeIgniter->runController(Object(App\Modules\Main\Controllers\Main))
 3 SYSTEMPATH\CodeIgniter.php(366): CodeIgniter\CodeIgniter->handleRequest(null, Object(Config\Cache), false)
 4 FCPATH\index.php(67): CodeIgniter\CodeIgniter->run()
CRITICAL - 2023-08-25 16:44:24 --> Call to undefined function App\Modules\Main\Controllers\services()
in APPPATH\Modules\Main\Controllers\Main.php on line 21.
 1 SYSTEMPATH\CodeIgniter.php(932): App\Modules\Main\Controllers\Main->index()
 2 SYSTEMPATH\CodeIgniter.php(497): CodeIgniter\CodeIgniter->runController(Object(App\Modules\Main\Controllers\Main))
 3 SYSTEMPATH\CodeIgniter.php(366): CodeIgniter\CodeIgniter->handleRequest(null, Object(Config\Cache), false)
 4 FCPATH\index.php(67): CodeIgniter\CodeIgniter->run()
CRITICAL - 2023-08-25 16:44:31 --> Call to undefined function App\Modules\Main\Controllers\services()
in APPPATH\Modules\Main\Controllers\Main.php on line 21.
 1 SYSTEMPATH\CodeIgniter.php(932): App\Modules\Main\Controllers\Main->index()
 2 SYSTEMPATH\CodeIgniter.php(497): CodeIgniter\CodeIgniter->runController(Object(App\Modules\Main\Controllers\Main))
 3 SYSTEMPATH\CodeIgniter.php(366): CodeIgniter\CodeIgniter->handleRequest(null, Object(Config\Cache), false)
 4 FCPATH\index.php(67): CodeIgniter\CodeIgniter->run()
CRITICAL - 2023-08-25 16:44:32 --> Call to undefined function App\Modules\Main\Controllers\services()
in APPPATH\Modules\Main\Controllers\Main.php on line 21.
 1 SYSTEMPATH\CodeIgniter.php(932): App\Modules\Main\Controllers\Main->index()
 2 SYSTEMPATH\CodeIgniter.php(497): CodeIgniter\CodeIgniter->runController(Object(App\Modules\Main\Controllers\Main))
 3 SYSTEMPATH\CodeIgniter.php(366): CodeIgniter\CodeIgniter->handleRequest(null, Object(Config\Cache), false)
 4 FCPATH\index.php(67): CodeIgniter\CodeIgniter->run()
CRITICAL - 2023-08-25 16:44:39 --> Call to undefined function App\Modules\Main\Controllers\services()
in APPPATH\Modules\Main\Controllers\Main.php on line 21.
 1 SYSTEMPATH\CodeIgniter.php(932): App\Modules\Main\Controllers\Main->index()
 2 SYSTEMPATH\CodeIgniter.php(497): CodeIgniter\CodeIgniter->runController(Object(App\Modules\Main\Controllers\Main))
 3 SYSTEMPATH\CodeIgniter.php(366): CodeIgniter\CodeIgniter->handleRequest(null, Object(Config\Cache), false)
 4 FCPATH\index.php(67): CodeIgniter\CodeIgniter->run()
CRITICAL - 2023-08-25 16:46:19 --> Namespace declaration statement has to be the very first statement or after any declare call in the script
in APPPATH\Modules\Main\Controllers\Main.php on line 4.
 1 [internal function]: CodeIgniter\Debug\Exceptions->shutdownHandler()
CRITICAL - 2023-08-25 16:46:19 --> Namespace declaration statement has to be the very first statement or after any declare call in the script
in APPPATH\Modules\Main\Controllers\Main.php on line 4.
 1 [internal function]: CodeIgniter\Debug\Exceptions->shutdownHandler()
CRITICAL - 2023-08-25 16:50:23 --> Cannot call constructor
in APPPATH\Modules\Main\Controllers\Main.php on line 16.
 1 SYSTEMPATH\CodeIgniter.php(904): App\Modules\Main\Controllers\Main->__construct()
 2 SYSTEMPATH\CodeIgniter.php(488): CodeIgniter\CodeIgniter->createController()
 3 SYSTEMPATH\CodeIgniter.php(366): CodeIgniter\CodeIgniter->handleRequest(null, Object(Config\Cache), false)
 4 FCPATH\index.php(67): CodeIgniter\CodeIgniter->run()
CRITICAL - 2023-08-25 16:50:30 --> Cannot call constructor
in APPPATH\Modules\Main\Controllers\Main.php on line 16.
 1 SYSTEMPATH\CodeIgniter.php(904): App\Modules\Main\Controllers\Main->__construct()
 2 SYSTEMPATH\CodeIgniter.php(488): CodeIgniter\CodeIgniter->createController()
 3 SYSTEMPATH\CodeIgniter.php(366): CodeIgniter\CodeIgniter->handleRequest(null, Object(Config\Cache), false)
 4 FCPATH\index.php(67): CodeIgniter\CodeIgniter->run()
CRITICAL - 2023-08-25 16:53:53 --> Array to string conversion
in APPPATH\Modules\Main\Controllers\Main.php on line 18.
 1 APPPATH\Modules\Main\Controllers\Main.php(18): CodeIgniter\Debug\Exceptions->errorHandler(2, 'Array to string conversion', 'D:\\xampp\\htdocs\\dfinest\\app\\Modules\\Main\\Controllers\\Main.php', 18)
 2 SYSTEMPATH\CodeIgniter.php(932): App\Modules\Main\Controllers\Main->index()
 3 SYSTEMPATH\CodeIgniter.php(497): CodeIgniter\CodeIgniter->runController(Object(App\Modules\Main\Controllers\Main))
 4 SYSTEMPATH\CodeIgniter.php(366): CodeIgniter\CodeIgniter->handleRequest(null, Object(Config\Cache), false)
 5 FCPATH\index.php(67): CodeIgniter\CodeIgniter->run()
CRITICAL - 2023-08-25 16:54:55 --> Object of class CodeIgniter\Router\Router could not be converted to string
in APPPATH\Modules\Main\Controllers\Main.php on line 21.
 1 SYSTEMPATH\CodeIgniter.php(932): App\Modules\Main\Controllers\Main->index()
 2 SYSTEMPATH\CodeIgniter.php(497): CodeIgniter\CodeIgniter->runController(Object(App\Modules\Main\Controllers\Main))
 3 SYSTEMPATH\CodeIgniter.php(366): CodeIgniter\CodeIgniter->handleRequest(null, Object(Config\Cache), false)
 4 FCPATH\index.php(67): CodeIgniter\CodeIgniter->run()
CRITICAL - 2023-08-25 16:55:00 --> Too few arguments to function CodeIgniter\Router\Router::setIndexPage(), 0 passed in D:\xampp\htdocs\dfinest\app\Modules\Main\Controllers\Main.php on line 21 and exactly 1 expected
in SYSTEMPATH\Router\Router.php on line 336.
 1 APPPATH\Modules\Main\Controllers\Main.php(21): CodeIgniter\Router\Router->setIndexPage()
 2 SYSTEMPATH\CodeIgniter.php(932): App\Modules\Main\Controllers\Main->index()
 3 SYSTEMPATH\CodeIgniter.php(497): CodeIgniter\CodeIgniter->runController(Object(App\Modules\Main\Controllers\Main))
 4 SYSTEMPATH\CodeIgniter.php(366): CodeIgniter\CodeIgniter->handleRequest(null, Object(Config\Cache), false)
 5 FCPATH\index.php(67): CodeIgniter\CodeIgniter->run()
CRITICAL - 2023-08-25 17:11:56 --> Invalid file: "Modules\Customer\Views\index.php"
in SYSTEMPATH\Exceptions\FrameworkException.php on line 33.
 1 SYSTEMPATH\View\View.php(212): CodeIgniter\Exceptions\FrameworkException::forInvalidFile('Modules\\Customer\\Views\\index.php')
 2 SYSTEMPATH\Common.php(1177): CodeIgniter\View\View->render('Modules\\Customer\\Views\\index', [], true)
 3 APPPATH\Modules\Standard\Controllers\Customer.php(19): view('Modules\\Customer\\Views\\index', [...])
 4 SYSTEMPATH\CodeIgniter.php(932): App\Modules\Standard\Controllers\Customer->index()
 5 SYSTEMPATH\CodeIgniter.php(497): CodeIgniter\CodeIgniter->runController(Object(App\Modules\Standard\Controllers\Customer))
 6 SYSTEMPATH\CodeIgniter.php(366): CodeIgniter\CodeIgniter->handleRequest(null, Object(Config\Cache), false)
 7 FCPATH\index.php(67): CodeIgniter\CodeIgniter->run()
CRITICAL - 2023-08-25 17:12:59 --> Invalid file: "Modules\Customer\Views'Customer\index.php"
in SYSTEMPATH\Exceptions\FrameworkException.php on line 33.
 1 SYSTEMPATH\View\View.php(212): CodeIgniter\Exceptions\FrameworkException::forInvalidFile('Modules\\Customer\\Views\'Customer\\index.php')
 2 SYSTEMPATH\Common.php(1177): CodeIgniter\View\View->render('Modules\\Customer\\Views\'Customer\\index', [], true)
 3 APPPATH\Modules\Standard\Controllers\Customer.php(19): view('Modules\\Customer\\Views\'Customer\\index', [...])
 4 SYSTEMPATH\CodeIgniter.php(932): App\Modules\Standard\Controllers\Customer->index()
 5 SYSTEMPATH\CodeIgniter.php(497): CodeIgniter\CodeIgniter->runController(Object(App\Modules\Standard\Controllers\Customer))
 6 SYSTEMPATH\CodeIgniter.php(366): CodeIgniter\CodeIgniter->handleRequest(null, Object(Config\Cache), false)
 7 FCPATH\index.php(67): CodeIgniter\CodeIgniter->run()
CRITICAL - 2023-08-25 17:14:42 --> Invalid file: "Customer\Modules\Customer\Views\index.php"
in SYSTEMPATH\Exceptions\FrameworkException.php on line 33.
 1 SYSTEMPATH\View\View.php(212): CodeIgniter\Exceptions\FrameworkException::forInvalidFile('Customer\\Modules\\Customer\\Views\\index.php')
 2 SYSTEMPATH\Common.php(1177): CodeIgniter\View\View->render('Customer\\Modules\\Customer\\Views\\index', [], true)
 3 APPPATH\Modules\Standard\Controllers\Customer.php(20): view('Customer\\Modules\\Customer\\Views\\index', [...])
 4 SYSTEMPATH\CodeIgniter.php(932): App\Modules\Standard\Controllers\Customer->index()
 5 SYSTEMPATH\CodeIgniter.php(497): CodeIgniter\CodeIgniter->runController(Object(App\Modules\Standard\Controllers\Customer))
 6 SYSTEMPATH\CodeIgniter.php(366): CodeIgniter\CodeIgniter->handleRequest(null, Object(Config\Cache), false)
 7 FCPATH\index.php(67): CodeIgniter\CodeIgniter->run()
CRITICAL - 2023-08-25 17:15:40 --> Invalid file: "Modules\Standard\Customer\Views\index.php"
in SYSTEMPATH\Exceptions\FrameworkException.php on line 33.
 1 SYSTEMPATH\View\View.php(212): CodeIgniter\Exceptions\FrameworkException::forInvalidFile('Modules\\Standard\\Customer\\Views\\index.php')
 2 SYSTEMPATH\Common.php(1177): CodeIgniter\View\View->render('Modules\\Standard\\Customer\\Views\\index', [], true)
 3 APPPATH\Modules\Standard\Controllers\Customer.php(20): view('Modules\\Standard\\Customer\\Views\\index', [...])
 4 SYSTEMPATH\CodeIgniter.php(932): App\Modules\Standard\Controllers\Customer->index()
 5 SYSTEMPATH\CodeIgniter.php(497): CodeIgniter\CodeIgniter->runController(Object(App\Modules\Standard\Controllers\Customer))
 6 SYSTEMPATH\CodeIgniter.php(366): CodeIgniter\CodeIgniter->handleRequest(null, Object(Config\Cache), false)
 7 FCPATH\index.php(67): CodeIgniter\CodeIgniter->run()
CRITICAL - 2023-08-25 17:15:40 --> Invalid file: "Modules\Standard\Customer\Views\index.php"
in SYSTEMPATH\Exceptions\FrameworkException.php on line 33.
 1 SYSTEMPATH\View\View.php(212): CodeIgniter\Exceptions\FrameworkException::forInvalidFile('Modules\\Standard\\Customer\\Views\\index.php')
 2 SYSTEMPATH\Common.php(1177): CodeIgniter\View\View->render('Modules\\Standard\\Customer\\Views\\index', [], true)
 3 APPPATH\Modules\Standard\Controllers\Customer.php(20): view('Modules\\Standard\\Customer\\Views\\index', [...])
 4 SYSTEMPATH\CodeIgniter.php(932): App\Modules\Standard\Controllers\Customer->index()
 5 SYSTEMPATH\CodeIgniter.php(497): CodeIgniter\CodeIgniter->runController(Object(App\Modules\Standard\Controllers\Customer))
 6 SYSTEMPATH\CodeIgniter.php(366): CodeIgniter\CodeIgniter->handleRequest(null, Object(Config\Cache), false)
 7 FCPATH\index.php(67): CodeIgniter\CodeIgniter->run()
