CRITICAL - 2023-08-28 15:37:17 --> Undefined variable $total_records
in APPPATH\Modules\Standard\Views\customer\index.php on line 22.
 1 APPPATH\Modules\Standard\Views\customer\index.php(22): CodeIgniter\Debug\Exceptions->errorHandler(2, 'Undefined variable $total_records', 'D:\\xampp\\htdocs\\dfinest\\app\\Modules\\Standard\\Views\\customer\\index.php', 22)
 2 SYSTEMPATH\View\View.php(224): include('D:\\xampp\\htdocs\\dfinest\\app\\Modules\\Standard\\Views\\customer\\index.php')
 3 SYSTEMPATH\View\View.php(227): CodeIgniter\View\View->CodeIgniter\View\{closure}()
 4 SYSTEMPATH\Common.php(1177): CodeIgniter\View\View->render('Modules\\Standard\\Views\\customer\\index', [], true)
 5 APPPATH\Modules\Standard\Controllers\Customer.php(27): view('Modules\\Standard\\Views\\customer\\index', [...])
 6 SYSTEMPATH\CodeIgniter.php(932): App\Modules\Standard\Controllers\Customer->index()
 7 SYSTEMPATH\CodeIgniter.php(497): CodeIgniter\CodeIgniter->runController(Object(App\Modules\Standard\Controllers\Customer))
 8 SYSTEMPATH\CodeIgniter.php(366): CodeIgniter\CodeIgniter->handleRequest(null, Object(Config\Cache), false)
 9 FCPATH\index.php(67): CodeIgniter\CodeIgniter->run()
CRITICAL - 2023-08-28 15:37:18 --> Undefined variable $total_records
in APPPATH\Modules\Standard\Views\customer\index.php on line 22.
 1 APPPATH\Modules\Standard\Views\customer\index.php(22): CodeIgniter\Debug\Exceptions->errorHandler(2, 'Undefined variable $total_records', 'D:\\xampp\\htdocs\\dfinest\\app\\Modules\\Standard\\Views\\customer\\index.php', 22)
 2 SYSTEMPATH\View\View.php(224): include('D:\\xampp\\htdocs\\dfinest\\app\\Modules\\Standard\\Views\\customer\\index.php')
 3 SYSTEMPATH\View\View.php(227): CodeIgniter\View\View->CodeIgniter\View\{closure}()
 4 SYSTEMPATH\Common.php(1177): CodeIgniter\View\View->render('Modules\\Standard\\Views\\customer\\index', [], true)
 5 APPPATH\Modules\Standard\Controllers\Customer.php(27): view('Modules\\Standard\\Views\\customer\\index', [...])
 6 SYSTEMPATH\CodeIgniter.php(932): App\Modules\Standard\Controllers\Customer->index()
 7 SYSTEMPATH\CodeIgniter.php(497): CodeIgniter\CodeIgniter->runController(Object(App\Modules\Standard\Controllers\Customer))
 8 SYSTEMPATH\CodeIgniter.php(366): CodeIgniter\CodeIgniter->handleRequest(null, Object(Config\Cache), false)
 9 FCPATH\index.php(67): CodeIgniter\CodeIgniter->run()
CRITICAL - 2023-08-28 15:38:44 --> Undefined property: CodeIgniter\View\View::$lang
in APPPATH\Modules\Standard\Views\customer\index.php on line 29.
 1 APPPATH\Modules\Standard\Views\customer\index.php(29): CodeIgniter\Debug\Exceptions->errorHandler(2, 'Undefined property: CodeIgniter\\View\\View::$lang', 'D:\\xampp\\htdocs\\dfinest\\app\\Modules\\Standard\\Views\\customer\\index.php', 29)
 2 SYSTEMPATH\View\View.php(224): include('D:\\xampp\\htdocs\\dfinest\\app\\Modules\\Standard\\Views\\customer\\index.php')
 3 SYSTEMPATH\View\View.php(227): CodeIgniter\View\View->CodeIgniter\View\{closure}()
 4 SYSTEMPATH\Common.php(1177): CodeIgniter\View\View->render('Modules\\Standard\\Views\\customer\\index', [], true)
 5 APPPATH\Modules\Standard\Controllers\Customer.php(29): view('Modules\\Standard\\Views\\customer\\index', [...])
 6 SYSTEMPATH\CodeIgniter.php(932): App\Modules\Standard\Controllers\Customer->index()
 7 SYSTEMPATH\CodeIgniter.php(497): CodeIgniter\CodeIgniter->runController(Object(App\Modules\Standard\Controllers\Customer))
 8 SYSTEMPATH\CodeIgniter.php(366): CodeIgniter\CodeIgniter->handleRequest(null, Object(Config\Cache), false)
 9 FCPATH\index.php(67): CodeIgniter\CodeIgniter->run()
CRITICAL - 2023-08-28 15:38:45 --> Undefined property: CodeIgniter\View\View::$lang
in APPPATH\Modules\Standard\Views\customer\index.php on line 29.
 1 APPPATH\Modules\Standard\Views\customer\index.php(29): CodeIgniter\Debug\Exceptions->errorHandler(2, 'Undefined property: CodeIgniter\\View\\View::$lang', 'D:\\xampp\\htdocs\\dfinest\\app\\Modules\\Standard\\Views\\customer\\index.php', 29)
 2 SYSTEMPATH\View\View.php(224): include('D:\\xampp\\htdocs\\dfinest\\app\\Modules\\Standard\\Views\\customer\\index.php')
 3 SYSTEMPATH\View\View.php(227): CodeIgniter\View\View->CodeIgniter\View\{closure}()
 4 SYSTEMPATH\Common.php(1177): CodeIgniter\View\View->render('Modules\\Standard\\Views\\customer\\index', [], true)
 5 APPPATH\Modules\Standard\Controllers\Customer.php(29): view('Modules\\Standard\\Views\\customer\\index', [...])
 6 SYSTEMPATH\CodeIgniter.php(932): App\Modules\Standard\Controllers\Customer->index()
 7 SYSTEMPATH\CodeIgniter.php(497): CodeIgniter\CodeIgniter->runController(Object(App\Modules\Standard\Controllers\Customer))
 8 SYSTEMPATH\CodeIgniter.php(366): CodeIgniter\CodeIgniter->handleRequest(null, Object(Config\Cache), false)
 9 FCPATH\index.php(67): CodeIgniter\CodeIgniter->run()
CRITICAL - 2023-08-28 15:38:53 --> Undefined property: CodeIgniter\View\View::$lang
in APPPATH\Modules\Standard\Views\customer\index.php on line 29.
 1 APPPATH\Modules\Standard\Views\customer\index.php(29): CodeIgniter\Debug\Exceptions->errorHandler(2, 'Undefined property: CodeIgniter\\View\\View::$lang', 'D:\\xampp\\htdocs\\dfinest\\app\\Modules\\Standard\\Views\\customer\\index.php', 29)
 2 SYSTEMPATH\View\View.php(224): include('D:\\xampp\\htdocs\\dfinest\\app\\Modules\\Standard\\Views\\customer\\index.php')
 3 SYSTEMPATH\View\View.php(227): CodeIgniter\View\View->CodeIgniter\View\{closure}()
 4 SYSTEMPATH\Common.php(1177): CodeIgniter\View\View->render('Modules\\Standard\\Views\\customer\\index', [], true)
 5 APPPATH\Modules\Standard\Controllers\Customer.php(29): view('Modules\\Standard\\Views\\customer\\index', [...])
 6 SYSTEMPATH\CodeIgniter.php(932): App\Modules\Standard\Controllers\Customer->index()
 7 SYSTEMPATH\CodeIgniter.php(497): CodeIgniter\CodeIgniter->runController(Object(App\Modules\Standard\Controllers\Customer))
 8 SYSTEMPATH\CodeIgniter.php(366): CodeIgniter\CodeIgniter->handleRequest(null, Object(Config\Cache), false)
 9 FCPATH\index.php(67): CodeIgniter\CodeIgniter->run()
CRITICAL - 2023-08-28 15:38:55 --> Undefined property: CodeIgniter\View\View::$lang
in APPPATH\Modules\Standard\Views\customer\index.php on line 29.
 1 APPPATH\Modules\Standard\Views\customer\index.php(29): CodeIgniter\Debug\Exceptions->errorHandler(2, 'Undefined property: CodeIgniter\\View\\View::$lang', 'D:\\xampp\\htdocs\\dfinest\\app\\Modules\\Standard\\Views\\customer\\index.php', 29)
 2 SYSTEMPATH\View\View.php(224): include('D:\\xampp\\htdocs\\dfinest\\app\\Modules\\Standard\\Views\\customer\\index.php')
 3 SYSTEMPATH\View\View.php(227): CodeIgniter\View\View->CodeIgniter\View\{closure}()
 4 SYSTEMPATH\Common.php(1177): CodeIgniter\View\View->render('Modules\\Standard\\Views\\customer\\index', [], true)
 5 APPPATH\Modules\Standard\Controllers\Customer.php(29): view('Modules\\Standard\\Views\\customer\\index', [...])
 6 SYSTEMPATH\CodeIgniter.php(932): App\Modules\Standard\Controllers\Customer->index()
 7 SYSTEMPATH\CodeIgniter.php(497): CodeIgniter\CodeIgniter->runController(Object(App\Modules\Standard\Controllers\Customer))
 8 SYSTEMPATH\CodeIgniter.php(366): CodeIgniter\CodeIgniter->handleRequest(null, Object(Config\Cache), false)
 9 FCPATH\index.php(67): CodeIgniter\CodeIgniter->run()
CRITICAL - 2023-08-28 17:52:21 --> Undefined variable $page_url
in APPPATH\Modules\Standard\Views\customer\form.php on line 5.
 1 APPPATH\Modules\Standard\Views\customer\form.php(5): CodeIgniter\Debug\Exceptions->errorHandler(2, 'Undefined variable $page_url', 'D:\\xampp\\htdocs\\dfinest\\app\\Modules\\Standard\\Views\\customer\\form.php', 5)
 2 SYSTEMPATH\View\View.php(224): include('D:\\xampp\\htdocs\\dfinest\\app\\Modules\\Standard\\Views\\customer\\form.php')
 3 SYSTEMPATH\View\View.php(227): CodeIgniter\View\View->CodeIgniter\View\{closure}()
 4 SYSTEMPATH\Common.php(1177): CodeIgniter\View\View->render('Modules\\Standard\\Views\\customer\\form', [], true)
 5 APPPATH\Modules\Standard\Controllers\Customer.php(41): view('Modules\\Standard\\Views\\customer\\form', [...])
 6 SYSTEMPATH\CodeIgniter.php(932): App\Modules\Standard\Controllers\Customer->load_form()
 7 SYSTEMPATH\CodeIgniter.php(497): CodeIgniter\CodeIgniter->runController(Object(App\Modules\Standard\Controllers\Customer))
 8 SYSTEMPATH\CodeIgniter.php(366): CodeIgniter\CodeIgniter->handleRequest(null, Object(Config\Cache), false)
 9 FCPATH\index.php(67): CodeIgniter\CodeIgniter->run()
CRITICAL - 2023-08-28 17:52:24 --> Undefined variable $page_url
in APPPATH\Modules\Standard\Views\customer\form.php on line 5.
 1 APPPATH\Modules\Standard\Views\customer\form.php(5): CodeIgniter\Debug\Exceptions->errorHandler(2, 'Undefined variable $page_url', 'D:\\xampp\\htdocs\\dfinest\\app\\Modules\\Standard\\Views\\customer\\form.php', 5)
 2 SYSTEMPATH\View\View.php(224): include('D:\\xampp\\htdocs\\dfinest\\app\\Modules\\Standard\\Views\\customer\\form.php')
 3 SYSTEMPATH\View\View.php(227): CodeIgniter\View\View->CodeIgniter\View\{closure}()
 4 SYSTEMPATH\Common.php(1177): CodeIgniter\View\View->render('Modules\\Standard\\Views\\customer\\form', [], true)
 5 APPPATH\Modules\Standard\Controllers\Customer.php(41): view('Modules\\Standard\\Views\\customer\\form', [...])
 6 SYSTEMPATH\CodeIgniter.php(932): App\Modules\Standard\Controllers\Customer->load_form()
 7 SYSTEMPATH\CodeIgniter.php(497): CodeIgniter\CodeIgniter->runController(Object(App\Modules\Standard\Controllers\Customer))
 8 SYSTEMPATH\CodeIgniter.php(366): CodeIgniter\CodeIgniter->handleRequest(null, Object(Config\Cache), false)
 9 FCPATH\index.php(67): CodeIgniter\CodeIgniter->run()
CRITICAL - 2023-08-28 17:52:25 --> Undefined variable $page_url
in APPPATH\Modules\Standard\Views\customer\form.php on line 5.
 1 APPPATH\Modules\Standard\Views\customer\form.php(5): CodeIgniter\Debug\Exceptions->errorHandler(2, 'Undefined variable $page_url', 'D:\\xampp\\htdocs\\dfinest\\app\\Modules\\Standard\\Views\\customer\\form.php', 5)
 2 SYSTEMPATH\View\View.php(224): include('D:\\xampp\\htdocs\\dfinest\\app\\Modules\\Standard\\Views\\customer\\form.php')
 3 SYSTEMPATH\View\View.php(227): CodeIgniter\View\View->CodeIgniter\View\{closure}()
 4 SYSTEMPATH\Common.php(1177): CodeIgniter\View\View->render('Modules\\Standard\\Views\\customer\\form', [], true)
 5 APPPATH\Modules\Standard\Controllers\Customer.php(41): view('Modules\\Standard\\Views\\customer\\form', [...])
 6 SYSTEMPATH\CodeIgniter.php(932): App\Modules\Standard\Controllers\Customer->load_form()
 7 SYSTEMPATH\CodeIgniter.php(497): CodeIgniter\CodeIgniter->runController(Object(App\Modules\Standard\Controllers\Customer))
 8 SYSTEMPATH\CodeIgniter.php(366): CodeIgniter\CodeIgniter->handleRequest(null, Object(Config\Cache), false)
 9 FCPATH\index.php(67): CodeIgniter\CodeIgniter->run()
CRITICAL - 2023-08-28 17:52:27 --> Undefined variable $page_url
in APPPATH\Modules\Standard\Views\customer\form.php on line 5.
 1 APPPATH\Modules\Standard\Views\customer\form.php(5): CodeIgniter\Debug\Exceptions->errorHandler(2, 'Undefined variable $page_url', 'D:\\xampp\\htdocs\\dfinest\\app\\Modules\\Standard\\Views\\customer\\form.php', 5)
 2 SYSTEMPATH\View\View.php(224): include('D:\\xampp\\htdocs\\dfinest\\app\\Modules\\Standard\\Views\\customer\\form.php')
 3 SYSTEMPATH\View\View.php(227): CodeIgniter\View\View->CodeIgniter\View\{closure}()
 4 SYSTEMPATH\Common.php(1177): CodeIgniter\View\View->render('Modules\\Standard\\Views\\customer\\form', [], true)
 5 APPPATH\Modules\Standard\Controllers\Customer.php(41): view('Modules\\Standard\\Views\\customer\\form', [...])
 6 SYSTEMPATH\CodeIgniter.php(932): App\Modules\Standard\Controllers\Customer->load_form()
 7 SYSTEMPATH\CodeIgniter.php(497): CodeIgniter\CodeIgniter->runController(Object(App\Modules\Standard\Controllers\Customer))
 8 SYSTEMPATH\CodeIgniter.php(366): CodeIgniter\CodeIgniter->handleRequest(null, Object(Config\Cache), false)
 9 FCPATH\index.php(67): CodeIgniter\CodeIgniter->run()
CRITICAL - 2023-08-28 17:52:30 --> Undefined variable $page_url
in APPPATH\Modules\Standard\Views\customer\form.php on line 5.
 1 APPPATH\Modules\Standard\Views\customer\form.php(5): CodeIgniter\Debug\Exceptions->errorHandler(2, 'Undefined variable $page_url', 'D:\\xampp\\htdocs\\dfinest\\app\\Modules\\Standard\\Views\\customer\\form.php', 5)
 2 SYSTEMPATH\View\View.php(224): include('D:\\xampp\\htdocs\\dfinest\\app\\Modules\\Standard\\Views\\customer\\form.php')
 3 SYSTEMPATH\View\View.php(227): CodeIgniter\View\View->CodeIgniter\View\{closure}()
 4 SYSTEMPATH\Common.php(1177): CodeIgniter\View\View->render('Modules\\Standard\\Views\\customer\\form', [], true)
 5 APPPATH\Modules\Standard\Controllers\Customer.php(41): view('Modules\\Standard\\Views\\customer\\form', [...])
 6 SYSTEMPATH\CodeIgniter.php(932): App\Modules\Standard\Controllers\Customer->load_form()
 7 SYSTEMPATH\CodeIgniter.php(497): CodeIgniter\CodeIgniter->runController(Object(App\Modules\Standard\Controllers\Customer))
 8 SYSTEMPATH\CodeIgniter.php(366): CodeIgniter\CodeIgniter->handleRequest(null, Object(Config\Cache), false)
 9 FCPATH\index.php(67): CodeIgniter\CodeIgniter->run()
CRITICAL - 2023-08-28 17:52:33 --> Undefined variable $page_url
in APPPATH\Modules\Standard\Views\customer\form.php on line 5.
 1 APPPATH\Modules\Standard\Views\customer\form.php(5): CodeIgniter\Debug\Exceptions->errorHandler(2, 'Undefined variable $page_url', 'D:\\xampp\\htdocs\\dfinest\\app\\Modules\\Standard\\Views\\customer\\form.php', 5)
 2 SYSTEMPATH\View\View.php(224): include('D:\\xampp\\htdocs\\dfinest\\app\\Modules\\Standard\\Views\\customer\\form.php')
 3 SYSTEMPATH\View\View.php(227): CodeIgniter\View\View->CodeIgniter\View\{closure}()
 4 SYSTEMPATH\Common.php(1177): CodeIgniter\View\View->render('Modules\\Standard\\Views\\customer\\form', [], true)
 5 APPPATH\Modules\Standard\Controllers\Customer.php(41): view('Modules\\Standard\\Views\\customer\\form', [...])
 6 SYSTEMPATH\CodeIgniter.php(932): App\Modules\Standard\Controllers\Customer->load_form()
 7 SYSTEMPATH\CodeIgniter.php(497): CodeIgniter\CodeIgniter->runController(Object(App\Modules\Standard\Controllers\Customer))
 8 SYSTEMPATH\CodeIgniter.php(366): CodeIgniter\CodeIgniter->handleRequest(null, Object(Config\Cache), false)
 9 FCPATH\index.php(67): CodeIgniter\CodeIgniter->run()
CRITICAL - 2023-08-28 17:52:36 --> Undefined variable $page_url
in APPPATH\Modules\Standard\Views\customer\form.php on line 5.
 1 APPPATH\Modules\Standard\Views\customer\form.php(5): CodeIgniter\Debug\Exceptions->errorHandler(2, 'Undefined variable $page_url', 'D:\\xampp\\htdocs\\dfinest\\app\\Modules\\Standard\\Views\\customer\\form.php', 5)
 2 SYSTEMPATH\View\View.php(224): include('D:\\xampp\\htdocs\\dfinest\\app\\Modules\\Standard\\Views\\customer\\form.php')
 3 SYSTEMPATH\View\View.php(227): CodeIgniter\View\View->CodeIgniter\View\{closure}()
 4 SYSTEMPATH\Common.php(1177): CodeIgniter\View\View->render('Modules\\Standard\\Views\\customer\\form', [], true)
 5 APPPATH\Modules\Standard\Controllers\Customer.php(41): view('Modules\\Standard\\Views\\customer\\form', [...])
 6 SYSTEMPATH\CodeIgniter.php(932): App\Modules\Standard\Controllers\Customer->load_form()
 7 SYSTEMPATH\CodeIgniter.php(497): CodeIgniter\CodeIgniter->runController(Object(App\Modules\Standard\Controllers\Customer))
 8 SYSTEMPATH\CodeIgniter.php(366): CodeIgniter\CodeIgniter->handleRequest(null, Object(Config\Cache), false)
 9 FCPATH\index.php(67): CodeIgniter\CodeIgniter->run()
CRITICAL - 2023-08-28 18:38:14 --> Undefined variable $page_url
in APPPATH\Modules\Standard\Views\customer\search.php on line 1.
 1 APPPATH\Modules\Standard\Views\customer\search.php(1): CodeIgniter\Debug\Exceptions->errorHandler(2, 'Undefined variable $page_url', 'D:\\xampp\\htdocs\\dfinest\\app\\Modules\\Standard\\Views\\customer\\search.php', 1)
 2 SYSTEMPATH\View\View.php(224): include('D:\\xampp\\htdocs\\dfinest\\app\\Modules\\Standard\\Views\\customer\\search.php')
 3 SYSTEMPATH\View\View.php(227): CodeIgniter\View\View->CodeIgniter\View\{closure}()
 4 SYSTEMPATH\Common.php(1177): CodeIgniter\View\View->render('Modules\\Standard\\Views\\customer\\search', [], true)
 5 APPPATH\Modules\Standard\Controllers\Customer.php(46): view('Modules\\Standard\\Views\\customer\\search', [...])
 6 SYSTEMPATH\CodeIgniter.php(932): App\Modules\Standard\Controllers\Customer->load_form_search()
 7 SYSTEMPATH\CodeIgniter.php(497): CodeIgniter\CodeIgniter->runController(Object(App\Modules\Standard\Controllers\Customer))
 8 SYSTEMPATH\CodeIgniter.php(366): CodeIgniter\CodeIgniter->handleRequest(null, Object(Config\Cache), false)
 9 FCPATH\index.php(67): CodeIgniter\CodeIgniter->run()
CRITICAL - 2023-08-28 18:38:15 --> Undefined variable $page_url
in APPPATH\Modules\Standard\Views\customer\search.php on line 1.
 1 APPPATH\Modules\Standard\Views\customer\search.php(1): CodeIgniter\Debug\Exceptions->errorHandler(2, 'Undefined variable $page_url', 'D:\\xampp\\htdocs\\dfinest\\app\\Modules\\Standard\\Views\\customer\\search.php', 1)
 2 SYSTEMPATH\View\View.php(224): include('D:\\xampp\\htdocs\\dfinest\\app\\Modules\\Standard\\Views\\customer\\search.php')
 3 SYSTEMPATH\View\View.php(227): CodeIgniter\View\View->CodeIgniter\View\{closure}()
 4 SYSTEMPATH\Common.php(1177): CodeIgniter\View\View->render('Modules\\Standard\\Views\\customer\\search', [], true)
 5 APPPATH\Modules\Standard\Controllers\Customer.php(46): view('Modules\\Standard\\Views\\customer\\search', [...])
 6 SYSTEMPATH\CodeIgniter.php(932): App\Modules\Standard\Controllers\Customer->load_form_search()
 7 SYSTEMPATH\CodeIgniter.php(497): CodeIgniter\CodeIgniter->runController(Object(App\Modules\Standard\Controllers\Customer))
 8 SYSTEMPATH\CodeIgniter.php(366): CodeIgniter\CodeIgniter->handleRequest(null, Object(Config\Cache), false)
 9 FCPATH\index.php(67): CodeIgniter\CodeIgniter->run()
