CRITICAL - 2023-09-01 14:46:05 --> Undefined variable $mode
in APPPATH\Modules\Standard\Views\customer\shipping_address.php on line 3.
 1 APPPATH\Modules\Standard\Views\customer\shipping_address.php(3): CodeIgniter\Debug\Exceptions->errorHandler(2, 'Undefined variable $mode', 'D:\\xampp\\htdocs\\dfinest\\app\\Modules\\Standard\\Views\\customer\\shipping_address.php', 3)
 2 SYSTEMPATH\View\View.php(224): include('D:\\xampp\\htdocs\\dfinest\\app\\Modules\\Standard\\Views\\customer\\shipping_address.php')
 3 SYSTEMPATH\View\View.php(227): CodeIgniter\View\View->CodeIgniter\View\{closure}()
 4 SYSTEMPATH\Common.php(1177): CodeIgniter\View\View->render('Modules\\Standard\\Views\\customer\\shipping_address', [], true)
 5 APPPATH\Modules\Standard\Controllers\Customer.php(139): view('Modules\\Standard\\Views\\customer\\shipping_address', [...])
 6 SYSTEMPATH\CodeIgniter.php(932): App\Modules\Standard\Controllers\Customer->shipping_address()
 7 SYSTEMPATH\CodeIgniter.php(497): CodeIgniter\CodeIgniter->runController(Object(App\Modules\Standard\Controllers\Customer))
 8 SYSTEMPATH\CodeIgniter.php(366): CodeIgniter\CodeIgniter->handleRequest(null, Object(Config\Cache), false)
 9 FCPATH\index.php(67): CodeIgniter\CodeIgniter->run()
CRITICAL - 2023-09-01 14:46:11 --> Undefined variable $mode
in APPPATH\Modules\Standard\Views\customer\shipping_address.php on line 3.
 1 APPPATH\Modules\Standard\Views\customer\shipping_address.php(3): CodeIgniter\Debug\Exceptions->errorHandler(2, 'Undefined variable $mode', 'D:\\xampp\\htdocs\\dfinest\\app\\Modules\\Standard\\Views\\customer\\shipping_address.php', 3)
 2 SYSTEMPATH\View\View.php(224): include('D:\\xampp\\htdocs\\dfinest\\app\\Modules\\Standard\\Views\\customer\\shipping_address.php')
 3 SYSTEMPATH\View\View.php(227): CodeIgniter\View\View->CodeIgniter\View\{closure}()
 4 SYSTEMPATH\Common.php(1177): CodeIgniter\View\View->render('Modules\\Standard\\Views\\customer\\shipping_address', [], true)
 5 APPPATH\Modules\Standard\Controllers\Customer.php(139): view('Modules\\Standard\\Views\\customer\\shipping_address', [...])
 6 SYSTEMPATH\CodeIgniter.php(932): App\Modules\Standard\Controllers\Customer->shipping_address()
 7 SYSTEMPATH\CodeIgniter.php(497): CodeIgniter\CodeIgniter->runController(Object(App\Modules\Standard\Controllers\Customer))
 8 SYSTEMPATH\CodeIgniter.php(366): CodeIgniter\CodeIgniter->handleRequest(null, Object(Config\Cache), false)
 9 FCPATH\index.php(67): CodeIgniter\CodeIgniter->run()
CRITICAL - 2023-09-01 14:47:08 --> Undefined variable $mode
in APPPATH\Modules\Standard\Views\customer\shipping_address.php on line 3.
 1 APPPATH\Modules\Standard\Views\customer\shipping_address.php(3): CodeIgniter\Debug\Exceptions->errorHandler(2, 'Undefined variable $mode', 'D:\\xampp\\htdocs\\dfinest\\app\\Modules\\Standard\\Views\\customer\\shipping_address.php', 3)
 2 SYSTEMPATH\View\View.php(224): include('D:\\xampp\\htdocs\\dfinest\\app\\Modules\\Standard\\Views\\customer\\shipping_address.php')
 3 SYSTEMPATH\View\View.php(227): CodeIgniter\View\View->CodeIgniter\View\{closure}()
 4 SYSTEMPATH\Common.php(1177): CodeIgniter\View\View->render('Modules\\Standard\\Views\\customer\\shipping_address', [], true)
 5 APPPATH\Modules\Standard\Controllers\Customer.php(144): view('Modules\\Standard\\Views\\customer\\shipping_address', [...])
 6 SYSTEMPATH\CodeIgniter.php(932): App\Modules\Standard\Controllers\Customer->shipping_address()
 7 SYSTEMPATH\CodeIgniter.php(497): CodeIgniter\CodeIgniter->runController(Object(App\Modules\Standard\Controllers\Customer))
 8 SYSTEMPATH\CodeIgniter.php(366): CodeIgniter\CodeIgniter->handleRequest(null, Object(Config\Cache), false)
 9 FCPATH\index.php(67): CodeIgniter\CodeIgniter->run()
CRITICAL - 2023-09-01 14:47:11 --> Undefined variable $mode
in APPPATH\Modules\Standard\Views\customer\shipping_address.php on line 3.
 1 APPPATH\Modules\Standard\Views\customer\shipping_address.php(3): CodeIgniter\Debug\Exceptions->errorHandler(2, 'Undefined variable $mode', 'D:\\xampp\\htdocs\\dfinest\\app\\Modules\\Standard\\Views\\customer\\shipping_address.php', 3)
 2 SYSTEMPATH\View\View.php(224): include('D:\\xampp\\htdocs\\dfinest\\app\\Modules\\Standard\\Views\\customer\\shipping_address.php')
 3 SYSTEMPATH\View\View.php(227): CodeIgniter\View\View->CodeIgniter\View\{closure}()
 4 SYSTEMPATH\Common.php(1177): CodeIgniter\View\View->render('Modules\\Standard\\Views\\customer\\shipping_address', [], true)
 5 APPPATH\Modules\Standard\Controllers\Customer.php(144): view('Modules\\Standard\\Views\\customer\\shipping_address', [...])
 6 SYSTEMPATH\CodeIgniter.php(932): App\Modules\Standard\Controllers\Customer->shipping_address()
 7 SYSTEMPATH\CodeIgniter.php(497): CodeIgniter\CodeIgniter->runController(Object(App\Modules\Standard\Controllers\Customer))
 8 SYSTEMPATH\CodeIgniter.php(366): CodeIgniter\CodeIgniter->handleRequest(null, Object(Config\Cache), false)
 9 FCPATH\index.php(67): CodeIgniter\CodeIgniter->run()
CRITICAL - 2023-09-01 14:47:13 --> Undefined variable $mode
in APPPATH\Modules\Standard\Views\customer\shipping_address.php on line 3.
 1 APPPATH\Modules\Standard\Views\customer\shipping_address.php(3): CodeIgniter\Debug\Exceptions->errorHandler(2, 'Undefined variable $mode', 'D:\\xampp\\htdocs\\dfinest\\app\\Modules\\Standard\\Views\\customer\\shipping_address.php', 3)
 2 SYSTEMPATH\View\View.php(224): include('D:\\xampp\\htdocs\\dfinest\\app\\Modules\\Standard\\Views\\customer\\shipping_address.php')
 3 SYSTEMPATH\View\View.php(227): CodeIgniter\View\View->CodeIgniter\View\{closure}()
 4 SYSTEMPATH\Common.php(1177): CodeIgniter\View\View->render('Modules\\Standard\\Views\\customer\\shipping_address', [], true)
 5 APPPATH\Modules\Standard\Controllers\Customer.php(144): view('Modules\\Standard\\Views\\customer\\shipping_address', [...])
 6 SYSTEMPATH\CodeIgniter.php(932): App\Modules\Standard\Controllers\Customer->shipping_address()
 7 SYSTEMPATH\CodeIgniter.php(497): CodeIgniter\CodeIgniter->runController(Object(App\Modules\Standard\Controllers\Customer))
 8 SYSTEMPATH\CodeIgniter.php(366): CodeIgniter\CodeIgniter->handleRequest(null, Object(Config\Cache), false)
 9 FCPATH\index.php(67): CodeIgniter\CodeIgniter->run()
CRITICAL - 2023-09-01 17:09:24 --> Undefined property: App\Modules\Standard\Controllers\Customer::$stand
in APPPATH\Modules\Standard\Controllers\Customer.php on line 234.
 1 APPPATH\Modules\Standard\Controllers\Customer.php(234): CodeIgniter\Debug\Exceptions->errorHandler(2, 'Undefined property: App\\Modules\\Standard\\Controllers\\Customer::$stand', 'D:\\xampp\\htdocs\\dfinest\\app\\Modules\\Standard\\Controllers\\Customer.php', 234)
 2 SYSTEMPATH\CodeIgniter.php(932): App\Modules\Standard\Controllers\Customer->shipping_form()
 3 SYSTEMPATH\CodeIgniter.php(497): CodeIgniter\CodeIgniter->runController(Object(App\Modules\Standard\Controllers\Customer))
 4 SYSTEMPATH\CodeIgniter.php(366): CodeIgniter\CodeIgniter->handleRequest(null, Object(Config\Cache), false)
 5 FCPATH\index.php(67): CodeIgniter\CodeIgniter->run()
CRITICAL - 2023-09-01 17:09:26 --> Undefined property: App\Modules\Standard\Controllers\Customer::$stand
in APPPATH\Modules\Standard\Controllers\Customer.php on line 234.
 1 APPPATH\Modules\Standard\Controllers\Customer.php(234): CodeIgniter\Debug\Exceptions->errorHandler(2, 'Undefined property: App\\Modules\\Standard\\Controllers\\Customer::$stand', 'D:\\xampp\\htdocs\\dfinest\\app\\Modules\\Standard\\Controllers\\Customer.php', 234)
 2 SYSTEMPATH\CodeIgniter.php(932): App\Modules\Standard\Controllers\Customer->shipping_form()
 3 SYSTEMPATH\CodeIgniter.php(497): CodeIgniter\CodeIgniter->runController(Object(App\Modules\Standard\Controllers\Customer))
 4 SYSTEMPATH\CodeIgniter.php(366): CodeIgniter\CodeIgniter->handleRequest(null, Object(Config\Cache), false)
 5 FCPATH\index.php(67): CodeIgniter\CodeIgniter->run()
CRITICAL - 2023-09-01 17:10:11 --> Undefined property: App\Modules\Standard\Controllers\Customer::$stand
in APPPATH\Modules\Standard\Controllers\Customer.php on line 233.
 1 APPPATH\Modules\Standard\Controllers\Customer.php(233): CodeIgniter\Debug\Exceptions->errorHandler(2, 'Undefined property: App\\Modules\\Standard\\Controllers\\Customer::$stand', 'D:\\xampp\\htdocs\\dfinest\\app\\Modules\\Standard\\Controllers\\Customer.php', 233)
 2 SYSTEMPATH\CodeIgniter.php(932): App\Modules\Standard\Controllers\Customer->shipping_form()
 3 SYSTEMPATH\CodeIgniter.php(497): CodeIgniter\CodeIgniter->runController(Object(App\Modules\Standard\Controllers\Customer))
 4 SYSTEMPATH\CodeIgniter.php(366): CodeIgniter\CodeIgniter->handleRequest(null, Object(Config\Cache), false)
 5 FCPATH\index.php(67): CodeIgniter\CodeIgniter->run()
