CRITICAL - 2023-09-12 12:02:19 --> Cannot access offset of type string on string
in APPPATH\Modules\Standard\Controllers\Level.php on line 203.
 1 SYSTEMPATH\CodeIgniter.php(932): App\Modules\Standard\Controllers\Level->load_pricing()
 2 SYSTEMPATH\CodeIgniter.php(497): CodeIgniter\CodeIgniter->runController(Object(App\Modules\Standard\Controllers\Level))
 3 SYSTEMPATH\CodeIgniter.php(366): CodeIgniter\CodeIgniter->handleRequest(null, Object(Config\Cache), false)
 4 FCPATH\index.php(67): CodeIgniter\CodeIgniter->run()
CRITICAL - 2023-09-12 12:02:20 --> Cannot access offset of type string on string
in APPPATH\Modules\Standard\Controllers\Level.php on line 203.
 1 SYSTEMPATH\CodeIgniter.php(932): App\Modules\Standard\Controllers\Level->load_pricing()
 2 SYSTEMPATH\CodeIgniter.php(497): CodeIgniter\CodeIgniter->runController(Object(App\Modules\Standard\Controllers\Level))
 3 SYSTEMPATH\CodeIgniter.php(366): CodeIgniter\CodeIgniter->handleRequest(null, Object(Config\Cache), false)
 4 FCPATH\index.php(67): CodeIgniter\CodeIgniter->run()
CRITICAL - 2023-09-12 12:02:20 --> Cannot access offset of type string on string
in APPPATH\Modules\Standard\Controllers\Level.php on line 203.
 1 SYSTEMPATH\CodeIgniter.php(932): App\Modules\Standard\Controllers\Level->load_pricing()
 2 SYSTEMPATH\CodeIgniter.php(497): CodeIgniter\CodeIgniter->runController(Object(App\Modules\Standard\Controllers\Level))
 3 SYSTEMPATH\CodeIgniter.php(366): CodeIgniter\CodeIgniter->handleRequest(null, Object(Config\Cache), false)
 4 FCPATH\index.php(67): CodeIgniter\CodeIgniter->run()
CRITICAL - 2023-09-12 12:02:23 --> Cannot access offset of type string on string
in APPPATH\Modules\Standard\Controllers\Level.php on line 203.
 1 SYSTEMPATH\CodeIgniter.php(932): App\Modules\Standard\Controllers\Level->load_pricing()
 2 SYSTEMPATH\CodeIgniter.php(497): CodeIgniter\CodeIgniter->runController(Object(App\Modules\Standard\Controllers\Level))
 3 SYSTEMPATH\CodeIgniter.php(366): CodeIgniter\CodeIgniter->handleRequest(null, Object(Config\Cache), false)
 4 FCPATH\index.php(67): CodeIgniter\CodeIgniter->run()
CRITICAL - 2023-09-12 12:02:24 --> Cannot access offset of type string on string
in APPPATH\Modules\Standard\Controllers\Level.php on line 203.
 1 SYSTEMPATH\CodeIgniter.php(932): App\Modules\Standard\Controllers\Level->load_pricing()
 2 SYSTEMPATH\CodeIgniter.php(497): CodeIgniter\CodeIgniter->runController(Object(App\Modules\Standard\Controllers\Level))
 3 SYSTEMPATH\CodeIgniter.php(366): CodeIgniter\CodeIgniter->handleRequest(null, Object(Config\Cache), false)
 4 FCPATH\index.php(67): CodeIgniter\CodeIgniter->run()
CRITICAL - 2023-09-12 12:03:12 --> Undefined variable $type_arr
in APPPATH\Modules\Standard\Controllers\Level.php on line 211.
 1 APPPATH\Modules\Standard\Controllers\Level.php(211): CodeIgniter\Debug\Exceptions->errorHandler(2, 'Undefined variable $type_arr', 'D:\\xampp\\htdocs\\dfinest\\app\\Modules\\Standard\\Controllers\\Level.php', 211)
 2 SYSTEMPATH\CodeIgniter.php(932): App\Modules\Standard\Controllers\Level->load_pricing()
 3 SYSTEMPATH\CodeIgniter.php(497): CodeIgniter\CodeIgniter->runController(Object(App\Modules\Standard\Controllers\Level))
 4 SYSTEMPATH\CodeIgniter.php(366): CodeIgniter\CodeIgniter->handleRequest(null, Object(Config\Cache), false)
 5 FCPATH\index.php(67): CodeIgniter\CodeIgniter->run()
CRITICAL - 2023-09-12 12:03:13 --> Undefined variable $type_arr
in APPPATH\Modules\Standard\Controllers\Level.php on line 211.
 1 APPPATH\Modules\Standard\Controllers\Level.php(211): CodeIgniter\Debug\Exceptions->errorHandler(2, 'Undefined variable $type_arr', 'D:\\xampp\\htdocs\\dfinest\\app\\Modules\\Standard\\Controllers\\Level.php', 211)
 2 SYSTEMPATH\CodeIgniter.php(932): App\Modules\Standard\Controllers\Level->load_pricing()
 3 SYSTEMPATH\CodeIgniter.php(497): CodeIgniter\CodeIgniter->runController(Object(App\Modules\Standard\Controllers\Level))
 4 SYSTEMPATH\CodeIgniter.php(366): CodeIgniter\CodeIgniter->handleRequest(null, Object(Config\Cache), false)
 5 FCPATH\index.php(67): CodeIgniter\CodeIgniter->run()
CRITICAL - 2023-09-12 12:03:29 --> Undefined variable $type_arr
in APPPATH\Modules\Standard\Controllers\Level.php on line 211.
 1 APPPATH\Modules\Standard\Controllers\Level.php(211): CodeIgniter\Debug\Exceptions->errorHandler(2, 'Undefined variable $type_arr', 'D:\\xampp\\htdocs\\dfinest\\app\\Modules\\Standard\\Controllers\\Level.php', 211)
 2 SYSTEMPATH\CodeIgniter.php(932): App\Modules\Standard\Controllers\Level->load_pricing()
 3 SYSTEMPATH\CodeIgniter.php(497): CodeIgniter\CodeIgniter->runController(Object(App\Modules\Standard\Controllers\Level))
 4 SYSTEMPATH\CodeIgniter.php(366): CodeIgniter\CodeIgniter->handleRequest(null, Object(Config\Cache), false)
 5 FCPATH\index.php(67): CodeIgniter\CodeIgniter->run()
CRITICAL - 2023-09-12 12:03:50 --> Cannot access offset of type string on string
in APPPATH\Modules\Standard\Controllers\Level.php on line 203.
 1 SYSTEMPATH\CodeIgniter.php(932): App\Modules\Standard\Controllers\Level->load_pricing()
 2 SYSTEMPATH\CodeIgniter.php(497): CodeIgniter\CodeIgniter->runController(Object(App\Modules\Standard\Controllers\Level))
 3 SYSTEMPATH\CodeIgniter.php(366): CodeIgniter\CodeIgniter->handleRequest(null, Object(Config\Cache), false)
 4 FCPATH\index.php(67): CodeIgniter\CodeIgniter->run()
CRITICAL - 2023-09-12 12:11:12 --> Array to string conversion
in APPPATH\Modules\Standard\Views\level\pricing.php on line 39.
 1 APPPATH\Modules\Standard\Views\level\pricing.php(39): CodeIgniter\Debug\Exceptions->errorHandler(2, 'Array to string conversion', 'D:\\xampp\\htdocs\\dfinest\\app\\Modules\\Standard\\Views\\level\\pricing.php', 39)
 2 SYSTEMPATH\View\View.php(224): include('D:\\xampp\\htdocs\\dfinest\\app\\Modules\\Standard\\Views\\level\\pricing.php')
 3 SYSTEMPATH\View\View.php(227): CodeIgniter\View\View->CodeIgniter\View\{closure}()
 4 SYSTEMPATH\Common.php(1177): CodeIgniter\View\View->render('Modules\\Standard\\Views\\level\\pricing', [], true)
 5 APPPATH\Modules\Standard\Controllers\Level.php(223): view('Modules\\Standard\\Views\\level\\pricing', [...])
 6 SYSTEMPATH\CodeIgniter.php(932): App\Modules\Standard\Controllers\Level->load_pricing()
 7 SYSTEMPATH\CodeIgniter.php(497): CodeIgniter\CodeIgniter->runController(Object(App\Modules\Standard\Controllers\Level))
 8 SYSTEMPATH\CodeIgniter.php(366): CodeIgniter\CodeIgniter->handleRequest(null, Object(Config\Cache), false)
 9 FCPATH\index.php(67): CodeIgniter\CodeIgniter->run()
CRITICAL - 2023-09-12 12:24:39 --> Undefined array key 3
in APPPATH\Modules\Standard\Views\level\pricing.php on line 46.
 1 APPPATH\Modules\Standard\Views\level\pricing.php(46): CodeIgniter\Debug\Exceptions->errorHandler(2, 'Undefined array key 3', 'D:\\xampp\\htdocs\\dfinest\\app\\Modules\\Standard\\Views\\level\\pricing.php', 46)
 2 SYSTEMPATH\View\View.php(224): include('D:\\xampp\\htdocs\\dfinest\\app\\Modules\\Standard\\Views\\level\\pricing.php')
 3 SYSTEMPATH\View\View.php(227): CodeIgniter\View\View->CodeIgniter\View\{closure}()
 4 SYSTEMPATH\Common.php(1177): CodeIgniter\View\View->render('Modules\\Standard\\Views\\level\\pricing', [], true)
 5 APPPATH\Modules\Standard\Controllers\Level.php(224): view('Modules\\Standard\\Views\\level\\pricing', [...])
 6 SYSTEMPATH\CodeIgniter.php(932): App\Modules\Standard\Controllers\Level->load_pricing()
 7 SYSTEMPATH\CodeIgniter.php(497): CodeIgniter\CodeIgniter->runController(Object(App\Modules\Standard\Controllers\Level))
 8 SYSTEMPATH\CodeIgniter.php(366): CodeIgniter\CodeIgniter->handleRequest(null, Object(Config\Cache), false)
 9 FCPATH\index.php(67): CodeIgniter\CodeIgniter->run()
CRITICAL - 2023-09-12 12:24:40 --> Undefined array key 3
in APPPATH\Modules\Standard\Views\level\pricing.php on line 46.
 1 APPPATH\Modules\Standard\Views\level\pricing.php(46): CodeIgniter\Debug\Exceptions->errorHandler(2, 'Undefined array key 3', 'D:\\xampp\\htdocs\\dfinest\\app\\Modules\\Standard\\Views\\level\\pricing.php', 46)
 2 SYSTEMPATH\View\View.php(224): include('D:\\xampp\\htdocs\\dfinest\\app\\Modules\\Standard\\Views\\level\\pricing.php')
 3 SYSTEMPATH\View\View.php(227): CodeIgniter\View\View->CodeIgniter\View\{closure}()
 4 SYSTEMPATH\Common.php(1177): CodeIgniter\View\View->render('Modules\\Standard\\Views\\level\\pricing', [], true)
 5 APPPATH\Modules\Standard\Controllers\Level.php(224): view('Modules\\Standard\\Views\\level\\pricing', [...])
 6 SYSTEMPATH\CodeIgniter.php(932): App\Modules\Standard\Controllers\Level->load_pricing()
 7 SYSTEMPATH\CodeIgniter.php(497): CodeIgniter\CodeIgniter->runController(Object(App\Modules\Standard\Controllers\Level))
 8 SYSTEMPATH\CodeIgniter.php(366): CodeIgniter\CodeIgniter->handleRequest(null, Object(Config\Cache), false)
 9 FCPATH\index.php(67): CodeIgniter\CodeIgniter->run()
CRITICAL - 2023-09-12 13:55:40 --> Undefined variable $info_shade
in APPPATH\Modules\Standard\Views\level\pricing.php on line 12.
 1 APPPATH\Modules\Standard\Views\level\pricing.php(12): CodeIgniter\Debug\Exceptions->errorHandler(2, 'Undefined variable $info_shade', 'D:\\xampp\\htdocs\\dfinest\\app\\Modules\\Standard\\Views\\level\\pricing.php', 12)
 2 SYSTEMPATH\View\View.php(224): include('D:\\xampp\\htdocs\\dfinest\\app\\Modules\\Standard\\Views\\level\\pricing.php')
 3 SYSTEMPATH\View\View.php(227): CodeIgniter\View\View->CodeIgniter\View\{closure}()
 4 SYSTEMPATH\Common.php(1177): CodeIgniter\View\View->render('Modules\\Standard\\Views\\level\\pricing', [], true)
 5 APPPATH\Modules\Standard\Controllers\Level.php(218): view('Modules\\Standard\\Views\\level\\pricing', [...])
 6 SYSTEMPATH\CodeIgniter.php(932): App\Modules\Standard\Controllers\Level->load_pricing()
 7 SYSTEMPATH\CodeIgniter.php(497): CodeIgniter\CodeIgniter->runController(Object(App\Modules\Standard\Controllers\Level))
 8 SYSTEMPATH\CodeIgniter.php(366): CodeIgniter\CodeIgniter->handleRequest(null, Object(Config\Cache), false)
 9 FCPATH\index.php(67): CodeIgniter\CodeIgniter->run()
CRITICAL - 2023-09-12 13:58:39 --> Undefined variable $page_url
in APPPATH\Modules\Standard\Views\level\pricing.php on line 10.
 1 APPPATH\Modules\Standard\Views\level\pricing.php(10): CodeIgniter\Debug\Exceptions->errorHandler(2, 'Undefined variable $page_url', 'D:\\xampp\\htdocs\\dfinest\\app\\Modules\\Standard\\Views\\level\\pricing.php', 10)
 2 SYSTEMPATH\View\View.php(224): include('D:\\xampp\\htdocs\\dfinest\\app\\Modules\\Standard\\Views\\level\\pricing.php')
 3 SYSTEMPATH\View\View.php(227): CodeIgniter\View\View->CodeIgniter\View\{closure}()
 4 SYSTEMPATH\Common.php(1177): CodeIgniter\View\View->render('Modules\\Standard\\Views\\level\\pricing', [], true)
 5 APPPATH\Modules\Standard\Controllers\Level.php(219): view('Modules\\Standard\\Views\\level\\pricing', [...])
 6 SYSTEMPATH\CodeIgniter.php(932): App\Modules\Standard\Controllers\Level->load_pricing()
 7 SYSTEMPATH\CodeIgniter.php(497): CodeIgniter\CodeIgniter->runController(Object(App\Modules\Standard\Controllers\Level))
 8 SYSTEMPATH\CodeIgniter.php(366): CodeIgniter\CodeIgniter->handleRequest(null, Object(Config\Cache), false)
 9 FCPATH\index.php(67): CodeIgniter\CodeIgniter->run()
CRITICAL - 2023-09-12 13:58:40 --> Undefined variable $page_url
in APPPATH\Modules\Standard\Views\level\pricing.php on line 10.
 1 APPPATH\Modules\Standard\Views\level\pricing.php(10): CodeIgniter\Debug\Exceptions->errorHandler(2, 'Undefined variable $page_url', 'D:\\xampp\\htdocs\\dfinest\\app\\Modules\\Standard\\Views\\level\\pricing.php', 10)
 2 SYSTEMPATH\View\View.php(224): include('D:\\xampp\\htdocs\\dfinest\\app\\Modules\\Standard\\Views\\level\\pricing.php')
 3 SYSTEMPATH\View\View.php(227): CodeIgniter\View\View->CodeIgniter\View\{closure}()
 4 SYSTEMPATH\Common.php(1177): CodeIgniter\View\View->render('Modules\\Standard\\Views\\level\\pricing', [], true)
 5 APPPATH\Modules\Standard\Controllers\Level.php(219): view('Modules\\Standard\\Views\\level\\pricing', [...])
 6 SYSTEMPATH\CodeIgniter.php(932): App\Modules\Standard\Controllers\Level->load_pricing()
 7 SYSTEMPATH\CodeIgniter.php(497): CodeIgniter\CodeIgniter->runController(Object(App\Modules\Standard\Controllers\Level))
 8 SYSTEMPATH\CodeIgniter.php(366): CodeIgniter\CodeIgniter->handleRequest(null, Object(Config\Cache), false)
 9 FCPATH\index.php(67): CodeIgniter\CodeIgniter->run()
CRITICAL - 2023-09-12 14:06:51 --> Undefined variable $id
in APPPATH\Modules\Standard\Controllers\Level.php on line 248.
 1 APPPATH\Modules\Standard\Controllers\Level.php(248): CodeIgniter\Debug\Exceptions->errorHandler(2, 'Undefined variable $id', 'D:\\xampp\\htdocs\\dfinest\\app\\Modules\\Standard\\Controllers\\Level.php', 248)
 2 SYSTEMPATH\CodeIgniter.php(932): App\Modules\Standard\Controllers\Level->pricing_load_data()
 3 SYSTEMPATH\CodeIgniter.php(497): CodeIgniter\CodeIgniter->runController(Object(App\Modules\Standard\Controllers\Level))
 4 SYSTEMPATH\CodeIgniter.php(366): CodeIgniter\CodeIgniter->handleRequest(null, Object(Config\Cache), false)
 5 FCPATH\index.php(67): CodeIgniter\CodeIgniter->run()
CRITICAL - 2023-09-12 14:08:00 --> Undefined variable $id
in APPPATH\Modules\Standard\Controllers\Level.php on line 248.
 1 APPPATH\Modules\Standard\Controllers\Level.php(248): CodeIgniter\Debug\Exceptions->errorHandler(2, 'Undefined variable $id', 'D:\\xampp\\htdocs\\dfinest\\app\\Modules\\Standard\\Controllers\\Level.php', 248)
 2 SYSTEMPATH\CodeIgniter.php(932): App\Modules\Standard\Controllers\Level->pricing_load_data()
 3 SYSTEMPATH\CodeIgniter.php(497): CodeIgniter\CodeIgniter->runController(Object(App\Modules\Standard\Controllers\Level))
 4 SYSTEMPATH\CodeIgniter.php(366): CodeIgniter\CodeIgniter->handleRequest(null, Object(Config\Cache), false)
 5 FCPATH\index.php(67): CodeIgniter\CodeIgniter->run()
CRITICAL - 2023-09-12 14:08:03 --> Undefined variable $id
in APPPATH\Modules\Standard\Controllers\Level.php on line 248.
 1 APPPATH\Modules\Standard\Controllers\Level.php(248): CodeIgniter\Debug\Exceptions->errorHandler(2, 'Undefined variable $id', 'D:\\xampp\\htdocs\\dfinest\\app\\Modules\\Standard\\Controllers\\Level.php', 248)
 2 SYSTEMPATH\CodeIgniter.php(932): App\Modules\Standard\Controllers\Level->pricing_load_data()
 3 SYSTEMPATH\CodeIgniter.php(497): CodeIgniter\CodeIgniter->runController(Object(App\Modules\Standard\Controllers\Level))
 4 SYSTEMPATH\CodeIgniter.php(366): CodeIgniter\CodeIgniter->handleRequest(null, Object(Config\Cache), false)
 5 FCPATH\index.php(67): CodeIgniter\CodeIgniter->run()
CRITICAL - 2023-09-12 14:08:46 --> Undefined variable $id
in APPPATH\Modules\Standard\Controllers\Level.php on line 248.
 1 APPPATH\Modules\Standard\Controllers\Level.php(248): CodeIgniter\Debug\Exceptions->errorHandler(2, 'Undefined variable $id', 'D:\\xampp\\htdocs\\dfinest\\app\\Modules\\Standard\\Controllers\\Level.php', 248)
 2 SYSTEMPATH\CodeIgniter.php(932): App\Modules\Standard\Controllers\Level->pricing_load_data()
 3 SYSTEMPATH\CodeIgniter.php(497): CodeIgniter\CodeIgniter->runController(Object(App\Modules\Standard\Controllers\Level))
 4 SYSTEMPATH\CodeIgniter.php(366): CodeIgniter\CodeIgniter->handleRequest(null, Object(Config\Cache), false)
 5 FCPATH\index.php(67): CodeIgniter\CodeIgniter->run()
CRITICAL - 2023-09-12 14:08:52 --> Undefined variable $id
in APPPATH\Modules\Standard\Controllers\Level.php on line 248.
 1 APPPATH\Modules\Standard\Controllers\Level.php(248): CodeIgniter\Debug\Exceptions->errorHandler(2, 'Undefined variable $id', 'D:\\xampp\\htdocs\\dfinest\\app\\Modules\\Standard\\Controllers\\Level.php', 248)
 2 SYSTEMPATH\CodeIgniter.php(932): App\Modules\Standard\Controllers\Level->pricing_load_data()
 3 SYSTEMPATH\CodeIgniter.php(497): CodeIgniter\CodeIgniter->runController(Object(App\Modules\Standard\Controllers\Level))
 4 SYSTEMPATH\CodeIgniter.php(366): CodeIgniter\CodeIgniter->handleRequest(null, Object(Config\Cache), false)
 5 FCPATH\index.php(67): CodeIgniter\CodeIgniter->run()
CRITICAL - 2023-09-12 14:11:56 --> foreach() argument must be of type array|object, null given
in APPPATH\Modules\Standard\Controllers\Level.php on line 273.
 1 APPPATH\Modules\Standard\Controllers\Level.php(273): CodeIgniter\Debug\Exceptions->errorHandler(2, 'foreach() argument must be of type array|object, null given', 'D:\\xampp\\htdocs\\dfinest\\app\\Modules\\Standard\\Controllers\\Level.php', 273)
 2 SYSTEMPATH\CodeIgniter.php(932): App\Modules\Standard\Controllers\Level->pricing_submit()
 3 SYSTEMPATH\CodeIgniter.php(497): CodeIgniter\CodeIgniter->runController(Object(App\Modules\Standard\Controllers\Level))
 4 SYSTEMPATH\CodeIgniter.php(366): CodeIgniter\CodeIgniter->handleRequest(null, Object(Config\Cache), false)
 5 FCPATH\index.php(67): CodeIgniter\CodeIgniter->run()
CRITICAL - 2023-09-12 14:18:38 --> Array to string conversion
in APPPATH\Modules\Standard\Views\level\load_pricing.php on line 7.
 1 APPPATH\Modules\Standard\Views\level\load_pricing.php(7): CodeIgniter\Debug\Exceptions->errorHandler(2, 'Array to string conversion', 'D:\\xampp\\htdocs\\dfinest\\app\\Modules\\Standard\\Views\\level\\load_pricing.php', 7)
 2 SYSTEMPATH\View\View.php(224): include('D:\\xampp\\htdocs\\dfinest\\app\\Modules\\Standard\\Views\\level\\load_pricing.php')
 3 SYSTEMPATH\View\View.php(227): CodeIgniter\View\View->CodeIgniter\View\{closure}()
 4 SYSTEMPATH\Common.php(1177): CodeIgniter\View\View->render('Modules\\Standard\\Views\\level\\load_pricing', [], true)
 5 APPPATH\Modules\Standard\Controllers\Level.php(263): view('Modules\\Standard\\Views\\level\\load_pricing', [...])
 6 SYSTEMPATH\CodeIgniter.php(932): App\Modules\Standard\Controllers\Level->pricing_load_data()
 7 SYSTEMPATH\CodeIgniter.php(497): CodeIgniter\CodeIgniter->runController(Object(App\Modules\Standard\Controllers\Level))
 8 SYSTEMPATH\CodeIgniter.php(366): CodeIgniter\CodeIgniter->handleRequest(null, Object(Config\Cache), false)
 9 FCPATH\index.php(67): CodeIgniter\CodeIgniter->run()
CRITICAL - 2023-09-12 14:26:34 --> number_format(): Argument #1 ($num) must be of type float, string given
in APPPATH\Helpers\general_helper.php on line 467.
 1 APPPATH\Helpers\general_helper.php(467): number_format('', 2)
 2 APPPATH\Modules\Standard\Views\customer\form.php(113): decimal_null('', 2)
 3 SYSTEMPATH\View\View.php(224): include('D:\\xampp\\htdocs\\dfinest\\app\\Modules\\Standard\\Views\\customer\\form.php')
 4 SYSTEMPATH\View\View.php(227): CodeIgniter\View\View->CodeIgniter\View\{closure}()
 5 SYSTEMPATH\Common.php(1177): CodeIgniter\View\View->render('Modules\\Standard\\Views\\customer\\form', [], true)
 6 APPPATH\Modules\Standard\Controllers\Customer.php(140): view('Modules\\Standard\\Views\\customer\\form', [...])
 7 SYSTEMPATH\CodeIgniter.php(932): App\Modules\Standard\Controllers\Customer->load_form()
 8 SYSTEMPATH\CodeIgniter.php(497): CodeIgniter\CodeIgniter->runController(Object(App\Modules\Standard\Controllers\Customer))
 9 SYSTEMPATH\CodeIgniter.php(366): CodeIgniter\CodeIgniter->handleRequest(null, Object(Config\Cache), false)
10 FCPATH\index.php(67): CodeIgniter\CodeIgniter->run()
CRITICAL - 2023-09-12 14:26:35 --> number_format(): Argument #1 ($num) must be of type float, string given
in APPPATH\Helpers\general_helper.php on line 467.
 1 APPPATH\Helpers\general_helper.php(467): number_format('', 2)
 2 APPPATH\Modules\Standard\Views\customer\form.php(113): decimal_null('', 2)
 3 SYSTEMPATH\View\View.php(224): include('D:\\xampp\\htdocs\\dfinest\\app\\Modules\\Standard\\Views\\customer\\form.php')
 4 SYSTEMPATH\View\View.php(227): CodeIgniter\View\View->CodeIgniter\View\{closure}()
 5 SYSTEMPATH\Common.php(1177): CodeIgniter\View\View->render('Modules\\Standard\\Views\\customer\\form', [], true)
 6 APPPATH\Modules\Standard\Controllers\Customer.php(140): view('Modules\\Standard\\Views\\customer\\form', [...])
 7 SYSTEMPATH\CodeIgniter.php(932): App\Modules\Standard\Controllers\Customer->load_form()
 8 SYSTEMPATH\CodeIgniter.php(497): CodeIgniter\CodeIgniter->runController(Object(App\Modules\Standard\Controllers\Customer))
 9 SYSTEMPATH\CodeIgniter.php(366): CodeIgniter\CodeIgniter->handleRequest(null, Object(Config\Cache), false)
10 FCPATH\index.php(67): CodeIgniter\CodeIgniter->run()
CRITICAL - 2023-09-12 14:26:42 --> number_format(): Argument #1 ($num) must be of type float, string given
in APPPATH\Helpers\general_helper.php on line 467.
 1 APPPATH\Helpers\general_helper.php(467): number_format('', 2)
 2 APPPATH\Modules\Standard\Views\customer\form.php(113): decimal_null('', 2)
 3 SYSTEMPATH\View\View.php(224): include('D:\\xampp\\htdocs\\dfinest\\app\\Modules\\Standard\\Views\\customer\\form.php')
 4 SYSTEMPATH\View\View.php(227): CodeIgniter\View\View->CodeIgniter\View\{closure}()
 5 SYSTEMPATH\Common.php(1177): CodeIgniter\View\View->render('Modules\\Standard\\Views\\customer\\form', [], true)
 6 APPPATH\Modules\Standard\Controllers\Customer.php(140): view('Modules\\Standard\\Views\\customer\\form', [...])
 7 SYSTEMPATH\CodeIgniter.php(932): App\Modules\Standard\Controllers\Customer->load_form()
 8 SYSTEMPATH\CodeIgniter.php(497): CodeIgniter\CodeIgniter->runController(Object(App\Modules\Standard\Controllers\Customer))
 9 SYSTEMPATH\CodeIgniter.php(366): CodeIgniter\CodeIgniter->handleRequest(null, Object(Config\Cache), false)
10 FCPATH\index.php(67): CodeIgniter\CodeIgniter->run()
CRITICAL - 2023-09-12 14:27:50 --> number_format(): Argument #1 ($num) must be of type float, string given
in APPPATH\Helpers\general_helper.php on line 467.
 1 APPPATH\Helpers\general_helper.php(467): number_format('', 2)
 2 APPPATH\Modules\Standard\Views\customer\form.php(113): decimal_null('', 2)
 3 SYSTEMPATH\View\View.php(224): include('D:\\xampp\\htdocs\\dfinest\\app\\Modules\\Standard\\Views\\customer\\form.php')
 4 SYSTEMPATH\View\View.php(227): CodeIgniter\View\View->CodeIgniter\View\{closure}()
 5 SYSTEMPATH\Common.php(1177): CodeIgniter\View\View->render('Modules\\Standard\\Views\\customer\\form', [], true)
 6 APPPATH\Modules\Standard\Controllers\Customer.php(140): view('Modules\\Standard\\Views\\customer\\form', [...])
 7 SYSTEMPATH\CodeIgniter.php(932): App\Modules\Standard\Controllers\Customer->load_form()
 8 SYSTEMPATH\CodeIgniter.php(497): CodeIgniter\CodeIgniter->runController(Object(App\Modules\Standard\Controllers\Customer))
 9 SYSTEMPATH\CodeIgniter.php(366): CodeIgniter\CodeIgniter->handleRequest(null, Object(Config\Cache), false)
10 FCPATH\index.php(67): CodeIgniter\CodeIgniter->run()
CRITICAL - 2023-09-12 14:28:21 --> Undefined array key "CLimit"
in APPPATH\Modules\Standard\Views\customer\form.php on line 113.
 1 APPPATH\Modules\Standard\Views\customer\form.php(113): CodeIgniter\Debug\Exceptions->errorHandler(2, 'Undefined array key "CLimit"', 'D:\\xampp\\htdocs\\dfinest\\app\\Modules\\Standard\\Views\\customer\\form.php', 113)
 2 SYSTEMPATH\View\View.php(224): include('D:\\xampp\\htdocs\\dfinest\\app\\Modules\\Standard\\Views\\customer\\form.php')
 3 SYSTEMPATH\View\View.php(227): CodeIgniter\View\View->CodeIgniter\View\{closure}()
 4 SYSTEMPATH\Common.php(1177): CodeIgniter\View\View->render('Modules\\Standard\\Views\\customer\\form', [], true)
 5 APPPATH\Modules\Standard\Controllers\Customer.php(140): view('Modules\\Standard\\Views\\customer\\form', [...])
 6 SYSTEMPATH\CodeIgniter.php(932): App\Modules\Standard\Controllers\Customer->load_form()
 7 SYSTEMPATH\CodeIgniter.php(497): CodeIgniter\CodeIgniter->runController(Object(App\Modules\Standard\Controllers\Customer))
 8 SYSTEMPATH\CodeIgniter.php(366): CodeIgniter\CodeIgniter->handleRequest(null, Object(Config\Cache), false)
 9 FCPATH\index.php(67): CodeIgniter\CodeIgniter->run()
CRITICAL - 2023-09-12 15:42:57 --> Undefined variable $page_url
in APPPATH\Modules\Standard\Views\shade\index.php on line 9.
 1 APPPATH\Modules\Standard\Views\shade\index.php(9): CodeIgniter\Debug\Exceptions->errorHandler(2, 'Undefined variable $page_url', 'D:\\xampp\\htdocs\\dfinest\\app\\Modules\\Standard\\Views\\shade\\index.php', 9)
 2 SYSTEMPATH\View\View.php(224): include('D:\\xampp\\htdocs\\dfinest\\app\\Modules\\Standard\\Views\\shade\\index.php')
 3 SYSTEMPATH\View\View.php(227): CodeIgniter\View\View->CodeIgniter\View\{closure}()
 4 SYSTEMPATH\Common.php(1177): CodeIgniter\View\View->render('Modules\\Standard\\Views\\shade\\index', [], true)
 5 APPPATH\Modules\Standard\Controllers\Ftype.php(213): view('Modules\\Standard\\Views\\shade\\index', [...])
 6 SYSTEMPATH\CodeIgniter.php(932): App\Modules\Standard\Controllers\Ftype->shade()
 7 SYSTEMPATH\CodeIgniter.php(497): CodeIgniter\CodeIgniter->runController(Object(App\Modules\Standard\Controllers\Ftype))
 8 SYSTEMPATH\CodeIgniter.php(366): CodeIgniter\CodeIgniter->handleRequest(null, Object(Config\Cache), false)
 9 FCPATH\index.php(67): CodeIgniter\CodeIgniter->run()
CRITICAL - 2023-09-12 15:43:01 --> Undefined variable $page_url
in APPPATH\Modules\Standard\Views\shade\index.php on line 9.
 1 APPPATH\Modules\Standard\Views\shade\index.php(9): CodeIgniter\Debug\Exceptions->errorHandler(2, 'Undefined variable $page_url', 'D:\\xampp\\htdocs\\dfinest\\app\\Modules\\Standard\\Views\\shade\\index.php', 9)
 2 SYSTEMPATH\View\View.php(224): include('D:\\xampp\\htdocs\\dfinest\\app\\Modules\\Standard\\Views\\shade\\index.php')
 3 SYSTEMPATH\View\View.php(227): CodeIgniter\View\View->CodeIgniter\View\{closure}()
 4 SYSTEMPATH\Common.php(1177): CodeIgniter\View\View->render('Modules\\Standard\\Views\\shade\\index', [], true)
 5 APPPATH\Modules\Standard\Controllers\Ftype.php(213): view('Modules\\Standard\\Views\\shade\\index', [...])
 6 SYSTEMPATH\CodeIgniter.php(932): App\Modules\Standard\Controllers\Ftype->shade()
 7 SYSTEMPATH\CodeIgniter.php(497): CodeIgniter\CodeIgniter->runController(Object(App\Modules\Standard\Controllers\Ftype))
 8 SYSTEMPATH\CodeIgniter.php(366): CodeIgniter\CodeIgniter->handleRequest(null, Object(Config\Cache), false)
 9 FCPATH\index.php(67): CodeIgniter\CodeIgniter->run()
CRITICAL - 2023-09-12 15:43:02 --> Undefined variable $page_url
in APPPATH\Modules\Standard\Views\shade\index.php on line 9.
 1 APPPATH\Modules\Standard\Views\shade\index.php(9): CodeIgniter\Debug\Exceptions->errorHandler(2, 'Undefined variable $page_url', 'D:\\xampp\\htdocs\\dfinest\\app\\Modules\\Standard\\Views\\shade\\index.php', 9)
 2 SYSTEMPATH\View\View.php(224): include('D:\\xampp\\htdocs\\dfinest\\app\\Modules\\Standard\\Views\\shade\\index.php')
 3 SYSTEMPATH\View\View.php(227): CodeIgniter\View\View->CodeIgniter\View\{closure}()
 4 SYSTEMPATH\Common.php(1177): CodeIgniter\View\View->render('Modules\\Standard\\Views\\shade\\index', [], true)
 5 APPPATH\Modules\Standard\Controllers\Ftype.php(213): view('Modules\\Standard\\Views\\shade\\index', [...])
 6 SYSTEMPATH\CodeIgniter.php(932): App\Modules\Standard\Controllers\Ftype->shade()
 7 SYSTEMPATH\CodeIgniter.php(497): CodeIgniter\CodeIgniter->runController(Object(App\Modules\Standard\Controllers\Ftype))
 8 SYSTEMPATH\CodeIgniter.php(366): CodeIgniter\CodeIgniter->handleRequest(null, Object(Config\Cache), false)
 9 FCPATH\index.php(67): CodeIgniter\CodeIgniter->run()
