CRITICAL - 2023-08-30 11:30:29 --> Call to undefined function get_instance()
in APPPATH\Helpers\general_helper.php on line 27.
 1 APPPATH\Views\inc-footer.php(139): get_lang()
 2 SYSTEMPATH\View\View.php(224): include('D:\\xampp\\htdocs\\dfinest\\app\\Views\\inc-footer.php')
 3 SYSTEMPATH\View\View.php(227): CodeIgniter\View\View->CodeIgniter\View\{closure}()
 4 SYSTEMPATH\Common.php(1177): CodeIgniter\View\View->render('inc-footer', [], true)
 5 APPPATH\Modules\Standard\Controllers\Customer.php(55): view('inc-footer', [...])
 6 SYSTEMPATH\CodeIgniter.php(932): App\Modules\Standard\Controllers\Customer->index()
 7 SYSTEMPATH\CodeIgniter.php(497): CodeIgniter\CodeIgniter->runController(Object(App\Modules\Standard\Controllers\Customer))
 8 SYSTEMPATH\CodeIgniter.php(366): CodeIgniter\CodeIgniter->handleRequest(null, Object(Config\Cache), false)
 9 FCPATH\index.php(67): CodeIgniter\CodeIgniter->run()
CRITICAL - 2023-08-30 11:30:59 --> Call to undefined function get_instance()
in APPPATH\Helpers\general_helper.php on line 27.
 1 APPPATH\Views\inc-footer.php(139): get_lang()
 2 SYSTEMPATH\View\View.php(224): include('D:\\xampp\\htdocs\\dfinest\\app\\Views\\inc-footer.php')
 3 SYSTEMPATH\View\View.php(227): CodeIgniter\View\View->CodeIgniter\View\{closure}()
 4 SYSTEMPATH\Common.php(1177): CodeIgniter\View\View->render('inc-footer', [], true)
 5 APPPATH\Modules\Standard\Controllers\Customer.php(55): view('inc-footer', [...])
 6 SYSTEMPATH\CodeIgniter.php(932): App\Modules\Standard\Controllers\Customer->index()
 7 SYSTEMPATH\CodeIgniter.php(497): CodeIgniter\CodeIgniter->runController(Object(App\Modules\Standard\Controllers\Customer))
 8 SYSTEMPATH\CodeIgniter.php(366): CodeIgniter\CodeIgniter->handleRequest(null, Object(Config\Cache), false)
 9 FCPATH\index.php(67): CodeIgniter\CodeIgniter->run()
CRITICAL - 2023-08-30 11:31:13 --> Call to undefined function get_instance()
in APPPATH\Helpers\general_helper.php on line 27.
 1 APPPATH\Views\inc-footer.php(139): get_lang()
 2 SYSTEMPATH\View\View.php(224): include('D:\\xampp\\htdocs\\dfinest\\app\\Views\\inc-footer.php')
 3 SYSTEMPATH\View\View.php(227): CodeIgniter\View\View->CodeIgniter\View\{closure}()
 4 SYSTEMPATH\Common.php(1177): CodeIgniter\View\View->render('inc-footer', [], true)
 5 APPPATH\Modules\Standard\Controllers\Customer.php(55): view('inc-footer', [...])
 6 SYSTEMPATH\CodeIgniter.php(932): App\Modules\Standard\Controllers\Customer->index()
 7 SYSTEMPATH\CodeIgniter.php(497): CodeIgniter\CodeIgniter->runController(Object(App\Modules\Standard\Controllers\Customer))
 8 SYSTEMPATH\CodeIgniter.php(366): CodeIgniter\CodeIgniter->handleRequest(null, Object(Config\Cache), false)
 9 FCPATH\index.php(67): CodeIgniter\CodeIgniter->run()
CRITICAL - 2023-08-30 12:31:42 --> Undefined property: CodeIgniter\View\View::$session
in APPPATH\Views\inc-footer.php on line 139.
 1 APPPATH\Views\inc-footer.php(139): CodeIgniter\Debug\Exceptions->errorHandler(2, 'Undefined property: CodeIgniter\\View\\View::$session', 'D:\\xampp\\htdocs\\dfinest\\app\\Views\\inc-footer.php', 139)
 2 SYSTEMPATH\View\View.php(224): include('D:\\xampp\\htdocs\\dfinest\\app\\Views\\inc-footer.php')
 3 SYSTEMPATH\View\View.php(227): CodeIgniter\View\View->CodeIgniter\View\{closure}()
 4 SYSTEMPATH\Common.php(1177): CodeIgniter\View\View->render('inc-footer', [], true)
 5 APPPATH\Modules\Standard\Controllers\Customer.php(55): view('inc-footer', [...])
 6 SYSTEMPATH\CodeIgniter.php(932): App\Modules\Standard\Controllers\Customer->index()
 7 SYSTEMPATH\CodeIgniter.php(497): CodeIgniter\CodeIgniter->runController(Object(App\Modules\Standard\Controllers\Customer))
 8 SYSTEMPATH\CodeIgniter.php(366): CodeIgniter\CodeIgniter->handleRequest(null, Object(Config\Cache), false)
 9 FCPATH\index.php(67): CodeIgniter\CodeIgniter->run()
CRITICAL - 2023-08-30 13:20:17 --> Undefined property: CodeIgniter\View\View::$session
in APPPATH\Views\inc-footer.php on line 139.
 1 APPPATH\Views\inc-footer.php(139): CodeIgniter\Debug\Exceptions->errorHandler(2, 'Undefined property: CodeIgniter\\View\\View::$session', 'D:\\xampp\\htdocs\\dfinest\\app\\Views\\inc-footer.php', 139)
 2 SYSTEMPATH\View\View.php(224): include('D:\\xampp\\htdocs\\dfinest\\app\\Views\\inc-footer.php')
 3 SYSTEMPATH\View\View.php(227): CodeIgniter\View\View->CodeIgniter\View\{closure}()
 4 SYSTEMPATH\Common.php(1177): CodeIgniter\View\View->render('inc-footer', [], true)
 5 APPPATH\Modules\Standard\Controllers\Customer.php(55): view('inc-footer', [...])
 6 SYSTEMPATH\CodeIgniter.php(932): App\Modules\Standard\Controllers\Customer->index()
 7 SYSTEMPATH\CodeIgniter.php(497): CodeIgniter\CodeIgniter->runController(Object(App\Modules\Standard\Controllers\Customer))
 8 SYSTEMPATH\CodeIgniter.php(366): CodeIgniter\CodeIgniter->handleRequest(null, Object(Config\Cache), false)
 9 FCPATH\index.php(67): CodeIgniter\CodeIgniter->run()
CRITICAL - 2023-08-30 13:58:25 --> Undefined constant "App\Models\customer_type"
in APPPATH\Models\MainModel.php on line 107.
 1 APPPATH\Modules\Standard\Controllers\Customer.php(54): App\Models\MainModel->get_ctype_list(1)
 2 SYSTEMPATH\CodeIgniter.php(932): App\Modules\Standard\Controllers\Customer->index()
 3 SYSTEMPATH\CodeIgniter.php(497): CodeIgniter\CodeIgniter->runController(Object(App\Modules\Standard\Controllers\Customer))
 4 SYSTEMPATH\CodeIgniter.php(366): CodeIgniter\CodeIgniter->handleRequest(null, Object(Config\Cache), false)
 5 FCPATH\index.php(67): CodeIgniter\CodeIgniter->run()
CRITICAL - 2023-08-30 15:07:27 --> CodeIgniter\Language\Language::requireFile(): Return value must be of type array, int returned
in SYSTEMPATH\Language\Language.php on line 262.
 1 SYSTEMPATH\Language\Language.php(223): CodeIgniter\Language\Language->requireFile('Language/en/button_lang.php')
 2 SYSTEMPATH\Language\Language.php(164): CodeIgniter\Language\Language->load('button_lang', 'en')
 3 SYSTEMPATH\Language\Language.php(99): CodeIgniter\Language\Language->parseLine('edit', 'en')
 4 SYSTEMPATH\Common.php(769): CodeIgniter\Language\Language->getLine('button_lang.edit', [])
 5 APPPATH\Modules\Standard\Views\customer\data.php(35): lang('button_lang.edit')
 6 SYSTEMPATH\View\View.php(224): include('D:\\xampp\\htdocs\\dfinest\\app\\Modules\\Standard\\Views\\customer\\data.php')
 7 SYSTEMPATH\View\View.php(227): CodeIgniter\View\View->CodeIgniter\View\{closure}()
 8 SYSTEMPATH\Common.php(1177): CodeIgniter\View\View->render('Modules\\Standard\\Views\\customer\\data', [], true)
 9 APPPATH\Modules\Standard\Controllers\Customer.php(93): view('Modules\\Standard\\Views\\customer\\data', [...])
10 SYSTEMPATH\CodeIgniter.php(932): App\Modules\Standard\Controllers\Customer->load_data()
11 SYSTEMPATH\CodeIgniter.php(497): CodeIgniter\CodeIgniter->runController(Object(App\Modules\Standard\Controllers\Customer))
12 SYSTEMPATH\CodeIgniter.php(366): CodeIgniter\CodeIgniter->handleRequest(null, Object(Config\Cache), false)
13 FCPATH\index.php(67): CodeIgniter\CodeIgniter->run()
CRITICAL - 2023-08-30 15:07:29 --> CodeIgniter\Language\Language::requireFile(): Return value must be of type array, int returned
in SYSTEMPATH\Language\Language.php on line 262.
 1 SYSTEMPATH\Language\Language.php(223): CodeIgniter\Language\Language->requireFile('Language/en/button_lang.php')
 2 SYSTEMPATH\Language\Language.php(164): CodeIgniter\Language\Language->load('button_lang', 'en')
 3 SYSTEMPATH\Language\Language.php(99): CodeIgniter\Language\Language->parseLine('edit', 'en')
 4 SYSTEMPATH\Common.php(769): CodeIgniter\Language\Language->getLine('button_lang.edit', [])
 5 APPPATH\Modules\Standard\Views\customer\data.php(35): lang('button_lang.edit')
 6 SYSTEMPATH\View\View.php(224): include('D:\\xampp\\htdocs\\dfinest\\app\\Modules\\Standard\\Views\\customer\\data.php')
 7 SYSTEMPATH\View\View.php(227): CodeIgniter\View\View->CodeIgniter\View\{closure}()
 8 SYSTEMPATH\Common.php(1177): CodeIgniter\View\View->render('Modules\\Standard\\Views\\customer\\data', [], true)
 9 APPPATH\Modules\Standard\Controllers\Customer.php(93): view('Modules\\Standard\\Views\\customer\\data', [...])
10 SYSTEMPATH\CodeIgniter.php(932): App\Modules\Standard\Controllers\Customer->load_data()
11 SYSTEMPATH\CodeIgniter.php(497): CodeIgniter\CodeIgniter->runController(Object(App\Modules\Standard\Controllers\Customer))
12 SYSTEMPATH\CodeIgniter.php(366): CodeIgniter\CodeIgniter->handleRequest(null, Object(Config\Cache), false)
13 FCPATH\index.php(67): CodeIgniter\CodeIgniter->run()
CRITICAL - 2023-08-30 15:07:30 --> CodeIgniter\Language\Language::requireFile(): Return value must be of type array, int returned
in SYSTEMPATH\Language\Language.php on line 262.
 1 SYSTEMPATH\Language\Language.php(223): CodeIgniter\Language\Language->requireFile('Language/en/button_lang.php')
 2 SYSTEMPATH\Language\Language.php(164): CodeIgniter\Language\Language->load('button_lang', 'en')
 3 SYSTEMPATH\Language\Language.php(99): CodeIgniter\Language\Language->parseLine('edit', 'en')
 4 SYSTEMPATH\Common.php(769): CodeIgniter\Language\Language->getLine('button_lang.edit', [])
 5 APPPATH\Modules\Standard\Views\customer\data.php(35): lang('button_lang.edit')
 6 SYSTEMPATH\View\View.php(224): include('D:\\xampp\\htdocs\\dfinest\\app\\Modules\\Standard\\Views\\customer\\data.php')
 7 SYSTEMPATH\View\View.php(227): CodeIgniter\View\View->CodeIgniter\View\{closure}()
 8 SYSTEMPATH\Common.php(1177): CodeIgniter\View\View->render('Modules\\Standard\\Views\\customer\\data', [], true)
 9 APPPATH\Modules\Standard\Controllers\Customer.php(93): view('Modules\\Standard\\Views\\customer\\data', [...])
10 SYSTEMPATH\CodeIgniter.php(932): App\Modules\Standard\Controllers\Customer->load_data()
11 SYSTEMPATH\CodeIgniter.php(497): CodeIgniter\CodeIgniter->runController(Object(App\Modules\Standard\Controllers\Customer))
12 SYSTEMPATH\CodeIgniter.php(366): CodeIgniter\CodeIgniter->handleRequest(null, Object(Config\Cache), false)
13 FCPATH\index.php(67): CodeIgniter\CodeIgniter->run()
CRITICAL - 2023-08-30 18:57:45 --> Undefined variable $search
in APPPATH\Modules\Standard\Views\customer\search.php on line 3.
 1 APPPATH\Modules\Standard\Views\customer\search.php(3): CodeIgniter\Debug\Exceptions->errorHandler(2, 'Undefined variable $search', 'D:\\xampp\\htdocs\\dfinest\\app\\Modules\\Standard\\Views\\customer\\search.php', 3)
 2 SYSTEMPATH\View\View.php(224): include('D:\\xampp\\htdocs\\dfinest\\app\\Modules\\Standard\\Views\\customer\\search.php')
 3 SYSTEMPATH\View\View.php(227): CodeIgniter\View\View->CodeIgniter\View\{closure}()
 4 SYSTEMPATH\Common.php(1177): CodeIgniter\View\View->render('Modules\\Standard\\Views\\customer\\search', [], true)
 5 APPPATH\Modules\Standard\Controllers\Customer.php(100): view('Modules\\Standard\\Views\\customer\\search', [...])
 6 SYSTEMPATH\CodeIgniter.php(932): App\Modules\Standard\Controllers\Customer->load_form_search()
 7 SYSTEMPATH\CodeIgniter.php(497): CodeIgniter\CodeIgniter->runController(Object(App\Modules\Standard\Controllers\Customer))
 8 SYSTEMPATH\CodeIgniter.php(366): CodeIgniter\CodeIgniter->handleRequest(null, Object(Config\Cache), false)
 9 FCPATH\index.php(67): CodeIgniter\CodeIgniter->run()
CRITICAL - 2023-08-30 18:57:46 --> Undefined variable $search
in APPPATH\Modules\Standard\Views\customer\search.php on line 3.
 1 APPPATH\Modules\Standard\Views\customer\search.php(3): CodeIgniter\Debug\Exceptions->errorHandler(2, 'Undefined variable $search', 'D:\\xampp\\htdocs\\dfinest\\app\\Modules\\Standard\\Views\\customer\\search.php', 3)
 2 SYSTEMPATH\View\View.php(224): include('D:\\xampp\\htdocs\\dfinest\\app\\Modules\\Standard\\Views\\customer\\search.php')
 3 SYSTEMPATH\View\View.php(227): CodeIgniter\View\View->CodeIgniter\View\{closure}()
 4 SYSTEMPATH\Common.php(1177): CodeIgniter\View\View->render('Modules\\Standard\\Views\\customer\\search', [], true)
 5 APPPATH\Modules\Standard\Controllers\Customer.php(100): view('Modules\\Standard\\Views\\customer\\search', [...])
 6 SYSTEMPATH\CodeIgniter.php(932): App\Modules\Standard\Controllers\Customer->load_form_search()
 7 SYSTEMPATH\CodeIgniter.php(497): CodeIgniter\CodeIgniter->runController(Object(App\Modules\Standard\Controllers\Customer))
 8 SYSTEMPATH\CodeIgniter.php(366): CodeIgniter\CodeIgniter->handleRequest(null, Object(Config\Cache), false)
 9 FCPATH\index.php(67): CodeIgniter\CodeIgniter->run()
CRITICAL - 2023-08-30 19:19:44 --> Undefined variable $search
in APPPATH\Modules\Standard\Views\customer\search.php on line 3.
 1 APPPATH\Modules\Standard\Views\customer\search.php(3): CodeIgniter\Debug\Exceptions->errorHandler(2, 'Undefined variable $search', 'D:\\xampp\\htdocs\\dfinest\\app\\Modules\\Standard\\Views\\customer\\search.php', 3)
 2 SYSTEMPATH\View\View.php(224): include('D:\\xampp\\htdocs\\dfinest\\app\\Modules\\Standard\\Views\\customer\\search.php')
 3 SYSTEMPATH\View\View.php(227): CodeIgniter\View\View->CodeIgniter\View\{closure}()
 4 SYSTEMPATH\Common.php(1177): CodeIgniter\View\View->render('Modules\\Standard\\Views\\customer\\search', [], true)
 5 APPPATH\Modules\Standard\Controllers\Customer.php(100): view('Modules\\Standard\\Views\\customer\\search', [...])
 6 SYSTEMPATH\CodeIgniter.php(932): App\Modules\Standard\Controllers\Customer->load_form_search()
 7 SYSTEMPATH\CodeIgniter.php(497): CodeIgniter\CodeIgniter->runController(Object(App\Modules\Standard\Controllers\Customer))
 8 SYSTEMPATH\CodeIgniter.php(366): CodeIgniter\CodeIgniter->handleRequest(null, Object(Config\Cache), false)
 9 FCPATH\index.php(67): CodeIgniter\CodeIgniter->run()
CRITICAL - 2023-08-30 19:19:46 --> Undefined variable $search
in APPPATH\Modules\Standard\Views\customer\search.php on line 3.
 1 APPPATH\Modules\Standard\Views\customer\search.php(3): CodeIgniter\Debug\Exceptions->errorHandler(2, 'Undefined variable $search', 'D:\\xampp\\htdocs\\dfinest\\app\\Modules\\Standard\\Views\\customer\\search.php', 3)
 2 SYSTEMPATH\View\View.php(224): include('D:\\xampp\\htdocs\\dfinest\\app\\Modules\\Standard\\Views\\customer\\search.php')
 3 SYSTEMPATH\View\View.php(227): CodeIgniter\View\View->CodeIgniter\View\{closure}()
 4 SYSTEMPATH\Common.php(1177): CodeIgniter\View\View->render('Modules\\Standard\\Views\\customer\\search', [], true)
 5 APPPATH\Modules\Standard\Controllers\Customer.php(100): view('Modules\\Standard\\Views\\customer\\search', [...])
 6 SYSTEMPATH\CodeIgniter.php(932): App\Modules\Standard\Controllers\Customer->load_form_search()
 7 SYSTEMPATH\CodeIgniter.php(497): CodeIgniter\CodeIgniter->runController(Object(App\Modules\Standard\Controllers\Customer))
 8 SYSTEMPATH\CodeIgniter.php(366): CodeIgniter\CodeIgniter->handleRequest(null, Object(Config\Cache), false)
 9 FCPATH\index.php(67): CodeIgniter\CodeIgniter->run()
CRITICAL - 2023-08-30 19:19:46 --> Undefined variable $search
in APPPATH\Modules\Standard\Views\customer\search.php on line 3.
 1 APPPATH\Modules\Standard\Views\customer\search.php(3): CodeIgniter\Debug\Exceptions->errorHandler(2, 'Undefined variable $search', 'D:\\xampp\\htdocs\\dfinest\\app\\Modules\\Standard\\Views\\customer\\search.php', 3)
 2 SYSTEMPATH\View\View.php(224): include('D:\\xampp\\htdocs\\dfinest\\app\\Modules\\Standard\\Views\\customer\\search.php')
 3 SYSTEMPATH\View\View.php(227): CodeIgniter\View\View->CodeIgniter\View\{closure}()
 4 SYSTEMPATH\Common.php(1177): CodeIgniter\View\View->render('Modules\\Standard\\Views\\customer\\search', [], true)
 5 APPPATH\Modules\Standard\Controllers\Customer.php(100): view('Modules\\Standard\\Views\\customer\\search', [...])
 6 SYSTEMPATH\CodeIgniter.php(932): App\Modules\Standard\Controllers\Customer->load_form_search()
 7 SYSTEMPATH\CodeIgniter.php(497): CodeIgniter\CodeIgniter->runController(Object(App\Modules\Standard\Controllers\Customer))
 8 SYSTEMPATH\CodeIgniter.php(366): CodeIgniter\CodeIgniter->handleRequest(null, Object(Config\Cache), false)
 9 FCPATH\index.php(67): CodeIgniter\CodeIgniter->run()
CRITICAL - 2023-08-30 19:19:50 --> Undefined variable $search
in APPPATH\Modules\Standard\Views\customer\search.php on line 3.
 1 APPPATH\Modules\Standard\Views\customer\search.php(3): CodeIgniter\Debug\Exceptions->errorHandler(2, 'Undefined variable $search', 'D:\\xampp\\htdocs\\dfinest\\app\\Modules\\Standard\\Views\\customer\\search.php', 3)
 2 SYSTEMPATH\View\View.php(224): include('D:\\xampp\\htdocs\\dfinest\\app\\Modules\\Standard\\Views\\customer\\search.php')
 3 SYSTEMPATH\View\View.php(227): CodeIgniter\View\View->CodeIgniter\View\{closure}()
 4 SYSTEMPATH\Common.php(1177): CodeIgniter\View\View->render('Modules\\Standard\\Views\\customer\\search', [], true)
 5 APPPATH\Modules\Standard\Controllers\Customer.php(100): view('Modules\\Standard\\Views\\customer\\search', [...])
 6 SYSTEMPATH\CodeIgniter.php(932): App\Modules\Standard\Controllers\Customer->load_form_search()
 7 SYSTEMPATH\CodeIgniter.php(497): CodeIgniter\CodeIgniter->runController(Object(App\Modules\Standard\Controllers\Customer))
 8 SYSTEMPATH\CodeIgniter.php(366): CodeIgniter\CodeIgniter->handleRequest(null, Object(Config\Cache), false)
 9 FCPATH\index.php(67): CodeIgniter\CodeIgniter->run()
CRITICAL - 2023-08-30 19:19:51 --> Undefined variable $search
in APPPATH\Modules\Standard\Views\customer\search.php on line 3.
 1 APPPATH\Modules\Standard\Views\customer\search.php(3): CodeIgniter\Debug\Exceptions->errorHandler(2, 'Undefined variable $search', 'D:\\xampp\\htdocs\\dfinest\\app\\Modules\\Standard\\Views\\customer\\search.php', 3)
 2 SYSTEMPATH\View\View.php(224): include('D:\\xampp\\htdocs\\dfinest\\app\\Modules\\Standard\\Views\\customer\\search.php')
 3 SYSTEMPATH\View\View.php(227): CodeIgniter\View\View->CodeIgniter\View\{closure}()
 4 SYSTEMPATH\Common.php(1177): CodeIgniter\View\View->render('Modules\\Standard\\Views\\customer\\search', [], true)
 5 APPPATH\Modules\Standard\Controllers\Customer.php(100): view('Modules\\Standard\\Views\\customer\\search', [...])
 6 SYSTEMPATH\CodeIgniter.php(932): App\Modules\Standard\Controllers\Customer->load_form_search()
 7 SYSTEMPATH\CodeIgniter.php(497): CodeIgniter\CodeIgniter->runController(Object(App\Modules\Standard\Controllers\Customer))
 8 SYSTEMPATH\CodeIgniter.php(366): CodeIgniter\CodeIgniter->handleRequest(null, Object(Config\Cache), false)
 9 FCPATH\index.php(67): CodeIgniter\CodeIgniter->run()
CRITICAL - 2023-08-30 19:19:51 --> Undefined variable $search
in APPPATH\Modules\Standard\Views\customer\search.php on line 3.
 1 APPPATH\Modules\Standard\Views\customer\search.php(3): CodeIgniter\Debug\Exceptions->errorHandler(2, 'Undefined variable $search', 'D:\\xampp\\htdocs\\dfinest\\app\\Modules\\Standard\\Views\\customer\\search.php', 3)
 2 SYSTEMPATH\View\View.php(224): include('D:\\xampp\\htdocs\\dfinest\\app\\Modules\\Standard\\Views\\customer\\search.php')
 3 SYSTEMPATH\View\View.php(227): CodeIgniter\View\View->CodeIgniter\View\{closure}()
 4 SYSTEMPATH\Common.php(1177): CodeIgniter\View\View->render('Modules\\Standard\\Views\\customer\\search', [], true)
 5 APPPATH\Modules\Standard\Controllers\Customer.php(100): view('Modules\\Standard\\Views\\customer\\search', [...])
 6 SYSTEMPATH\CodeIgniter.php(932): App\Modules\Standard\Controllers\Customer->load_form_search()
 7 SYSTEMPATH\CodeIgniter.php(497): CodeIgniter\CodeIgniter->runController(Object(App\Modules\Standard\Controllers\Customer))
 8 SYSTEMPATH\CodeIgniter.php(366): CodeIgniter\CodeIgniter->handleRequest(null, Object(Config\Cache), false)
 9 FCPATH\index.php(67): CodeIgniter\CodeIgniter->run()
CRITICAL - 2023-08-30 19:19:51 --> Undefined variable $search
in APPPATH\Modules\Standard\Views\customer\search.php on line 3.
 1 APPPATH\Modules\Standard\Views\customer\search.php(3): CodeIgniter\Debug\Exceptions->errorHandler(2, 'Undefined variable $search', 'D:\\xampp\\htdocs\\dfinest\\app\\Modules\\Standard\\Views\\customer\\search.php', 3)
 2 SYSTEMPATH\View\View.php(224): include('D:\\xampp\\htdocs\\dfinest\\app\\Modules\\Standard\\Views\\customer\\search.php')
 3 SYSTEMPATH\View\View.php(227): CodeIgniter\View\View->CodeIgniter\View\{closure}()
 4 SYSTEMPATH\Common.php(1177): CodeIgniter\View\View->render('Modules\\Standard\\Views\\customer\\search', [], true)
 5 APPPATH\Modules\Standard\Controllers\Customer.php(100): view('Modules\\Standard\\Views\\customer\\search', [...])
 6 SYSTEMPATH\CodeIgniter.php(932): App\Modules\Standard\Controllers\Customer->load_form_search()
 7 SYSTEMPATH\CodeIgniter.php(497): CodeIgniter\CodeIgniter->runController(Object(App\Modules\Standard\Controllers\Customer))
 8 SYSTEMPATH\CodeIgniter.php(366): CodeIgniter\CodeIgniter->handleRequest(null, Object(Config\Cache), false)
 9 FCPATH\index.php(67): CodeIgniter\CodeIgniter->run()
CRITICAL - 2023-08-30 19:20:12 --> Undefined variable $search
in APPPATH\Modules\Standard\Views\customer\search.php on line 3.
 1 APPPATH\Modules\Standard\Views\customer\search.php(3): CodeIgniter\Debug\Exceptions->errorHandler(2, 'Undefined variable $search', 'D:\\xampp\\htdocs\\dfinest\\app\\Modules\\Standard\\Views\\customer\\search.php', 3)
 2 SYSTEMPATH\View\View.php(224): include('D:\\xampp\\htdocs\\dfinest\\app\\Modules\\Standard\\Views\\customer\\search.php')
 3 SYSTEMPATH\View\View.php(227): CodeIgniter\View\View->CodeIgniter\View\{closure}()
 4 SYSTEMPATH\Common.php(1177): CodeIgniter\View\View->render('Modules\\Standard\\Views\\customer\\search', [], true)
 5 APPPATH\Modules\Standard\Controllers\Customer.php(100): view('Modules\\Standard\\Views\\customer\\search', [...])
 6 SYSTEMPATH\CodeIgniter.php(932): App\Modules\Standard\Controllers\Customer->load_form_search()
 7 SYSTEMPATH\CodeIgniter.php(497): CodeIgniter\CodeIgniter->runController(Object(App\Modules\Standard\Controllers\Customer))
 8 SYSTEMPATH\CodeIgniter.php(366): CodeIgniter\CodeIgniter->handleRequest(null, Object(Config\Cache), false)
 9 FCPATH\index.php(67): CodeIgniter\CodeIgniter->run()
CRITICAL - 2023-08-30 19:20:13 --> Undefined variable $search
in APPPATH\Modules\Standard\Views\customer\search.php on line 3.
 1 APPPATH\Modules\Standard\Views\customer\search.php(3): CodeIgniter\Debug\Exceptions->errorHandler(2, 'Undefined variable $search', 'D:\\xampp\\htdocs\\dfinest\\app\\Modules\\Standard\\Views\\customer\\search.php', 3)
 2 SYSTEMPATH\View\View.php(224): include('D:\\xampp\\htdocs\\dfinest\\app\\Modules\\Standard\\Views\\customer\\search.php')
 3 SYSTEMPATH\View\View.php(227): CodeIgniter\View\View->CodeIgniter\View\{closure}()
 4 SYSTEMPATH\Common.php(1177): CodeIgniter\View\View->render('Modules\\Standard\\Views\\customer\\search', [], true)
 5 APPPATH\Modules\Standard\Controllers\Customer.php(100): view('Modules\\Standard\\Views\\customer\\search', [...])
 6 SYSTEMPATH\CodeIgniter.php(932): App\Modules\Standard\Controllers\Customer->load_form_search()
 7 SYSTEMPATH\CodeIgniter.php(497): CodeIgniter\CodeIgniter->runController(Object(App\Modules\Standard\Controllers\Customer))
 8 SYSTEMPATH\CodeIgniter.php(366): CodeIgniter\CodeIgniter->handleRequest(null, Object(Config\Cache), false)
 9 FCPATH\index.php(67): CodeIgniter\CodeIgniter->run()
CRITICAL - 2023-08-30 19:20:13 --> Undefined variable $search
in APPPATH\Modules\Standard\Views\customer\search.php on line 3.
 1 APPPATH\Modules\Standard\Views\customer\search.php(3): CodeIgniter\Debug\Exceptions->errorHandler(2, 'Undefined variable $search', 'D:\\xampp\\htdocs\\dfinest\\app\\Modules\\Standard\\Views\\customer\\search.php', 3)
 2 SYSTEMPATH\View\View.php(224): include('D:\\xampp\\htdocs\\dfinest\\app\\Modules\\Standard\\Views\\customer\\search.php')
 3 SYSTEMPATH\View\View.php(227): CodeIgniter\View\View->CodeIgniter\View\{closure}()
 4 SYSTEMPATH\Common.php(1177): CodeIgniter\View\View->render('Modules\\Standard\\Views\\customer\\search', [], true)
 5 APPPATH\Modules\Standard\Controllers\Customer.php(100): view('Modules\\Standard\\Views\\customer\\search', [...])
 6 SYSTEMPATH\CodeIgniter.php(932): App\Modules\Standard\Controllers\Customer->load_form_search()
 7 SYSTEMPATH\CodeIgniter.php(497): CodeIgniter\CodeIgniter->runController(Object(App\Modules\Standard\Controllers\Customer))
 8 SYSTEMPATH\CodeIgniter.php(366): CodeIgniter\CodeIgniter->handleRequest(null, Object(Config\Cache), false)
 9 FCPATH\index.php(67): CodeIgniter\CodeIgniter->run()
CRITICAL - 2023-08-30 19:20:35 --> Undefined variable $search
in APPPATH\Modules\Standard\Views\customer\search.php on line 3.
 1 APPPATH\Modules\Standard\Views\customer\search.php(3): CodeIgniter\Debug\Exceptions->errorHandler(2, 'Undefined variable $search', 'D:\\xampp\\htdocs\\dfinest\\app\\Modules\\Standard\\Views\\customer\\search.php', 3)
 2 SYSTEMPATH\View\View.php(224): include('D:\\xampp\\htdocs\\dfinest\\app\\Modules\\Standard\\Views\\customer\\search.php')
 3 SYSTEMPATH\View\View.php(227): CodeIgniter\View\View->CodeIgniter\View\{closure}()
 4 SYSTEMPATH\Common.php(1177): CodeIgniter\View\View->render('Modules\\Standard\\Views\\customer\\search', [], true)
 5 APPPATH\Modules\Standard\Controllers\Customer.php(100): view('Modules\\Standard\\Views\\customer\\search', [...])
 6 SYSTEMPATH\CodeIgniter.php(932): App\Modules\Standard\Controllers\Customer->load_form_search()
 7 SYSTEMPATH\CodeIgniter.php(497): CodeIgniter\CodeIgniter->runController(Object(App\Modules\Standard\Controllers\Customer))
 8 SYSTEMPATH\CodeIgniter.php(366): CodeIgniter\CodeIgniter->handleRequest(null, Object(Config\Cache), false)
 9 FCPATH\index.php(67): CodeIgniter\CodeIgniter->run()
CRITICAL - 2023-08-30 19:20:36 --> Undefined variable $search
in APPPATH\Modules\Standard\Views\customer\search.php on line 3.
 1 APPPATH\Modules\Standard\Views\customer\search.php(3): CodeIgniter\Debug\Exceptions->errorHandler(2, 'Undefined variable $search', 'D:\\xampp\\htdocs\\dfinest\\app\\Modules\\Standard\\Views\\customer\\search.php', 3)
 2 SYSTEMPATH\View\View.php(224): include('D:\\xampp\\htdocs\\dfinest\\app\\Modules\\Standard\\Views\\customer\\search.php')
 3 SYSTEMPATH\View\View.php(227): CodeIgniter\View\View->CodeIgniter\View\{closure}()
 4 SYSTEMPATH\Common.php(1177): CodeIgniter\View\View->render('Modules\\Standard\\Views\\customer\\search', [], true)
 5 APPPATH\Modules\Standard\Controllers\Customer.php(100): view('Modules\\Standard\\Views\\customer\\search', [...])
 6 SYSTEMPATH\CodeIgniter.php(932): App\Modules\Standard\Controllers\Customer->load_form_search()
 7 SYSTEMPATH\CodeIgniter.php(497): CodeIgniter\CodeIgniter->runController(Object(App\Modules\Standard\Controllers\Customer))
 8 SYSTEMPATH\CodeIgniter.php(366): CodeIgniter\CodeIgniter->handleRequest(null, Object(Config\Cache), false)
 9 FCPATH\index.php(67): CodeIgniter\CodeIgniter->run()
CRITICAL - 2023-08-30 19:20:36 --> Undefined variable $search
in APPPATH\Modules\Standard\Views\customer\search.php on line 3.
 1 APPPATH\Modules\Standard\Views\customer\search.php(3): CodeIgniter\Debug\Exceptions->errorHandler(2, 'Undefined variable $search', 'D:\\xampp\\htdocs\\dfinest\\app\\Modules\\Standard\\Views\\customer\\search.php', 3)
 2 SYSTEMPATH\View\View.php(224): include('D:\\xampp\\htdocs\\dfinest\\app\\Modules\\Standard\\Views\\customer\\search.php')
 3 SYSTEMPATH\View\View.php(227): CodeIgniter\View\View->CodeIgniter\View\{closure}()
 4 SYSTEMPATH\Common.php(1177): CodeIgniter\View\View->render('Modules\\Standard\\Views\\customer\\search', [], true)
 5 APPPATH\Modules\Standard\Controllers\Customer.php(100): view('Modules\\Standard\\Views\\customer\\search', [...])
 6 SYSTEMPATH\CodeIgniter.php(932): App\Modules\Standard\Controllers\Customer->load_form_search()
 7 SYSTEMPATH\CodeIgniter.php(497): CodeIgniter\CodeIgniter->runController(Object(App\Modules\Standard\Controllers\Customer))
 8 SYSTEMPATH\CodeIgniter.php(366): CodeIgniter\CodeIgniter->handleRequest(null, Object(Config\Cache), false)
 9 FCPATH\index.php(67): CodeIgniter\CodeIgniter->run()
CRITICAL - 2023-08-30 19:20:37 --> Undefined variable $search
in APPPATH\Modules\Standard\Views\customer\search.php on line 3.
 1 APPPATH\Modules\Standard\Views\customer\search.php(3): CodeIgniter\Debug\Exceptions->errorHandler(2, 'Undefined variable $search', 'D:\\xampp\\htdocs\\dfinest\\app\\Modules\\Standard\\Views\\customer\\search.php', 3)
 2 SYSTEMPATH\View\View.php(224): include('D:\\xampp\\htdocs\\dfinest\\app\\Modules\\Standard\\Views\\customer\\search.php')
 3 SYSTEMPATH\View\View.php(227): CodeIgniter\View\View->CodeIgniter\View\{closure}()
 4 SYSTEMPATH\Common.php(1177): CodeIgniter\View\View->render('Modules\\Standard\\Views\\customer\\search', [], true)
 5 APPPATH\Modules\Standard\Controllers\Customer.php(100): view('Modules\\Standard\\Views\\customer\\search', [...])
 6 SYSTEMPATH\CodeIgniter.php(932): App\Modules\Standard\Controllers\Customer->load_form_search()
 7 SYSTEMPATH\CodeIgniter.php(497): CodeIgniter\CodeIgniter->runController(Object(App\Modules\Standard\Controllers\Customer))
 8 SYSTEMPATH\CodeIgniter.php(366): CodeIgniter\CodeIgniter->handleRequest(null, Object(Config\Cache), false)
 9 FCPATH\index.php(67): CodeIgniter\CodeIgniter->run()
CRITICAL - 2023-08-30 19:20:38 --> Undefined variable $search
in APPPATH\Modules\Standard\Views\customer\search.php on line 3.
 1 APPPATH\Modules\Standard\Views\customer\search.php(3): CodeIgniter\Debug\Exceptions->errorHandler(2, 'Undefined variable $search', 'D:\\xampp\\htdocs\\dfinest\\app\\Modules\\Standard\\Views\\customer\\search.php', 3)
 2 SYSTEMPATH\View\View.php(224): include('D:\\xampp\\htdocs\\dfinest\\app\\Modules\\Standard\\Views\\customer\\search.php')
 3 SYSTEMPATH\View\View.php(227): CodeIgniter\View\View->CodeIgniter\View\{closure}()
 4 SYSTEMPATH\Common.php(1177): CodeIgniter\View\View->render('Modules\\Standard\\Views\\customer\\search', [], true)
 5 APPPATH\Modules\Standard\Controllers\Customer.php(100): view('Modules\\Standard\\Views\\customer\\search', [...])
 6 SYSTEMPATH\CodeIgniter.php(932): App\Modules\Standard\Controllers\Customer->load_form_search()
 7 SYSTEMPATH\CodeIgniter.php(497): CodeIgniter\CodeIgniter->runController(Object(App\Modules\Standard\Controllers\Customer))
 8 SYSTEMPATH\CodeIgniter.php(366): CodeIgniter\CodeIgniter->handleRequest(null, Object(Config\Cache), false)
 9 FCPATH\index.php(67): CodeIgniter\CodeIgniter->run()
