CRITICAL - 2023-10-19 10:11:26 --> "App\Filters\AuthGuard" filter must have a matching alias defined.
in SYSTEMPATH\Filters\Filters.php on line 493.
 1 SYSTEMPATH\Filters\Filters.php(493): CodeIgniter\Filters\Exceptions\FilterException::forNoAlias('App\\Filters\\AuthGuard')
 2 SYSTEMPATH\Filters\Filters.php(243): CodeIgniter\Filters\Filters->processAliasesToClass('before')
 3 SYSTEMPATH\Filters\Filters.php(163): CodeIgniter\Filters\Filters->initialize('stock/transfer')
 4 SYSTEMPATH\CodeIgniter.php(471): CodeIgniter\Filters\Filters->run('stock/transfer', 'before')
 5 SYSTEMPATH\CodeIgniter.php(366): CodeIgniter\CodeIgniter->handleRequest(null, Object(Config\Cache), false)
 6 FCPATH\index.php(67): CodeIgniter\CodeIgniter->run()
CRITICAL - 2023-10-19 10:11:27 --> "App\Filters\AuthGuard" filter must have a matching alias defined.
in SYSTEMPATH\Filters\Filters.php on line 493.
 1 SYSTEMPATH\Filters\Filters.php(493): CodeIgniter\Filters\Exceptions\FilterException::forNoAlias('App\\Filters\\AuthGuard')
 2 SYSTEMPATH\Filters\Filters.php(243): CodeIgniter\Filters\Filters->processAliasesToClass('before')
 3 SYSTEMPATH\Filters\Filters.php(163): CodeIgniter\Filters\Filters->initialize('stock/transfer')
 4 SYSTEMPATH\CodeIgniter.php(471): CodeIgniter\Filters\Filters->run('stock/transfer', 'before')
 5 SYSTEMPATH\CodeIgniter.php(366): CodeIgniter\CodeIgniter->handleRequest(null, Object(Config\Cache), false)
 6 FCPATH\index.php(67): CodeIgniter\CodeIgniter->run()
CRITICAL - 2023-10-19 10:11:27 --> "App\Filters\AuthGuard" filter must have a matching alias defined.
in SYSTEMPATH\Filters\Filters.php on line 493.
 1 SYSTEMPATH\Filters\Filters.php(493): CodeIgniter\Filters\Exceptions\FilterException::forNoAlias('App\\Filters\\AuthGuard')
 2 SYSTEMPATH\Filters\Filters.php(243): CodeIgniter\Filters\Filters->processAliasesToClass('before')
 3 SYSTEMPATH\Filters\Filters.php(163): CodeIgniter\Filters\Filters->initialize('stock/transfer')
 4 SYSTEMPATH\CodeIgniter.php(471): CodeIgniter\Filters\Filters->run('stock/transfer', 'before')
 5 SYSTEMPATH\CodeIgniter.php(366): CodeIgniter\CodeIgniter->handleRequest(null, Object(Config\Cache), false)
 6 FCPATH\index.php(67): CodeIgniter\CodeIgniter->run()
CRITICAL - 2023-10-19 10:11:27 --> "App\Filters\AuthGuard" filter must have a matching alias defined.
in SYSTEMPATH\Filters\Filters.php on line 493.
 1 SYSTEMPATH\Filters\Filters.php(493): CodeIgniter\Filters\Exceptions\FilterException::forNoAlias('App\\Filters\\AuthGuard')
 2 SYSTEMPATH\Filters\Filters.php(243): CodeIgniter\Filters\Filters->processAliasesToClass('before')
 3 SYSTEMPATH\Filters\Filters.php(163): CodeIgniter\Filters\Filters->initialize('stock/transfer')
 4 SYSTEMPATH\CodeIgniter.php(471): CodeIgniter\Filters\Filters->run('stock/transfer', 'before')
 5 SYSTEMPATH\CodeIgniter.php(366): CodeIgniter\CodeIgniter->handleRequest(null, Object(Config\Cache), false)
 6 FCPATH\index.php(67): CodeIgniter\CodeIgniter->run()
CRITICAL - 2023-10-19 10:11:27 --> "App\Filters\AuthGuard" filter must have a matching alias defined.
in SYSTEMPATH\Filters\Filters.php on line 493.
 1 SYSTEMPATH\Filters\Filters.php(493): CodeIgniter\Filters\Exceptions\FilterException::forNoAlias('App\\Filters\\AuthGuard')
 2 SYSTEMPATH\Filters\Filters.php(243): CodeIgniter\Filters\Filters->processAliasesToClass('before')
 3 SYSTEMPATH\Filters\Filters.php(163): CodeIgniter\Filters\Filters->initialize('stock/transfer')
 4 SYSTEMPATH\CodeIgniter.php(471): CodeIgniter\Filters\Filters->run('stock/transfer', 'before')
 5 SYSTEMPATH\CodeIgniter.php(366): CodeIgniter\CodeIgniter->handleRequest(null, Object(Config\Cache), false)
 6 FCPATH\index.php(67): CodeIgniter\CodeIgniter->run()
CRITICAL - 2023-10-19 10:11:28 --> "App\Filters\AuthGuard" filter must have a matching alias defined.
in SYSTEMPATH\Filters\Filters.php on line 493.
 1 SYSTEMPATH\Filters\Filters.php(493): CodeIgniter\Filters\Exceptions\FilterException::forNoAlias('App\\Filters\\AuthGuard')
 2 SYSTEMPATH\Filters\Filters.php(243): CodeIgniter\Filters\Filters->processAliasesToClass('before')
 3 SYSTEMPATH\Filters\Filters.php(163): CodeIgniter\Filters\Filters->initialize('stock/transfer')
 4 SYSTEMPATH\CodeIgniter.php(471): CodeIgniter\Filters\Filters->run('stock/transfer', 'before')
 5 SYSTEMPATH\CodeIgniter.php(366): CodeIgniter\CodeIgniter->handleRequest(null, Object(Config\Cache), false)
 6 FCPATH\index.php(67): CodeIgniter\CodeIgniter->run()
CRITICAL - 2023-10-19 10:11:36 --> "App\Filters\AuthGuard" filter must have a matching alias defined.
in SYSTEMPATH\Filters\Filters.php on line 493.
 1 SYSTEMPATH\Filters\Filters.php(493): CodeIgniter\Filters\Exceptions\FilterException::forNoAlias('App\\Filters\\AuthGuard')
 2 SYSTEMPATH\Filters\Filters.php(243): CodeIgniter\Filters\Filters->processAliasesToClass('before')
 3 SYSTEMPATH\Filters\Filters.php(163): CodeIgniter\Filters\Filters->initialize('stock/transfer')
 4 SYSTEMPATH\CodeIgniter.php(471): CodeIgniter\Filters\Filters->run('stock/transfer', 'before')
 5 SYSTEMPATH\CodeIgniter.php(366): CodeIgniter\CodeIgniter->handleRequest(null, Object(Config\Cache), false)
 6 FCPATH\index.php(67): CodeIgniter\CodeIgniter->run()
CRITICAL - 2023-10-19 10:11:37 --> "App\Filters\AuthGuard" filter must have a matching alias defined.
in SYSTEMPATH\Filters\Filters.php on line 493.
 1 SYSTEMPATH\Filters\Filters.php(493): CodeIgniter\Filters\Exceptions\FilterException::forNoAlias('App\\Filters\\AuthGuard')
 2 SYSTEMPATH\Filters\Filters.php(243): CodeIgniter\Filters\Filters->processAliasesToClass('before')
 3 SYSTEMPATH\Filters\Filters.php(163): CodeIgniter\Filters\Filters->initialize('stock/transfer')
 4 SYSTEMPATH\CodeIgniter.php(471): CodeIgniter\Filters\Filters->run('stock/transfer', 'before')
 5 SYSTEMPATH\CodeIgniter.php(366): CodeIgniter\CodeIgniter->handleRequest(null, Object(Config\Cache), false)
 6 FCPATH\index.php(67): CodeIgniter\CodeIgniter->run()
CRITICAL - 2023-10-19 10:11:37 --> "App\Filters\AuthGuard" filter must have a matching alias defined.
in SYSTEMPATH\Filters\Filters.php on line 493.
 1 SYSTEMPATH\Filters\Filters.php(493): CodeIgniter\Filters\Exceptions\FilterException::forNoAlias('App\\Filters\\AuthGuard')
 2 SYSTEMPATH\Filters\Filters.php(243): CodeIgniter\Filters\Filters->processAliasesToClass('before')
 3 SYSTEMPATH\Filters\Filters.php(163): CodeIgniter\Filters\Filters->initialize('stock/transfer')
 4 SYSTEMPATH\CodeIgniter.php(471): CodeIgniter\Filters\Filters->run('stock/transfer', 'before')
 5 SYSTEMPATH\CodeIgniter.php(366): CodeIgniter\CodeIgniter->handleRequest(null, Object(Config\Cache), false)
 6 FCPATH\index.php(67): CodeIgniter\CodeIgniter->run()
CRITICAL - 2023-10-19 10:49:58 --> Undefined variable $code
in APPPATH\Modules\Po\Controllers\Po.php on line 120.
 1 APPPATH\Modules\Po\Controllers\Po.php(120): CodeIgniter\Debug\Exceptions->errorHandler(2, 'Undefined variable $code', 'D:\\xampp\\htdocs\\dfinest\\app\\Modules\\Po\\Controllers\\Po.php', 120)
 2 SYSTEMPATH\CodeIgniter.php(932): App\Modules\Po\Controllers\Po->submit()
 3 SYSTEMPATH\CodeIgniter.php(497): CodeIgniter\CodeIgniter->runController(Object(App\Modules\Po\Controllers\Po))
 4 SYSTEMPATH\CodeIgniter.php(366): CodeIgniter\CodeIgniter->handleRequest(null, Object(Config\Cache), false)
 5 FCPATH\index.php(67): CodeIgniter\CodeIgniter->run()
CRITICAL - 2023-10-19 10:50:21 --> Undefined variable $code
in APPPATH\Modules\Po\Controllers\Po.php on line 120.
 1 APPPATH\Modules\Po\Controllers\Po.php(120): CodeIgniter\Debug\Exceptions->errorHandler(2, 'Undefined variable $code', 'D:\\xampp\\htdocs\\dfinest\\app\\Modules\\Po\\Controllers\\Po.php', 120)
 2 SYSTEMPATH\CodeIgniter.php(932): App\Modules\Po\Controllers\Po->submit()
 3 SYSTEMPATH\CodeIgniter.php(497): CodeIgniter\CodeIgniter->runController(Object(App\Modules\Po\Controllers\Po))
 4 SYSTEMPATH\CodeIgniter.php(366): CodeIgniter\CodeIgniter->handleRequest(null, Object(Config\Cache), false)
 5 FCPATH\index.php(67): CodeIgniter\CodeIgniter->run()
CRITICAL - 2023-10-19 10:51:06 --> Undefined variable $code
in APPPATH\Modules\Po\Controllers\Po.php on line 120.
 1 APPPATH\Modules\Po\Controllers\Po.php(120): CodeIgniter\Debug\Exceptions->errorHandler(2, 'Undefined variable $code', 'D:\\xampp\\htdocs\\dfinest\\app\\Modules\\Po\\Controllers\\Po.php', 120)
 2 SYSTEMPATH\CodeIgniter.php(932): App\Modules\Po\Controllers\Po->submit()
 3 SYSTEMPATH\CodeIgniter.php(497): CodeIgniter\CodeIgniter->runController(Object(App\Modules\Po\Controllers\Po))
 4 SYSTEMPATH\CodeIgniter.php(366): CodeIgniter\CodeIgniter->handleRequest(null, Object(Config\Cache), false)
 5 FCPATH\index.php(67): CodeIgniter\CodeIgniter->run()
CRITICAL - 2023-10-19 10:51:20 --> Undefined variable $code
in APPPATH\Modules\Po\Controllers\Po.php on line 120.
 1 APPPATH\Modules\Po\Controllers\Po.php(120): CodeIgniter\Debug\Exceptions->errorHandler(2, 'Undefined variable $code', 'D:\\xampp\\htdocs\\dfinest\\app\\Modules\\Po\\Controllers\\Po.php', 120)
 2 SYSTEMPATH\CodeIgniter.php(932): App\Modules\Po\Controllers\Po->submit()
 3 SYSTEMPATH\CodeIgniter.php(497): CodeIgniter\CodeIgniter->runController(Object(App\Modules\Po\Controllers\Po))
 4 SYSTEMPATH\CodeIgniter.php(366): CodeIgniter\CodeIgniter->handleRequest(null, Object(Config\Cache), false)
 5 FCPATH\index.php(67): CodeIgniter\CodeIgniter->run()
CRITICAL - 2023-10-19 10:51:39 --> Undefined variable $code
in APPPATH\Modules\Po\Controllers\Po.php on line 120.
 1 APPPATH\Modules\Po\Controllers\Po.php(120): CodeIgniter\Debug\Exceptions->errorHandler(2, 'Undefined variable $code', 'D:\\xampp\\htdocs\\dfinest\\app\\Modules\\Po\\Controllers\\Po.php', 120)
 2 SYSTEMPATH\CodeIgniter.php(932): App\Modules\Po\Controllers\Po->submit()
 3 SYSTEMPATH\CodeIgniter.php(497): CodeIgniter\CodeIgniter->runController(Object(App\Modules\Po\Controllers\Po))
 4 SYSTEMPATH\CodeIgniter.php(366): CodeIgniter\CodeIgniter->handleRequest(null, Object(Config\Cache), false)
 5 FCPATH\index.php(67): CodeIgniter\CodeIgniter->run()
CRITICAL - 2023-10-19 10:54:57 --> Undefined variable $code
in APPPATH\Modules\Po\Controllers\Po.php on line 120.
 1 APPPATH\Modules\Po\Controllers\Po.php(120): CodeIgniter\Debug\Exceptions->errorHandler(2, 'Undefined variable $code', 'D:\\xampp\\htdocs\\dfinest\\app\\Modules\\Po\\Controllers\\Po.php', 120)
 2 SYSTEMPATH\CodeIgniter.php(932): App\Modules\Po\Controllers\Po->submit()
 3 SYSTEMPATH\CodeIgniter.php(497): CodeIgniter\CodeIgniter->runController(Object(App\Modules\Po\Controllers\Po))
 4 SYSTEMPATH\CodeIgniter.php(366): CodeIgniter\CodeIgniter->handleRequest(null, Object(Config\Cache), false)
 5 FCPATH\index.php(67): CodeIgniter\CodeIgniter->run()
CRITICAL - 2023-10-19 10:55:16 --> Undefined variable $code
in APPPATH\Modules\Po\Controllers\Po.php on line 120.
 1 APPPATH\Modules\Po\Controllers\Po.php(120): CodeIgniter\Debug\Exceptions->errorHandler(2, 'Undefined variable $code', 'D:\\xampp\\htdocs\\dfinest\\app\\Modules\\Po\\Controllers\\Po.php', 120)
 2 SYSTEMPATH\CodeIgniter.php(932): App\Modules\Po\Controllers\Po->submit()
 3 SYSTEMPATH\CodeIgniter.php(497): CodeIgniter\CodeIgniter->runController(Object(App\Modules\Po\Controllers\Po))
 4 SYSTEMPATH\CodeIgniter.php(366): CodeIgniter\CodeIgniter->handleRequest(null, Object(Config\Cache), false)
 5 FCPATH\index.php(67): CodeIgniter\CodeIgniter->run()
CRITICAL - 2023-10-19 10:55:25 --> Undefined variable $code
in APPPATH\Modules\Po\Controllers\Po.php on line 120.
 1 APPPATH\Modules\Po\Controllers\Po.php(120): CodeIgniter\Debug\Exceptions->errorHandler(2, 'Undefined variable $code', 'D:\\xampp\\htdocs\\dfinest\\app\\Modules\\Po\\Controllers\\Po.php', 120)
 2 SYSTEMPATH\CodeIgniter.php(932): App\Modules\Po\Controllers\Po->submit()
 3 SYSTEMPATH\CodeIgniter.php(497): CodeIgniter\CodeIgniter->runController(Object(App\Modules\Po\Controllers\Po))
 4 SYSTEMPATH\CodeIgniter.php(366): CodeIgniter\CodeIgniter->handleRequest(null, Object(Config\Cache), false)
 5 FCPATH\index.php(67): CodeIgniter\CodeIgniter->run()
ERROR - 2023-10-19 11:04:40 --> mysqli_sql_exception: Unknown column 's.TPdQty' in 'where clause' in D:\xampp\htdocs\dfinest\system\Database\MySQLi\Connection.php:295
Stack trace:
#0 D:\xampp\htdocs\dfinest\system\Database\MySQLi\Connection.php(295): mysqli->query('SELECT COUNT(ID...', 0)
#1 D:\xampp\htdocs\dfinest\system\Database\BaseConnection.php(692): CodeIgniter\Database\MySQLi\Connection->execute('SELECT COUNT(ID...')
#2 D:\xampp\htdocs\dfinest\system\Database\BaseConnection.php(606): CodeIgniter\Database\BaseConnection->simpleQuery('SELECT COUNT(ID...')
#3 D:\xampp\htdocs\dfinest\app\Modules\Report\Models\Report.php(11): CodeIgniter\Database\BaseConnection->query('SELECT COUNT(ID...')
#4 D:\xampp\htdocs\dfinest\app\Modules\Report\Controllers\Rp_stock.php(83): App\Modules\Report\Models\Report->count_itemlist('SELECT COUNT(ID...')
#5 D:\xampp\htdocs\dfinest\system\CodeIgniter.php(932): App\Modules\Report\Controllers\Rp_stock->index()
#6 D:\xampp\htdocs\dfinest\system\CodeIgniter.php(497): CodeIgniter\CodeIgniter->runController(Object(App\Modules\Report\Controllers\Rp_stock))
#7 D:\xampp\htdocs\dfinest\system\CodeIgniter.php(366): CodeIgniter\CodeIgniter->handleRequest(NULL, Object(Config\Cache), false)
#8 D:\xampp\htdocs\dfinest\public\index.php(67): CodeIgniter\CodeIgniter->run()
#9 {main}
CRITICAL - 2023-10-19 11:04:40 --> Unknown column 's.TPdQty' in 'where clause'
in SYSTEMPATH\Database\MySQLi\Connection.php on line 295.
 1 SYSTEMPATH\Database\MySQLi\Connection.php(295): mysqli->query('SELECT COUNT(ID) total FROM (SELECT p.*, s.TRoll, s.TYQty, s.TMQty,s.TPdQty,s.Cost FROM product p  INNER JOIN  (SELECT PID, COUNT(ID) TRoll,SUM(Qty*UCost) Cost,SUM(CASE Unit
                        WHEN "M" THEN Qty
                        WHEN "Y" THEN ROUND(Qty*0.9144, 2)
                        ELSE 0
                    END) AS TMQty,SUM(CASE Unit
                        WHEN "Y" THEN Qty
                        WHEN "M" THEN ROUND(Qty/0.9144, 2)
                        ELSE 0
                    END) AS TYQty,(Select COALESCE(SUM(PdQty),0) From po_detail Where Close=0 AND PID=stock.PID)TPdQty FROM stock   WHERE  (Qty>0 OR s.TPdQty>0) GROUP BY PID) s ON p.ID=s.PID  WHERE p.Active=1 ORDER BY p.PCode ASC,p.PColor ASC) t', 0)
 2 SYSTEMPATH\Database\BaseConnection.php(692): CodeIgniter\Database\MySQLi\Connection->execute('SELECT COUNT(ID) total FROM (SELECT p.*, s.TRoll, s.TYQty, s.TMQty,s.TPdQty,s.Cost FROM product p  INNER JOIN  (SELECT PID, COUNT(ID) TRoll,SUM(Qty*UCost) Cost,SUM(CASE Unit
                        WHEN "M" THEN Qty
                        WHEN "Y" THEN ROUND(Qty*0.9144, 2)
                        ELSE 0
                    END) AS TMQty,SUM(CASE Unit
                        WHEN "Y" THEN Qty
                        WHEN "M" THEN ROUND(Qty/0.9144, 2)
                        ELSE 0
                    END) AS TYQty,(Select COALESCE(SUM(PdQty),0) From po_detail Where Close=0 AND PID=stock.PID)TPdQty FROM stock   WHERE  (Qty>0 OR s.TPdQty>0) GROUP BY PID) s ON p.ID=s.PID  WHERE p.Active=1 ORDER BY p.PCode ASC,p.PColor ASC) t')
 3 SYSTEMPATH\Database\BaseConnection.php(606): CodeIgniter\Database\BaseConnection->simpleQuery('SELECT COUNT(ID) total FROM (SELECT p.*, s.TRoll, s.TYQty, s.TMQty,s.TPdQty,s.Cost FROM product p  INNER JOIN  (SELECT PID, COUNT(ID) TRoll,SUM(Qty*UCost) Cost,SUM(CASE Unit
                        WHEN "M" THEN Qty
                        WHEN "Y" THEN ROUND(Qty*0.9144, 2)
                        ELSE 0
                    END) AS TMQty,SUM(CASE Unit
                        WHEN "Y" THEN Qty
                        WHEN "M" THEN ROUND(Qty/0.9144, 2)
                        ELSE 0
                    END) AS TYQty,(Select COALESCE(SUM(PdQty),0) From po_detail Where Close=0 AND PID=stock.PID)TPdQty FROM stock   WHERE  (Qty>0 OR s.TPdQty>0) GROUP BY PID) s ON p.ID=s.PID  WHERE p.Active=1 ORDER BY p.PCode ASC,p.PColor ASC) t')
 4 APPPATH\Modules\Report\Models\Report.php(11): CodeIgniter\Database\BaseConnection->query('SELECT COUNT(ID) total FROM (SELECT p.*, s.TRoll, s.TYQty, s.TMQty,s.TPdQty,s.Cost FROM product p  INNER JOIN  (SELECT PID, COUNT(ID) TRoll,SUM(Qty*UCost) Cost,SUM(CASE Unit
                        WHEN "M" THEN Qty
                        WHEN "Y" THEN ROUND(Qty*0.9144, 2)
                        ELSE 0
                    END) AS TMQty,SUM(CASE Unit
                        WHEN "Y" THEN Qty
                        WHEN "M" THEN ROUND(Qty/0.9144, 2)
                        ELSE 0
                    END) AS TYQty,(Select COALESCE(SUM(PdQty),0) From po_detail Where Close=0 AND PID=stock.PID)TPdQty FROM stock   WHERE  (Qty>0 OR s.TPdQty>0) GROUP BY PID) s ON p.ID=s.PID  WHERE p.Active=1 ORDER BY p.PCode ASC,p.PColor ASC) t')
 5 APPPATH\Modules\Report\Controllers\Rp_stock.php(83): App\Modules\Report\Models\Report->count_itemlist('SELECT COUNT(ID) total FROM (SELECT p.*, s.TRoll, s.TYQty, s.TMQty,s.TPdQty,s.Cost FROM product p  INNER JOIN  (SELECT PID, COUNT(ID) TRoll,SUM(Qty*UCost) Cost,SUM(CASE Unit
                        WHEN "M" THEN Qty
                        WHEN "Y" THEN ROUND(Qty*0.9144, 2)
                        ELSE 0
                    END) AS TMQty,SUM(CASE Unit
                        WHEN "Y" THEN Qty
                        WHEN "M" THEN ROUND(Qty/0.9144, 2)
                        ELSE 0
                    END) AS TYQty,(Select COALESCE(SUM(PdQty),0) From po_detail Where Close=0 AND PID=stock.PID)TPdQty FROM stock   WHERE  (Qty>0 OR s.TPdQty>0) GROUP BY PID) s ON p.ID=s.PID  WHERE p.Active=1 ORDER BY p.PCode ASC,p.PColor ASC) t')
 6 SYSTEMPATH\CodeIgniter.php(932): App\Modules\Report\Controllers\Rp_stock->index()
 7 SYSTEMPATH\CodeIgniter.php(497): CodeIgniter\CodeIgniter->runController(Object(App\Modules\Report\Controllers\Rp_stock))
 8 SYSTEMPATH\CodeIgniter.php(366): CodeIgniter\CodeIgniter->handleRequest(null, Object(Config\Cache), false)
 9 FCPATH\index.php(67): CodeIgniter\CodeIgniter->run()
ERROR - 2023-10-19 11:05:33 --> mysqli_sql_exception: Unknown column 'TPdQty' in 'where clause' in D:\xampp\htdocs\dfinest\system\Database\MySQLi\Connection.php:295
Stack trace:
#0 D:\xampp\htdocs\dfinest\system\Database\MySQLi\Connection.php(295): mysqli->query('SELECT COUNT(ID...', 0)
#1 D:\xampp\htdocs\dfinest\system\Database\BaseConnection.php(692): CodeIgniter\Database\MySQLi\Connection->execute('SELECT COUNT(ID...')
#2 D:\xampp\htdocs\dfinest\system\Database\BaseConnection.php(606): CodeIgniter\Database\BaseConnection->simpleQuery('SELECT COUNT(ID...')
#3 D:\xampp\htdocs\dfinest\app\Modules\Report\Models\Report.php(11): CodeIgniter\Database\BaseConnection->query('SELECT COUNT(ID...')
#4 D:\xampp\htdocs\dfinest\app\Modules\Report\Controllers\Rp_stock.php(83): App\Modules\Report\Models\Report->count_itemlist('SELECT COUNT(ID...')
#5 D:\xampp\htdocs\dfinest\system\CodeIgniter.php(932): App\Modules\Report\Controllers\Rp_stock->index()
#6 D:\xampp\htdocs\dfinest\system\CodeIgniter.php(497): CodeIgniter\CodeIgniter->runController(Object(App\Modules\Report\Controllers\Rp_stock))
#7 D:\xampp\htdocs\dfinest\system\CodeIgniter.php(366): CodeIgniter\CodeIgniter->handleRequest(NULL, Object(Config\Cache), false)
#8 D:\xampp\htdocs\dfinest\public\index.php(67): CodeIgniter\CodeIgniter->run()
#9 {main}
CRITICAL - 2023-10-19 11:05:33 --> Unknown column 'TPdQty' in 'where clause'
in SYSTEMPATH\Database\MySQLi\Connection.php on line 295.
 1 SYSTEMPATH\Database\MySQLi\Connection.php(295): mysqli->query('SELECT COUNT(ID) total FROM (SELECT p.*, s.TRoll, s.TYQty, s.TMQty,s.TPdQty,s.Cost FROM product p  INNER JOIN  (SELECT PID, COUNT(ID) TRoll,SUM(Qty*UCost) Cost,SUM(CASE Unit
                        WHEN "M" THEN Qty
                        WHEN "Y" THEN ROUND(Qty*0.9144, 2)
                        ELSE 0
                    END) AS TMQty,SUM(CASE Unit
                        WHEN "Y" THEN Qty
                        WHEN "M" THEN ROUND(Qty/0.9144, 2)
                        ELSE 0
                    END) AS TYQty,(Select COALESCE(SUM(PdQty),0) From po_detail Where Close=0 AND PID=stock.PID)TPdQty FROM stock   WHERE  (Qty>0 OR TPdQty>0) GROUP BY PID) s ON p.ID=s.PID  WHERE p.Active=1 ORDER BY p.PCode ASC,p.PColor ASC) t', 0)
 2 SYSTEMPATH\Database\BaseConnection.php(692): CodeIgniter\Database\MySQLi\Connection->execute('SELECT COUNT(ID) total FROM (SELECT p.*, s.TRoll, s.TYQty, s.TMQty,s.TPdQty,s.Cost FROM product p  INNER JOIN  (SELECT PID, COUNT(ID) TRoll,SUM(Qty*UCost) Cost,SUM(CASE Unit
                        WHEN "M" THEN Qty
                        WHEN "Y" THEN ROUND(Qty*0.9144, 2)
                        ELSE 0
                    END) AS TMQty,SUM(CASE Unit
                        WHEN "Y" THEN Qty
                        WHEN "M" THEN ROUND(Qty/0.9144, 2)
                        ELSE 0
                    END) AS TYQty,(Select COALESCE(SUM(PdQty),0) From po_detail Where Close=0 AND PID=stock.PID)TPdQty FROM stock   WHERE  (Qty>0 OR TPdQty>0) GROUP BY PID) s ON p.ID=s.PID  WHERE p.Active=1 ORDER BY p.PCode ASC,p.PColor ASC) t')
 3 SYSTEMPATH\Database\BaseConnection.php(606): CodeIgniter\Database\BaseConnection->simpleQuery('SELECT COUNT(ID) total FROM (SELECT p.*, s.TRoll, s.TYQty, s.TMQty,s.TPdQty,s.Cost FROM product p  INNER JOIN  (SELECT PID, COUNT(ID) TRoll,SUM(Qty*UCost) Cost,SUM(CASE Unit
                        WHEN "M" THEN Qty
                        WHEN "Y" THEN ROUND(Qty*0.9144, 2)
                        ELSE 0
                    END) AS TMQty,SUM(CASE Unit
                        WHEN "Y" THEN Qty
                        WHEN "M" THEN ROUND(Qty/0.9144, 2)
                        ELSE 0
                    END) AS TYQty,(Select COALESCE(SUM(PdQty),0) From po_detail Where Close=0 AND PID=stock.PID)TPdQty FROM stock   WHERE  (Qty>0 OR TPdQty>0) GROUP BY PID) s ON p.ID=s.PID  WHERE p.Active=1 ORDER BY p.PCode ASC,p.PColor ASC) t')
 4 APPPATH\Modules\Report\Models\Report.php(11): CodeIgniter\Database\BaseConnection->query('SELECT COUNT(ID) total FROM (SELECT p.*, s.TRoll, s.TYQty, s.TMQty,s.TPdQty,s.Cost FROM product p  INNER JOIN  (SELECT PID, COUNT(ID) TRoll,SUM(Qty*UCost) Cost,SUM(CASE Unit
                        WHEN "M" THEN Qty
                        WHEN "Y" THEN ROUND(Qty*0.9144, 2)
                        ELSE 0
                    END) AS TMQty,SUM(CASE Unit
                        WHEN "Y" THEN Qty
                        WHEN "M" THEN ROUND(Qty/0.9144, 2)
                        ELSE 0
                    END) AS TYQty,(Select COALESCE(SUM(PdQty),0) From po_detail Where Close=0 AND PID=stock.PID)TPdQty FROM stock   WHERE  (Qty>0 OR TPdQty>0) GROUP BY PID) s ON p.ID=s.PID  WHERE p.Active=1 ORDER BY p.PCode ASC,p.PColor ASC) t')
 5 APPPATH\Modules\Report\Controllers\Rp_stock.php(83): App\Modules\Report\Models\Report->count_itemlist('SELECT COUNT(ID) total FROM (SELECT p.*, s.TRoll, s.TYQty, s.TMQty,s.TPdQty,s.Cost FROM product p  INNER JOIN  (SELECT PID, COUNT(ID) TRoll,SUM(Qty*UCost) Cost,SUM(CASE Unit
                        WHEN "M" THEN Qty
                        WHEN "Y" THEN ROUND(Qty*0.9144, 2)
                        ELSE 0
                    END) AS TMQty,SUM(CASE Unit
                        WHEN "Y" THEN Qty
                        WHEN "M" THEN ROUND(Qty/0.9144, 2)
                        ELSE 0
                    END) AS TYQty,(Select COALESCE(SUM(PdQty),0) From po_detail Where Close=0 AND PID=stock.PID)TPdQty FROM stock   WHERE  (Qty>0 OR TPdQty>0) GROUP BY PID) s ON p.ID=s.PID  WHERE p.Active=1 ORDER BY p.PCode ASC,p.PColor ASC) t')
 6 SYSTEMPATH\CodeIgniter.php(932): App\Modules\Report\Controllers\Rp_stock->index()
 7 SYSTEMPATH\CodeIgniter.php(497): CodeIgniter\CodeIgniter->runController(Object(App\Modules\Report\Controllers\Rp_stock))
 8 SYSTEMPATH\CodeIgniter.php(366): CodeIgniter\CodeIgniter->handleRequest(null, Object(Config\Cache), false)
 9 FCPATH\index.php(67): CodeIgniter\CodeIgniter->run()
ERROR - 2023-10-19 11:17:32 --> mysqli_sql_exception: Unknown column 'TPdQty' in 'where clause' in D:\xampp\htdocs\dfinest\system\Database\MySQLi\Connection.php:295
Stack trace:
#0 D:\xampp\htdocs\dfinest\system\Database\MySQLi\Connection.php(295): mysqli->query('SELECT COUNT(ID...', 0)
#1 D:\xampp\htdocs\dfinest\system\Database\BaseConnection.php(692): CodeIgniter\Database\MySQLi\Connection->execute('SELECT COUNT(ID...')
#2 D:\xampp\htdocs\dfinest\system\Database\BaseConnection.php(606): CodeIgniter\Database\BaseConnection->simpleQuery('SELECT COUNT(ID...')
#3 D:\xampp\htdocs\dfinest\app\Modules\Report\Models\Report.php(11): CodeIgniter\Database\BaseConnection->query('SELECT COUNT(ID...')
#4 D:\xampp\htdocs\dfinest\app\Modules\Report\Controllers\Rp_stock.php(83): App\Modules\Report\Models\Report->count_itemlist('SELECT COUNT(ID...')
#5 D:\xampp\htdocs\dfinest\system\CodeIgniter.php(932): App\Modules\Report\Controllers\Rp_stock->index()
#6 D:\xampp\htdocs\dfinest\system\CodeIgniter.php(497): CodeIgniter\CodeIgniter->runController(Object(App\Modules\Report\Controllers\Rp_stock))
#7 D:\xampp\htdocs\dfinest\system\CodeIgniter.php(366): CodeIgniter\CodeIgniter->handleRequest(NULL, Object(Config\Cache), false)
#8 D:\xampp\htdocs\dfinest\public\index.php(67): CodeIgniter\CodeIgniter->run()
#9 {main}
CRITICAL - 2023-10-19 11:17:32 --> Unknown column 'TPdQty' in 'where clause'
in SYSTEMPATH\Database\MySQLi\Connection.php on line 295.
 1 SYSTEMPATH\Database\MySQLi\Connection.php(295): mysqli->query('SELECT COUNT(ID) total FROM (SELECT p.*,(Select COALESCE(SUM(PdQty),0) From po_detail Where Close=0 AND PID=p.ID)TPdQty, s.TRoll, s.TYQty, s.TMQty,s.Cost FROM product p  LEFT JOIN  (SELECT PID, COUNT(ID) TRoll,SUM(Qty*UCost) Cost,SUM(CASE Unit
                        WHEN "M" THEN Qty
                        WHEN "Y" THEN ROUND(Qty*0.9144, 2)
                        ELSE 0
                    END) AS TMQty,SUM(CASE Unit
                        WHEN "Y" THEN Qty
                        WHEN "M" THEN ROUND(Qty/0.9144, 2)
                        ELSE 0
                    END) AS TYQty FROM stock   WHERE  (Qty>0) GROUP BY PID) s ON p.ID=s.PID  WHERE p.Active=1 AND TPdQty>0 ORDER BY p.PCode ASC,p.PColor ASC) t', 0)
 2 SYSTEMPATH\Database\BaseConnection.php(692): CodeIgniter\Database\MySQLi\Connection->execute('SELECT COUNT(ID) total FROM (SELECT p.*,(Select COALESCE(SUM(PdQty),0) From po_detail Where Close=0 AND PID=p.ID)TPdQty, s.TRoll, s.TYQty, s.TMQty,s.Cost FROM product p  LEFT JOIN  (SELECT PID, COUNT(ID) TRoll,SUM(Qty*UCost) Cost,SUM(CASE Unit
                        WHEN "M" THEN Qty
                        WHEN "Y" THEN ROUND(Qty*0.9144, 2)
                        ELSE 0
                    END) AS TMQty,SUM(CASE Unit
                        WHEN "Y" THEN Qty
                        WHEN "M" THEN ROUND(Qty/0.9144, 2)
                        ELSE 0
                    END) AS TYQty FROM stock   WHERE  (Qty>0) GROUP BY PID) s ON p.ID=s.PID  WHERE p.Active=1 AND TPdQty>0 ORDER BY p.PCode ASC,p.PColor ASC) t')
 3 SYSTEMPATH\Database\BaseConnection.php(606): CodeIgniter\Database\BaseConnection->simpleQuery('SELECT COUNT(ID) total FROM (SELECT p.*,(Select COALESCE(SUM(PdQty),0) From po_detail Where Close=0 AND PID=p.ID)TPdQty, s.TRoll, s.TYQty, s.TMQty,s.Cost FROM product p  LEFT JOIN  (SELECT PID, COUNT(ID) TRoll,SUM(Qty*UCost) Cost,SUM(CASE Unit
                        WHEN "M" THEN Qty
                        WHEN "Y" THEN ROUND(Qty*0.9144, 2)
                        ELSE 0
                    END) AS TMQty,SUM(CASE Unit
                        WHEN "Y" THEN Qty
                        WHEN "M" THEN ROUND(Qty/0.9144, 2)
                        ELSE 0
                    END) AS TYQty FROM stock   WHERE  (Qty>0) GROUP BY PID) s ON p.ID=s.PID  WHERE p.Active=1 AND TPdQty>0 ORDER BY p.PCode ASC,p.PColor ASC) t')
 4 APPPATH\Modules\Report\Models\Report.php(11): CodeIgniter\Database\BaseConnection->query('SELECT COUNT(ID) total FROM (SELECT p.*,(Select COALESCE(SUM(PdQty),0) From po_detail Where Close=0 AND PID=p.ID)TPdQty, s.TRoll, s.TYQty, s.TMQty,s.Cost FROM product p  LEFT JOIN  (SELECT PID, COUNT(ID) TRoll,SUM(Qty*UCost) Cost,SUM(CASE Unit
                        WHEN "M" THEN Qty
                        WHEN "Y" THEN ROUND(Qty*0.9144, 2)
                        ELSE 0
                    END) AS TMQty,SUM(CASE Unit
                        WHEN "Y" THEN Qty
                        WHEN "M" THEN ROUND(Qty/0.9144, 2)
                        ELSE 0
                    END) AS TYQty FROM stock   WHERE  (Qty>0) GROUP BY PID) s ON p.ID=s.PID  WHERE p.Active=1 AND TPdQty>0 ORDER BY p.PCode ASC,p.PColor ASC) t')
 5 APPPATH\Modules\Report\Controllers\Rp_stock.php(83): App\Modules\Report\Models\Report->count_itemlist('SELECT COUNT(ID) total FROM (SELECT p.*,(Select COALESCE(SUM(PdQty),0) From po_detail Where Close=0 AND PID=p.ID)TPdQty, s.TRoll, s.TYQty, s.TMQty,s.Cost FROM product p  LEFT JOIN  (SELECT PID, COUNT(ID) TRoll,SUM(Qty*UCost) Cost,SUM(CASE Unit
                        WHEN "M" THEN Qty
                        WHEN "Y" THEN ROUND(Qty*0.9144, 2)
                        ELSE 0
                    END) AS TMQty,SUM(CASE Unit
                        WHEN "Y" THEN Qty
                        WHEN "M" THEN ROUND(Qty/0.9144, 2)
                        ELSE 0
                    END) AS TYQty FROM stock   WHERE  (Qty>0) GROUP BY PID) s ON p.ID=s.PID  WHERE p.Active=1 AND TPdQty>0 ORDER BY p.PCode ASC,p.PColor ASC) t')
 6 SYSTEMPATH\CodeIgniter.php(932): App\Modules\Report\Controllers\Rp_stock->index()
 7 SYSTEMPATH\CodeIgniter.php(497): CodeIgniter\CodeIgniter->runController(Object(App\Modules\Report\Controllers\Rp_stock))
 8 SYSTEMPATH\CodeIgniter.php(366): CodeIgniter\CodeIgniter->handleRequest(null, Object(Config\Cache), false)
 9 FCPATH\index.php(67): CodeIgniter\CodeIgniter->run()
CRITICAL - 2023-10-19 11:45:39 --> Namespace declaration statement has to be the very first statement or after any declare call in the script
in APPPATH\Modules\Ajax\Models\Ajax.php on line 3.
 1 [internal function]: CodeIgniter\Debug\Exceptions->shutdownHandler()
CRITICAL - 2023-10-19 11:45:41 --> Namespace declaration statement has to be the very first statement or after any declare call in the script
in APPPATH\Modules\Ajax\Models\Ajax.php on line 3.
 1 [internal function]: CodeIgniter\Debug\Exceptions->shutdownHandler()
CRITICAL - 2023-10-19 13:11:22 --> Undefined array key "Qty"
in APPPATH\Helpers\general_helper.php on line 77.
 1 APPPATH\Helpers\general_helper.php(77): CodeIgniter\Debug\Exceptions->errorHandler(2, 'Undefined array key "Qty"', 'D:\\xampp\\htdocs\\dfinest\\app\\Helpers\\general_helper.php', 77)
 2 APPPATH\Modules\Ajax\Models\Ajax.php(246): single_arr('StID', 'Qty', [...])
 3 APPPATH\Modules\Ajax\Controllers\Ajax.php(216): App\Modules\Ajax\Models\Ajax->get_rolls_booked([...])
 4 SYSTEMPATH\CodeIgniter.php(932): App\Modules\Ajax\Controllers\Ajax->popup_outrolls_data()
 5 SYSTEMPATH\CodeIgniter.php(497): CodeIgniter\CodeIgniter->runController(Object(App\Modules\Ajax\Controllers\Ajax))
 6 SYSTEMPATH\CodeIgniter.php(366): CodeIgniter\CodeIgniter->handleRequest(null, Object(Config\Cache), false)
 7 FCPATH\index.php(67): CodeIgniter\CodeIgniter->run()
CRITICAL - 2023-10-19 13:11:24 --> Undefined array key "Qty"
in APPPATH\Helpers\general_helper.php on line 77.
 1 APPPATH\Helpers\general_helper.php(77): CodeIgniter\Debug\Exceptions->errorHandler(2, 'Undefined array key "Qty"', 'D:\\xampp\\htdocs\\dfinest\\app\\Helpers\\general_helper.php', 77)
 2 APPPATH\Modules\Ajax\Models\Ajax.php(246): single_arr('StID', 'Qty', [...])
 3 APPPATH\Modules\Ajax\Controllers\Ajax.php(216): App\Modules\Ajax\Models\Ajax->get_rolls_booked([...])
 4 SYSTEMPATH\CodeIgniter.php(932): App\Modules\Ajax\Controllers\Ajax->popup_outrolls_data()
 5 SYSTEMPATH\CodeIgniter.php(497): CodeIgniter\CodeIgniter->runController(Object(App\Modules\Ajax\Controllers\Ajax))
 6 SYSTEMPATH\CodeIgniter.php(366): CodeIgniter\CodeIgniter->handleRequest(null, Object(Config\Cache), false)
 7 FCPATH\index.php(67): CodeIgniter\CodeIgniter->run()
CRITICAL - 2023-10-19 14:31:48 --> Invalid file: "Modules\Views\_title.php"
in SYSTEMPATH\Exceptions\FrameworkException.php on line 33.
 1 SYSTEMPATH\View\View.php(212): CodeIgniter\Exceptions\FrameworkException::forInvalidFile('Modules\\Views\\_title.php')
 2 SYSTEMPATH\Common.php(1177): CodeIgniter\View\View->render('Modules\\Views\\_title', [], true)
 3 APPPATH\Views\inc-header.php(107): view('Modules\\Views\\_title')
 4 SYSTEMPATH\View\View.php(224): include('D:\\xampp\\htdocs\\dfinest\\app\\Views\\inc-header.php')
 5 SYSTEMPATH\View\View.php(227): CodeIgniter\View\View->CodeIgniter\View\{closure}()
 6 SYSTEMPATH\Common.php(1177): CodeIgniter\View\View->render('inc-header', [], true)
 7 APPPATH\Modules\Porder\Controllers\Porder.php(50): view('inc-header', [...])
 8 SYSTEMPATH\CodeIgniter.php(932): App\Modules\Porder\Controllers\Porder->index()
 9 SYSTEMPATH\CodeIgniter.php(497): CodeIgniter\CodeIgniter->runController(Object(App\Modules\Porder\Controllers\Porder))
10 SYSTEMPATH\CodeIgniter.php(366): CodeIgniter\CodeIgniter->handleRequest(null, Object(Config\Cache), false)
11 FCPATH\index.php(67): CodeIgniter\CodeIgniter->run()
CRITICAL - 2023-10-19 14:31:49 --> Invalid file: "Modules\Views\_title.php"
in SYSTEMPATH\Exceptions\FrameworkException.php on line 33.
 1 SYSTEMPATH\View\View.php(212): CodeIgniter\Exceptions\FrameworkException::forInvalidFile('Modules\\Views\\_title.php')
 2 SYSTEMPATH\Common.php(1177): CodeIgniter\View\View->render('Modules\\Views\\_title', [], true)
 3 APPPATH\Views\inc-header.php(107): view('Modules\\Views\\_title')
 4 SYSTEMPATH\View\View.php(224): include('D:\\xampp\\htdocs\\dfinest\\app\\Views\\inc-header.php')
 5 SYSTEMPATH\View\View.php(227): CodeIgniter\View\View->CodeIgniter\View\{closure}()
 6 SYSTEMPATH\Common.php(1177): CodeIgniter\View\View->render('inc-header', [], true)
 7 APPPATH\Modules\Porder\Controllers\Porder.php(50): view('inc-header', [...])
 8 SYSTEMPATH\CodeIgniter.php(932): App\Modules\Porder\Controllers\Porder->index()
 9 SYSTEMPATH\CodeIgniter.php(497): CodeIgniter\CodeIgniter->runController(Object(App\Modules\Porder\Controllers\Porder))
10 SYSTEMPATH\CodeIgniter.php(366): CodeIgniter\CodeIgniter->handleRequest(null, Object(Config\Cache), false)
11 FCPATH\index.php(67): CodeIgniter\CodeIgniter->run()
CRITICAL - 2023-10-19 14:31:49 --> Invalid file: "Modules\Views\_title.php"
in SYSTEMPATH\Exceptions\FrameworkException.php on line 33.
 1 SYSTEMPATH\View\View.php(212): CodeIgniter\Exceptions\FrameworkException::forInvalidFile('Modules\\Views\\_title.php')
 2 SYSTEMPATH\Common.php(1177): CodeIgniter\View\View->render('Modules\\Views\\_title', [], true)
 3 APPPATH\Views\inc-header.php(107): view('Modules\\Views\\_title')
 4 SYSTEMPATH\View\View.php(224): include('D:\\xampp\\htdocs\\dfinest\\app\\Views\\inc-header.php')
 5 SYSTEMPATH\View\View.php(227): CodeIgniter\View\View->CodeIgniter\View\{closure}()
 6 SYSTEMPATH\Common.php(1177): CodeIgniter\View\View->render('inc-header', [], true)
 7 APPPATH\Modules\Porder\Controllers\Porder.php(50): view('inc-header', [...])
 8 SYSTEMPATH\CodeIgniter.php(932): App\Modules\Porder\Controllers\Porder->index()
 9 SYSTEMPATH\CodeIgniter.php(497): CodeIgniter\CodeIgniter->runController(Object(App\Modules\Porder\Controllers\Porder))
10 SYSTEMPATH\CodeIgniter.php(366): CodeIgniter\CodeIgniter->handleRequest(null, Object(Config\Cache), false)
11 FCPATH\index.php(67): CodeIgniter\CodeIgniter->run()
CRITICAL - 2023-10-19 15:08:58 --> Undefined property: App\Modules\Porder\Controllers\Porder::$refmodel
in APPPATH\Modules\Porder\Controllers\Porder.php on line 166.
 1 APPPATH\Modules\Porder\Controllers\Porder.php(166): CodeIgniter\Debug\Exceptions->errorHandler(2, 'Undefined property: App\\Modules\\Porder\\Controllers\\Porder::$refmodel', 'D:\\xampp\\htdocs\\dfinest\\app\\Modules\\Porder\\Controllers\\Porder.php', 166)
 2 SYSTEMPATH\CodeIgniter.php(932): App\Modules\Porder\Controllers\Porder->get_order_detail()
 3 SYSTEMPATH\CodeIgniter.php(497): CodeIgniter\CodeIgniter->runController(Object(App\Modules\Porder\Controllers\Porder))
 4 SYSTEMPATH\CodeIgniter.php(366): CodeIgniter\CodeIgniter->handleRequest(null, Object(Config\Cache), false)
 5 FCPATH\index.php(67): CodeIgniter\CodeIgniter->run()
CRITICAL - 2023-10-19 15:09:51 --> Undefined property: App\Modules\Porder\Controllers\Porder::$refmodel
in APPPATH\Modules\Porder\Controllers\Porder.php on line 166.
 1 APPPATH\Modules\Porder\Controllers\Porder.php(166): CodeIgniter\Debug\Exceptions->errorHandler(2, 'Undefined property: App\\Modules\\Porder\\Controllers\\Porder::$refmodel', 'D:\\xampp\\htdocs\\dfinest\\app\\Modules\\Porder\\Controllers\\Porder.php', 166)
 2 SYSTEMPATH\CodeIgniter.php(932): App\Modules\Porder\Controllers\Porder->get_order_detail()
 3 SYSTEMPATH\CodeIgniter.php(497): CodeIgniter\CodeIgniter->runController(Object(App\Modules\Porder\Controllers\Porder))
 4 SYSTEMPATH\CodeIgniter.php(366): CodeIgniter\CodeIgniter->handleRequest(null, Object(Config\Cache), false)
 5 FCPATH\index.php(67): CodeIgniter\CodeIgniter->run()
CRITICAL - 2023-10-19 15:10:54 --> Undefined property: App\Modules\Porder\Controllers\Porder::$refmodel
in APPPATH\Modules\Porder\Controllers\Porder.php on line 167.
 1 APPPATH\Modules\Porder\Controllers\Porder.php(167): CodeIgniter\Debug\Exceptions->errorHandler(2, 'Undefined property: App\\Modules\\Porder\\Controllers\\Porder::$refmodel', 'D:\\xampp\\htdocs\\dfinest\\app\\Modules\\Porder\\Controllers\\Porder.php', 167)
 2 SYSTEMPATH\CodeIgniter.php(932): App\Modules\Porder\Controllers\Porder->get_order_detail()
 3 SYSTEMPATH\CodeIgniter.php(497): CodeIgniter\CodeIgniter->runController(Object(App\Modules\Porder\Controllers\Porder))
 4 SYSTEMPATH\CodeIgniter.php(366): CodeIgniter\CodeIgniter->handleRequest(null, Object(Config\Cache), false)
 5 FCPATH\index.php(67): CodeIgniter\CodeIgniter->run()
CRITICAL - 2023-10-19 15:10:55 --> Undefined property: App\Modules\Porder\Controllers\Porder::$refmodel
in APPPATH\Modules\Porder\Controllers\Porder.php on line 167.
 1 APPPATH\Modules\Porder\Controllers\Porder.php(167): CodeIgniter\Debug\Exceptions->errorHandler(2, 'Undefined property: App\\Modules\\Porder\\Controllers\\Porder::$refmodel', 'D:\\xampp\\htdocs\\dfinest\\app\\Modules\\Porder\\Controllers\\Porder.php', 167)
 2 SYSTEMPATH\CodeIgniter.php(932): App\Modules\Porder\Controllers\Porder->get_order_detail()
 3 SYSTEMPATH\CodeIgniter.php(497): CodeIgniter\CodeIgniter->runController(Object(App\Modules\Porder\Controllers\Porder))
 4 SYSTEMPATH\CodeIgniter.php(366): CodeIgniter\CodeIgniter->handleRequest(null, Object(Config\Cache), false)
 5 FCPATH\index.php(67): CodeIgniter\CodeIgniter->run()
CRITICAL - 2023-10-19 15:10:55 --> Undefined property: App\Modules\Porder\Controllers\Porder::$refmodel
in APPPATH\Modules\Porder\Controllers\Porder.php on line 167.
 1 APPPATH\Modules\Porder\Controllers\Porder.php(167): CodeIgniter\Debug\Exceptions->errorHandler(2, 'Undefined property: App\\Modules\\Porder\\Controllers\\Porder::$refmodel', 'D:\\xampp\\htdocs\\dfinest\\app\\Modules\\Porder\\Controllers\\Porder.php', 167)
 2 SYSTEMPATH\CodeIgniter.php(932): App\Modules\Porder\Controllers\Porder->get_order_detail()
 3 SYSTEMPATH\CodeIgniter.php(497): CodeIgniter\CodeIgniter->runController(Object(App\Modules\Porder\Controllers\Porder))
 4 SYSTEMPATH\CodeIgniter.php(366): CodeIgniter\CodeIgniter->handleRequest(null, Object(Config\Cache), false)
 5 FCPATH\index.php(67): CodeIgniter\CodeIgniter->run()
CRITICAL - 2023-10-19 15:10:55 --> Undefined property: App\Modules\Porder\Controllers\Porder::$refmodel
in APPPATH\Modules\Porder\Controllers\Porder.php on line 167.
 1 APPPATH\Modules\Porder\Controllers\Porder.php(167): CodeIgniter\Debug\Exceptions->errorHandler(2, 'Undefined property: App\\Modules\\Porder\\Controllers\\Porder::$refmodel', 'D:\\xampp\\htdocs\\dfinest\\app\\Modules\\Porder\\Controllers\\Porder.php', 167)
 2 SYSTEMPATH\CodeIgniter.php(932): App\Modules\Porder\Controllers\Porder->get_order_detail()
 3 SYSTEMPATH\CodeIgniter.php(497): CodeIgniter\CodeIgniter->runController(Object(App\Modules\Porder\Controllers\Porder))
 4 SYSTEMPATH\CodeIgniter.php(366): CodeIgniter\CodeIgniter->handleRequest(null, Object(Config\Cache), false)
 5 FCPATH\index.php(67): CodeIgniter\CodeIgniter->run()
CRITICAL - 2023-10-19 15:11:02 --> Undefined property: App\Modules\Porder\Controllers\Porder::$refmodel
in APPPATH\Modules\Porder\Controllers\Porder.php on line 167.
 1 APPPATH\Modules\Porder\Controllers\Porder.php(167): CodeIgniter\Debug\Exceptions->errorHandler(2, 'Undefined property: App\\Modules\\Porder\\Controllers\\Porder::$refmodel', 'D:\\xampp\\htdocs\\dfinest\\app\\Modules\\Porder\\Controllers\\Porder.php', 167)
 2 SYSTEMPATH\CodeIgniter.php(932): App\Modules\Porder\Controllers\Porder->get_order_detail()
 3 SYSTEMPATH\CodeIgniter.php(497): CodeIgniter\CodeIgniter->runController(Object(App\Modules\Porder\Controllers\Porder))
 4 SYSTEMPATH\CodeIgniter.php(366): CodeIgniter\CodeIgniter->handleRequest(null, Object(Config\Cache), false)
 5 FCPATH\index.php(67): CodeIgniter\CodeIgniter->run()
CRITICAL - 2023-10-19 15:11:03 --> Undefined property: App\Modules\Porder\Controllers\Porder::$refmodel
in APPPATH\Modules\Porder\Controllers\Porder.php on line 167.
 1 APPPATH\Modules\Porder\Controllers\Porder.php(167): CodeIgniter\Debug\Exceptions->errorHandler(2, 'Undefined property: App\\Modules\\Porder\\Controllers\\Porder::$refmodel', 'D:\\xampp\\htdocs\\dfinest\\app\\Modules\\Porder\\Controllers\\Porder.php', 167)
 2 SYSTEMPATH\CodeIgniter.php(932): App\Modules\Porder\Controllers\Porder->get_order_detail()
 3 SYSTEMPATH\CodeIgniter.php(497): CodeIgniter\CodeIgniter->runController(Object(App\Modules\Porder\Controllers\Porder))
 4 SYSTEMPATH\CodeIgniter.php(366): CodeIgniter\CodeIgniter->handleRequest(null, Object(Config\Cache), false)
 5 FCPATH\index.php(67): CodeIgniter\CodeIgniter->run()
CRITICAL - 2023-10-19 15:58:08 --> Call to undefined method App\Modules\Create_or\Models\Create_inv::get_inv_data
in SYSTEMPATH\Model.php on line 838.
 1 APPPATH\Modules\Report\Controllers\Rp_sales_wh.php(123): CodeIgniter\Model->__call('get_inv_data', [...])
 2 SYSTEMPATH\CodeIgniter.php(932): App\Modules\Report\Controllers\Rp_sales_wh->load_detail()
 3 SYSTEMPATH\CodeIgniter.php(497): CodeIgniter\CodeIgniter->runController(Object(App\Modules\Report\Controllers\Rp_sales_wh))
 4 SYSTEMPATH\CodeIgniter.php(366): CodeIgniter\CodeIgniter->handleRequest(null, Object(Config\Cache), false)
 5 FCPATH\index.php(67): CodeIgniter\CodeIgniter->run()
CRITICAL - 2023-10-19 15:58:08 --> Call to undefined method App\Modules\Create_or\Models\Create_inv::get_inv_data
in SYSTEMPATH\Model.php on line 838.
 1 APPPATH\Modules\Report\Controllers\Rp_sales_wh.php(123): CodeIgniter\Model->__call('get_inv_data', [...])
 2 SYSTEMPATH\CodeIgniter.php(932): App\Modules\Report\Controllers\Rp_sales_wh->load_detail()
 3 SYSTEMPATH\CodeIgniter.php(497): CodeIgniter\CodeIgniter->runController(Object(App\Modules\Report\Controllers\Rp_sales_wh))
 4 SYSTEMPATH\CodeIgniter.php(366): CodeIgniter\CodeIgniter->handleRequest(null, Object(Config\Cache), false)
 5 FCPATH\index.php(67): CodeIgniter\CodeIgniter->run()
ERROR - 2023-10-19 16:15:25 --> mysqli_sql_exception: Unknown column 'CStID' in 'where clause' in D:\xampp\htdocs\dfinest\system\Database\MySQLi\Connection.php:295
Stack trace:
#0 D:\xampp\htdocs\dfinest\system\Database\MySQLi\Connection.php(295): mysqli->query('SELECT SUM(IF(U...', 0)
#1 D:\xampp\htdocs\dfinest\system\Database\BaseConnection.php(692): CodeIgniter\Database\MySQLi\Connection->execute('SELECT SUM(IF(U...')
#2 D:\xampp\htdocs\dfinest\system\Database\BaseConnection.php(606): CodeIgniter\Database\BaseConnection->simpleQuery('SELECT SUM(IF(U...')
#3 D:\xampp\htdocs\dfinest\system\Database\BaseBuilder.php(1616): CodeIgniter\Database\BaseConnection->query('SELECT SUM(IF(U...', Array, false)
#4 D:\xampp\htdocs\dfinest\app\Models\MainModel.php(628): CodeIgniter\Database\BaseBuilder->get()
#5 D:\xampp\htdocs\dfinest\app\Modules\Porder\Controllers\Porder.php(88): App\Models\MainModel->get_sum_qty_booked(7, 0, 'Y')
#6 D:\xampp\htdocs\dfinest\system\CodeIgniter.php(932): App\Modules\Porder\Controllers\Porder->edit()
#7 D:\xampp\htdocs\dfinest\system\CodeIgniter.php(497): CodeIgniter\CodeIgniter->runController(Object(App\Modules\Porder\Controllers\Porder))
#8 D:\xampp\htdocs\dfinest\system\CodeIgniter.php(366): CodeIgniter\CodeIgniter->handleRequest(NULL, Object(Config\Cache), false)
#9 D:\xampp\htdocs\dfinest\public\index.php(67): CodeIgniter\CodeIgniter->run()
#10 {main}
CRITICAL - 2023-10-19 16:15:26 --> Unknown column 'CStID' in 'where clause'
in SYSTEMPATH\Database\MySQLi\Connection.php on line 295.
 1 SYSTEMPATH\Database\MySQLi\Connection.php(295): mysqli->query('SELECT SUM(IF(Unit="Y", `Qty`, ROUND(Qty/0.9144, 2))) Qty
FROM `porder_roll`
WHERE `Close` = \'0\'
AND `CStID` = 7', 0)
 2 SYSTEMPATH\Database\BaseConnection.php(692): CodeIgniter\Database\MySQLi\Connection->execute('SELECT SUM(IF(Unit="Y", `Qty`, ROUND(Qty/0.9144, 2))) Qty
FROM `porder_roll`
WHERE `Close` = \'0\'
AND `CStID` = 7')
 3 SYSTEMPATH\Database\BaseConnection.php(606): CodeIgniter\Database\BaseConnection->simpleQuery('SELECT SUM(IF(Unit="Y", `Qty`, ROUND(Qty/0.9144, 2))) Qty
FROM `porder_roll`
WHERE `Close` = \'0\'
AND `CStID` = 7')
 4 SYSTEMPATH\Database\BaseBuilder.php(1616): CodeIgniter\Database\BaseConnection->query('SELECT SUM(IF(Unit="Y", `Qty`, ROUND(Qty/0.9144, 2))) Qty
FROM `porder_roll`
WHERE `Close` = :Close:
AND `CStID` = :CStID:', [...], false)
 5 APPPATH\Models\MainModel.php(628): CodeIgniter\Database\BaseBuilder->get()
 6 APPPATH\Modules\Porder\Controllers\Porder.php(88): App\Models\MainModel->get_sum_qty_booked(7, 0, 'Y')
 7 SYSTEMPATH\CodeIgniter.php(932): App\Modules\Porder\Controllers\Porder->edit()
 8 SYSTEMPATH\CodeIgniter.php(497): CodeIgniter\CodeIgniter->runController(Object(App\Modules\Porder\Controllers\Porder))
 9 SYSTEMPATH\CodeIgniter.php(366): CodeIgniter\CodeIgniter->handleRequest(null, Object(Config\Cache), false)
10 FCPATH\index.php(67): CodeIgniter\CodeIgniter->run()
ERROR - 2023-10-19 16:15:27 --> mysqli_sql_exception: Unknown column 'CStID' in 'where clause' in D:\xampp\htdocs\dfinest\system\Database\MySQLi\Connection.php:295
Stack trace:
#0 D:\xampp\htdocs\dfinest\system\Database\MySQLi\Connection.php(295): mysqli->query('SELECT SUM(IF(U...', 0)
#1 D:\xampp\htdocs\dfinest\system\Database\BaseConnection.php(692): CodeIgniter\Database\MySQLi\Connection->execute('SELECT SUM(IF(U...')
#2 D:\xampp\htdocs\dfinest\system\Database\BaseConnection.php(606): CodeIgniter\Database\BaseConnection->simpleQuery('SELECT SUM(IF(U...')
#3 D:\xampp\htdocs\dfinest\system\Database\BaseBuilder.php(1616): CodeIgniter\Database\BaseConnection->query('SELECT SUM(IF(U...', Array, false)
#4 D:\xampp\htdocs\dfinest\app\Models\MainModel.php(628): CodeIgniter\Database\BaseBuilder->get()
#5 D:\xampp\htdocs\dfinest\app\Modules\Porder\Controllers\Porder.php(88): App\Models\MainModel->get_sum_qty_booked(7, 0, 'Y')
#6 D:\xampp\htdocs\dfinest\system\CodeIgniter.php(932): App\Modules\Porder\Controllers\Porder->edit()
#7 D:\xampp\htdocs\dfinest\system\CodeIgniter.php(497): CodeIgniter\CodeIgniter->runController(Object(App\Modules\Porder\Controllers\Porder))
#8 D:\xampp\htdocs\dfinest\system\CodeIgniter.php(366): CodeIgniter\CodeIgniter->handleRequest(NULL, Object(Config\Cache), false)
#9 D:\xampp\htdocs\dfinest\public\index.php(67): CodeIgniter\CodeIgniter->run()
#10 {main}
CRITICAL - 2023-10-19 16:15:27 --> Unknown column 'CStID' in 'where clause'
in SYSTEMPATH\Database\MySQLi\Connection.php on line 295.
 1 SYSTEMPATH\Database\MySQLi\Connection.php(295): mysqli->query('SELECT SUM(IF(Unit="Y", `Qty`, ROUND(Qty/0.9144, 2))) Qty
FROM `porder_roll`
WHERE `Close` = \'0\'
AND `CStID` = 7', 0)
 2 SYSTEMPATH\Database\BaseConnection.php(692): CodeIgniter\Database\MySQLi\Connection->execute('SELECT SUM(IF(Unit="Y", `Qty`, ROUND(Qty/0.9144, 2))) Qty
FROM `porder_roll`
WHERE `Close` = \'0\'
AND `CStID` = 7')
 3 SYSTEMPATH\Database\BaseConnection.php(606): CodeIgniter\Database\BaseConnection->simpleQuery('SELECT SUM(IF(Unit="Y", `Qty`, ROUND(Qty/0.9144, 2))) Qty
FROM `porder_roll`
WHERE `Close` = \'0\'
AND `CStID` = 7')
 4 SYSTEMPATH\Database\BaseBuilder.php(1616): CodeIgniter\Database\BaseConnection->query('SELECT SUM(IF(Unit="Y", `Qty`, ROUND(Qty/0.9144, 2))) Qty
FROM `porder_roll`
WHERE `Close` = :Close:
AND `CStID` = :CStID:', [...], false)
 5 APPPATH\Models\MainModel.php(628): CodeIgniter\Database\BaseBuilder->get()
 6 APPPATH\Modules\Porder\Controllers\Porder.php(88): App\Models\MainModel->get_sum_qty_booked(7, 0, 'Y')
 7 SYSTEMPATH\CodeIgniter.php(932): App\Modules\Porder\Controllers\Porder->edit()
 8 SYSTEMPATH\CodeIgniter.php(497): CodeIgniter\CodeIgniter->runController(Object(App\Modules\Porder\Controllers\Porder))
 9 SYSTEMPATH\CodeIgniter.php(366): CodeIgniter\CodeIgniter->handleRequest(null, Object(Config\Cache), false)
10 FCPATH\index.php(67): CodeIgniter\CodeIgniter->run()
ERROR - 2023-10-19 16:16:07 --> mysqli_sql_exception: Unknown column 'CStID' in 'where clause' in D:\xampp\htdocs\dfinest\system\Database\MySQLi\Connection.php:295
Stack trace:
#0 D:\xampp\htdocs\dfinest\system\Database\MySQLi\Connection.php(295): mysqli->query('SELECT SUM(IF(U...', 0)
#1 D:\xampp\htdocs\dfinest\system\Database\BaseConnection.php(692): CodeIgniter\Database\MySQLi\Connection->execute('SELECT SUM(IF(U...')
#2 D:\xampp\htdocs\dfinest\system\Database\BaseConnection.php(606): CodeIgniter\Database\BaseConnection->simpleQuery('SELECT SUM(IF(U...')
#3 D:\xampp\htdocs\dfinest\system\Database\BaseBuilder.php(1616): CodeIgniter\Database\BaseConnection->query('SELECT SUM(IF(U...', Array, false)
#4 D:\xampp\htdocs\dfinest\app\Models\MainModel.php(629): CodeIgniter\Database\BaseBuilder->get()
#5 D:\xampp\htdocs\dfinest\app\Modules\Porder\Controllers\Porder.php(88): App\Models\MainModel->get_sum_qty_booked(7, 0, 'Y')
#6 D:\xampp\htdocs\dfinest\system\CodeIgniter.php(932): App\Modules\Porder\Controllers\Porder->edit()
#7 D:\xampp\htdocs\dfinest\system\CodeIgniter.php(497): CodeIgniter\CodeIgniter->runController(Object(App\Modules\Porder\Controllers\Porder))
#8 D:\xampp\htdocs\dfinest\system\CodeIgniter.php(366): CodeIgniter\CodeIgniter->handleRequest(NULL, Object(Config\Cache), false)
#9 D:\xampp\htdocs\dfinest\public\index.php(67): CodeIgniter\CodeIgniter->run()
#10 {main}
CRITICAL - 2023-10-19 16:16:07 --> Unknown column 'CStID' in 'where clause'
in SYSTEMPATH\Database\MySQLi\Connection.php on line 295.
 1 SYSTEMPATH\Database\MySQLi\Connection.php(295): mysqli->query('SELECT SUM(IF(Unit="Y", `Qty`, ROUND(Qty/0.9144, 2))) Qty
FROM `porder_roll`
WHERE `Close` = \'0\'
AND `CStID` = 7', 0)
 2 SYSTEMPATH\Database\BaseConnection.php(692): CodeIgniter\Database\MySQLi\Connection->execute('SELECT SUM(IF(Unit="Y", `Qty`, ROUND(Qty/0.9144, 2))) Qty
FROM `porder_roll`
WHERE `Close` = \'0\'
AND `CStID` = 7')
 3 SYSTEMPATH\Database\BaseConnection.php(606): CodeIgniter\Database\BaseConnection->simpleQuery('SELECT SUM(IF(Unit="Y", `Qty`, ROUND(Qty/0.9144, 2))) Qty
FROM `porder_roll`
WHERE `Close` = \'0\'
AND `CStID` = 7')
 4 SYSTEMPATH\Database\BaseBuilder.php(1616): CodeIgniter\Database\BaseConnection->query('SELECT SUM(IF(Unit="Y", `Qty`, ROUND(Qty/0.9144, 2))) Qty
FROM `porder_roll`
WHERE `Close` = :Close:
AND `CStID` = :CStID:', [...], false)
 5 APPPATH\Models\MainModel.php(629): CodeIgniter\Database\BaseBuilder->get()
 6 APPPATH\Modules\Porder\Controllers\Porder.php(88): App\Models\MainModel->get_sum_qty_booked(7, 0, 'Y')
 7 SYSTEMPATH\CodeIgniter.php(932): App\Modules\Porder\Controllers\Porder->edit()
 8 SYSTEMPATH\CodeIgniter.php(497): CodeIgniter\CodeIgniter->runController(Object(App\Modules\Porder\Controllers\Porder))
 9 SYSTEMPATH\CodeIgniter.php(366): CodeIgniter\CodeIgniter->handleRequest(null, Object(Config\Cache), false)
10 FCPATH\index.php(67): CodeIgniter\CodeIgniter->run()
ERROR - 2023-10-19 16:17:59 --> mysqli_sql_exception: Unknown column 'CStID' in 'where clause' in D:\xampp\htdocs\dfinest\system\Database\MySQLi\Connection.php:295
Stack trace:
#0 D:\xampp\htdocs\dfinest\system\Database\MySQLi\Connection.php(295): mysqli->query('SELECT SUM(IF(U...', 0)
#1 D:\xampp\htdocs\dfinest\system\Database\BaseConnection.php(692): CodeIgniter\Database\MySQLi\Connection->execute('SELECT SUM(IF(U...')
#2 D:\xampp\htdocs\dfinest\system\Database\BaseConnection.php(606): CodeIgniter\Database\BaseConnection->simpleQuery('SELECT SUM(IF(U...')
#3 D:\xampp\htdocs\dfinest\system\Database\BaseBuilder.php(1616): CodeIgniter\Database\BaseConnection->query('SELECT SUM(IF(U...', Array, false)
#4 D:\xampp\htdocs\dfinest\app\Models\MainModel.php(631): CodeIgniter\Database\BaseBuilder->get()
#5 D:\xampp\htdocs\dfinest\app\Modules\Porder\Controllers\Porder.php(88): App\Models\MainModel->get_sum_qty_booked(7, 0, 'Y')
#6 D:\xampp\htdocs\dfinest\system\CodeIgniter.php(932): App\Modules\Porder\Controllers\Porder->edit()
#7 D:\xampp\htdocs\dfinest\system\CodeIgniter.php(497): CodeIgniter\CodeIgniter->runController(Object(App\Modules\Porder\Controllers\Porder))
#8 D:\xampp\htdocs\dfinest\system\CodeIgniter.php(366): CodeIgniter\CodeIgniter->handleRequest(NULL, Object(Config\Cache), false)
#9 D:\xampp\htdocs\dfinest\public\index.php(67): CodeIgniter\CodeIgniter->run()
#10 {main}
CRITICAL - 2023-10-19 16:17:59 --> Unknown column 'CStID' in 'where clause'
in SYSTEMPATH\Database\MySQLi\Connection.php on line 295.
 1 SYSTEMPATH\Database\MySQLi\Connection.php(295): mysqli->query('SELECT SUM(IF(Unit="Y", `Qty`, ROUND(Qty/0.9144, 2))) Qty
FROM `porder_roll`
WHERE `Close` = \'0\'
AND `CStID` = 7', 0)
 2 SYSTEMPATH\Database\BaseConnection.php(692): CodeIgniter\Database\MySQLi\Connection->execute('SELECT SUM(IF(Unit="Y", `Qty`, ROUND(Qty/0.9144, 2))) Qty
FROM `porder_roll`
WHERE `Close` = \'0\'
AND `CStID` = 7')
 3 SYSTEMPATH\Database\BaseConnection.php(606): CodeIgniter\Database\BaseConnection->simpleQuery('SELECT SUM(IF(Unit="Y", `Qty`, ROUND(Qty/0.9144, 2))) Qty
FROM `porder_roll`
WHERE `Close` = \'0\'
AND `CStID` = 7')
 4 SYSTEMPATH\Database\BaseBuilder.php(1616): CodeIgniter\Database\BaseConnection->query('SELECT SUM(IF(Unit="Y", `Qty`, ROUND(Qty/0.9144, 2))) Qty
FROM `porder_roll`
WHERE `Close` = :Close:
AND `CStID` = :CStID:', [...], false)
 5 APPPATH\Models\MainModel.php(631): CodeIgniter\Database\BaseBuilder->get()
 6 APPPATH\Modules\Porder\Controllers\Porder.php(88): App\Models\MainModel->get_sum_qty_booked(7, 0, 'Y')
 7 SYSTEMPATH\CodeIgniter.php(932): App\Modules\Porder\Controllers\Porder->edit()
 8 SYSTEMPATH\CodeIgniter.php(497): CodeIgniter\CodeIgniter->runController(Object(App\Modules\Porder\Controllers\Porder))
 9 SYSTEMPATH\CodeIgniter.php(366): CodeIgniter\CodeIgniter->handleRequest(null, Object(Config\Cache), false)
10 FCPATH\index.php(67): CodeIgniter\CodeIgniter->run()
ERROR - 2023-10-19 16:18:00 --> mysqli_sql_exception: Unknown column 'CStID' in 'where clause' in D:\xampp\htdocs\dfinest\system\Database\MySQLi\Connection.php:295
Stack trace:
#0 D:\xampp\htdocs\dfinest\system\Database\MySQLi\Connection.php(295): mysqli->query('SELECT SUM(IF(U...', 0)
#1 D:\xampp\htdocs\dfinest\system\Database\BaseConnection.php(692): CodeIgniter\Database\MySQLi\Connection->execute('SELECT SUM(IF(U...')
#2 D:\xampp\htdocs\dfinest\system\Database\BaseConnection.php(606): CodeIgniter\Database\BaseConnection->simpleQuery('SELECT SUM(IF(U...')
#3 D:\xampp\htdocs\dfinest\system\Database\BaseBuilder.php(1616): CodeIgniter\Database\BaseConnection->query('SELECT SUM(IF(U...', Array, false)
#4 D:\xampp\htdocs\dfinest\app\Models\MainModel.php(631): CodeIgniter\Database\BaseBuilder->get()
#5 D:\xampp\htdocs\dfinest\app\Modules\Porder\Controllers\Porder.php(88): App\Models\MainModel->get_sum_qty_booked(7, 0, 'Y')
#6 D:\xampp\htdocs\dfinest\system\CodeIgniter.php(932): App\Modules\Porder\Controllers\Porder->edit()
#7 D:\xampp\htdocs\dfinest\system\CodeIgniter.php(497): CodeIgniter\CodeIgniter->runController(Object(App\Modules\Porder\Controllers\Porder))
#8 D:\xampp\htdocs\dfinest\system\CodeIgniter.php(366): CodeIgniter\CodeIgniter->handleRequest(NULL, Object(Config\Cache), false)
#9 D:\xampp\htdocs\dfinest\public\index.php(67): CodeIgniter\CodeIgniter->run()
#10 {main}
CRITICAL - 2023-10-19 16:18:00 --> Unknown column 'CStID' in 'where clause'
in SYSTEMPATH\Database\MySQLi\Connection.php on line 295.
 1 SYSTEMPATH\Database\MySQLi\Connection.php(295): mysqli->query('SELECT SUM(IF(Unit="Y", `Qty`, ROUND(Qty/0.9144, 2))) Qty
FROM `porder_roll`
WHERE `Close` = \'0\'
AND `CStID` = 7', 0)
 2 SYSTEMPATH\Database\BaseConnection.php(692): CodeIgniter\Database\MySQLi\Connection->execute('SELECT SUM(IF(Unit="Y", `Qty`, ROUND(Qty/0.9144, 2))) Qty
FROM `porder_roll`
WHERE `Close` = \'0\'
AND `CStID` = 7')
 3 SYSTEMPATH\Database\BaseConnection.php(606): CodeIgniter\Database\BaseConnection->simpleQuery('SELECT SUM(IF(Unit="Y", `Qty`, ROUND(Qty/0.9144, 2))) Qty
FROM `porder_roll`
WHERE `Close` = \'0\'
AND `CStID` = 7')
 4 SYSTEMPATH\Database\BaseBuilder.php(1616): CodeIgniter\Database\BaseConnection->query('SELECT SUM(IF(Unit="Y", `Qty`, ROUND(Qty/0.9144, 2))) Qty
FROM `porder_roll`
WHERE `Close` = :Close:
AND `CStID` = :CStID:', [...], false)
 5 APPPATH\Models\MainModel.php(631): CodeIgniter\Database\BaseBuilder->get()
 6 APPPATH\Modules\Porder\Controllers\Porder.php(88): App\Models\MainModel->get_sum_qty_booked(7, 0, 'Y')
 7 SYSTEMPATH\CodeIgniter.php(932): App\Modules\Porder\Controllers\Porder->edit()
 8 SYSTEMPATH\CodeIgniter.php(497): CodeIgniter\CodeIgniter->runController(Object(App\Modules\Porder\Controllers\Porder))
 9 SYSTEMPATH\CodeIgniter.php(366): CodeIgniter\CodeIgniter->handleRequest(null, Object(Config\Cache), false)
10 FCPATH\index.php(67): CodeIgniter\CodeIgniter->run()
ERROR - 2023-10-19 16:18:47 --> mysqli_sql_exception: Unknown column 'CStID' in 'where clause' in D:\xampp\htdocs\dfinest\system\Database\MySQLi\Connection.php:295
Stack trace:
#0 D:\xampp\htdocs\dfinest\system\Database\MySQLi\Connection.php(295): mysqli->query('SELECT SUM(IF(U...', 0)
#1 D:\xampp\htdocs\dfinest\system\Database\BaseConnection.php(692): CodeIgniter\Database\MySQLi\Connection->execute('SELECT SUM(IF(U...')
#2 D:\xampp\htdocs\dfinest\system\Database\BaseConnection.php(606): CodeIgniter\Database\BaseConnection->simpleQuery('SELECT SUM(IF(U...')
#3 D:\xampp\htdocs\dfinest\system\Database\BaseBuilder.php(1616): CodeIgniter\Database\BaseConnection->query('SELECT SUM(IF(U...', Array, false)
#4 D:\xampp\htdocs\dfinest\app\Models\MainModel.php(630): CodeIgniter\Database\BaseBuilder->get()
#5 D:\xampp\htdocs\dfinest\app\Modules\Porder\Controllers\Porder.php(88): App\Models\MainModel->get_sum_qty_booked(7, 0, 'Y')
#6 D:\xampp\htdocs\dfinest\system\CodeIgniter.php(932): App\Modules\Porder\Controllers\Porder->edit()
#7 D:\xampp\htdocs\dfinest\system\CodeIgniter.php(497): CodeIgniter\CodeIgniter->runController(Object(App\Modules\Porder\Controllers\Porder))
#8 D:\xampp\htdocs\dfinest\system\CodeIgniter.php(366): CodeIgniter\CodeIgniter->handleRequest(NULL, Object(Config\Cache), false)
#9 D:\xampp\htdocs\dfinest\public\index.php(67): CodeIgniter\CodeIgniter->run()
#10 {main}
CRITICAL - 2023-10-19 16:18:47 --> Unknown column 'CStID' in 'where clause'
in SYSTEMPATH\Database\MySQLi\Connection.php on line 295.
 1 SYSTEMPATH\Database\MySQLi\Connection.php(295): mysqli->query('SELECT SUM(IF(Unit="Y", `Qty`, ROUND(Qty/0.9144, 2))) Qty
FROM `porder_roll`
WHERE `Close` = \'0\'
AND `CStID` = 7', 0)
 2 SYSTEMPATH\Database\BaseConnection.php(692): CodeIgniter\Database\MySQLi\Connection->execute('SELECT SUM(IF(Unit="Y", `Qty`, ROUND(Qty/0.9144, 2))) Qty
FROM `porder_roll`
WHERE `Close` = \'0\'
AND `CStID` = 7')
 3 SYSTEMPATH\Database\BaseConnection.php(606): CodeIgniter\Database\BaseConnection->simpleQuery('SELECT SUM(IF(Unit="Y", `Qty`, ROUND(Qty/0.9144, 2))) Qty
FROM `porder_roll`
WHERE `Close` = \'0\'
AND `CStID` = 7')
 4 SYSTEMPATH\Database\BaseBuilder.php(1616): CodeIgniter\Database\BaseConnection->query('SELECT SUM(IF(Unit="Y", `Qty`, ROUND(Qty/0.9144, 2))) Qty
FROM `porder_roll`
WHERE `Close` = :Close:
AND `CStID` = :CStID:', [...], false)
 5 APPPATH\Models\MainModel.php(630): CodeIgniter\Database\BaseBuilder->get()
 6 APPPATH\Modules\Porder\Controllers\Porder.php(88): App\Models\MainModel->get_sum_qty_booked(7, 0, 'Y')
 7 SYSTEMPATH\CodeIgniter.php(932): App\Modules\Porder\Controllers\Porder->edit()
 8 SYSTEMPATH\CodeIgniter.php(497): CodeIgniter\CodeIgniter->runController(Object(App\Modules\Porder\Controllers\Porder))
 9 SYSTEMPATH\CodeIgniter.php(366): CodeIgniter\CodeIgniter->handleRequest(null, Object(Config\Cache), false)
10 FCPATH\index.php(67): CodeIgniter\CodeIgniter->run()
ERROR - 2023-10-19 16:18:48 --> mysqli_sql_exception: Unknown column 'CStID' in 'where clause' in D:\xampp\htdocs\dfinest\system\Database\MySQLi\Connection.php:295
Stack trace:
#0 D:\xampp\htdocs\dfinest\system\Database\MySQLi\Connection.php(295): mysqli->query('SELECT SUM(IF(U...', 0)
#1 D:\xampp\htdocs\dfinest\system\Database\BaseConnection.php(692): CodeIgniter\Database\MySQLi\Connection->execute('SELECT SUM(IF(U...')
#2 D:\xampp\htdocs\dfinest\system\Database\BaseConnection.php(606): CodeIgniter\Database\BaseConnection->simpleQuery('SELECT SUM(IF(U...')
#3 D:\xampp\htdocs\dfinest\system\Database\BaseBuilder.php(1616): CodeIgniter\Database\BaseConnection->query('SELECT SUM(IF(U...', Array, false)
#4 D:\xampp\htdocs\dfinest\app\Models\MainModel.php(630): CodeIgniter\Database\BaseBuilder->get()
#5 D:\xampp\htdocs\dfinest\app\Modules\Porder\Controllers\Porder.php(88): App\Models\MainModel->get_sum_qty_booked(7, 0, 'Y')
#6 D:\xampp\htdocs\dfinest\system\CodeIgniter.php(932): App\Modules\Porder\Controllers\Porder->edit()
#7 D:\xampp\htdocs\dfinest\system\CodeIgniter.php(497): CodeIgniter\CodeIgniter->runController(Object(App\Modules\Porder\Controllers\Porder))
#8 D:\xampp\htdocs\dfinest\system\CodeIgniter.php(366): CodeIgniter\CodeIgniter->handleRequest(NULL, Object(Config\Cache), false)
#9 D:\xampp\htdocs\dfinest\public\index.php(67): CodeIgniter\CodeIgniter->run()
#10 {main}
CRITICAL - 2023-10-19 16:18:48 --> Unknown column 'CStID' in 'where clause'
in SYSTEMPATH\Database\MySQLi\Connection.php on line 295.
 1 SYSTEMPATH\Database\MySQLi\Connection.php(295): mysqli->query('SELECT SUM(IF(Unit="Y", `Qty`, ROUND(Qty/0.9144, 2))) Qty
FROM `porder_roll`
WHERE `Close` = \'0\'
AND `CStID` = 7', 0)
 2 SYSTEMPATH\Database\BaseConnection.php(692): CodeIgniter\Database\MySQLi\Connection->execute('SELECT SUM(IF(Unit="Y", `Qty`, ROUND(Qty/0.9144, 2))) Qty
FROM `porder_roll`
WHERE `Close` = \'0\'
AND `CStID` = 7')
 3 SYSTEMPATH\Database\BaseConnection.php(606): CodeIgniter\Database\BaseConnection->simpleQuery('SELECT SUM(IF(Unit="Y", `Qty`, ROUND(Qty/0.9144, 2))) Qty
FROM `porder_roll`
WHERE `Close` = \'0\'
AND `CStID` = 7')
 4 SYSTEMPATH\Database\BaseBuilder.php(1616): CodeIgniter\Database\BaseConnection->query('SELECT SUM(IF(Unit="Y", `Qty`, ROUND(Qty/0.9144, 2))) Qty
FROM `porder_roll`
WHERE `Close` = :Close:
AND `CStID` = :CStID:', [...], false)
 5 APPPATH\Models\MainModel.php(630): CodeIgniter\Database\BaseBuilder->get()
 6 APPPATH\Modules\Porder\Controllers\Porder.php(88): App\Models\MainModel->get_sum_qty_booked(7, 0, 'Y')
 7 SYSTEMPATH\CodeIgniter.php(932): App\Modules\Porder\Controllers\Porder->edit()
 8 SYSTEMPATH\CodeIgniter.php(497): CodeIgniter\CodeIgniter->runController(Object(App\Modules\Porder\Controllers\Porder))
 9 SYSTEMPATH\CodeIgniter.php(366): CodeIgniter\CodeIgniter->handleRequest(null, Object(Config\Cache), false)
10 FCPATH\index.php(67): CodeIgniter\CodeIgniter->run()
ERROR - 2023-10-19 16:18:59 --> mysqli_sql_exception: Unknown column 'CStID' in 'where clause' in D:\xampp\htdocs\dfinest\system\Database\MySQLi\Connection.php:295
Stack trace:
#0 D:\xampp\htdocs\dfinest\system\Database\MySQLi\Connection.php(295): mysqli->query('SELECT SUM(IF(U...', 0)
#1 D:\xampp\htdocs\dfinest\system\Database\BaseConnection.php(692): CodeIgniter\Database\MySQLi\Connection->execute('SELECT SUM(IF(U...')
#2 D:\xampp\htdocs\dfinest\system\Database\BaseConnection.php(606): CodeIgniter\Database\BaseConnection->simpleQuery('SELECT SUM(IF(U...')
#3 D:\xampp\htdocs\dfinest\system\Database\BaseBuilder.php(1616): CodeIgniter\Database\BaseConnection->query('SELECT SUM(IF(U...', Array, false)
#4 D:\xampp\htdocs\dfinest\app\Models\MainModel.php(630): CodeIgniter\Database\BaseBuilder->get()
#5 D:\xampp\htdocs\dfinest\app\Modules\Porder\Controllers\Porder.php(88): App\Models\MainModel->get_sum_qty_booked(7, 0, 'Y')
#6 D:\xampp\htdocs\dfinest\system\CodeIgniter.php(932): App\Modules\Porder\Controllers\Porder->edit()
#7 D:\xampp\htdocs\dfinest\system\CodeIgniter.php(497): CodeIgniter\CodeIgniter->runController(Object(App\Modules\Porder\Controllers\Porder))
#8 D:\xampp\htdocs\dfinest\system\CodeIgniter.php(366): CodeIgniter\CodeIgniter->handleRequest(NULL, Object(Config\Cache), false)
#9 D:\xampp\htdocs\dfinest\public\index.php(67): CodeIgniter\CodeIgniter->run()
#10 {main}
CRITICAL - 2023-10-19 16:18:59 --> Unknown column 'CStID' in 'where clause'
in SYSTEMPATH\Database\MySQLi\Connection.php on line 295.
 1 SYSTEMPATH\Database\MySQLi\Connection.php(295): mysqli->query('SELECT SUM(IF(Unit="Y", `Qty`, ROUND(Qty/0.9144, 2))) Qty
FROM `porder_roll`
WHERE `Close` = \'0\'
AND `CStID` = 7', 0)
 2 SYSTEMPATH\Database\BaseConnection.php(692): CodeIgniter\Database\MySQLi\Connection->execute('SELECT SUM(IF(Unit="Y", `Qty`, ROUND(Qty/0.9144, 2))) Qty
FROM `porder_roll`
WHERE `Close` = \'0\'
AND `CStID` = 7')
 3 SYSTEMPATH\Database\BaseConnection.php(606): CodeIgniter\Database\BaseConnection->simpleQuery('SELECT SUM(IF(Unit="Y", `Qty`, ROUND(Qty/0.9144, 2))) Qty
FROM `porder_roll`
WHERE `Close` = \'0\'
AND `CStID` = 7')
 4 SYSTEMPATH\Database\BaseBuilder.php(1616): CodeIgniter\Database\BaseConnection->query('SELECT SUM(IF(Unit="Y", `Qty`, ROUND(Qty/0.9144, 2))) Qty
FROM `porder_roll`
WHERE `Close` = :Close:
AND `CStID` = :CStID:', [...], false)
 5 APPPATH\Models\MainModel.php(630): CodeIgniter\Database\BaseBuilder->get()
 6 APPPATH\Modules\Porder\Controllers\Porder.php(88): App\Models\MainModel->get_sum_qty_booked(7, 0, 'Y')
 7 SYSTEMPATH\CodeIgniter.php(932): App\Modules\Porder\Controllers\Porder->edit()
 8 SYSTEMPATH\CodeIgniter.php(497): CodeIgniter\CodeIgniter->runController(Object(App\Modules\Porder\Controllers\Porder))
 9 SYSTEMPATH\CodeIgniter.php(366): CodeIgniter\CodeIgniter->handleRequest(null, Object(Config\Cache), false)
10 FCPATH\index.php(67): CodeIgniter\CodeIgniter->run()
ERROR - 2023-10-19 16:19:00 --> mysqli_sql_exception: Unknown column 'CStID' in 'where clause' in D:\xampp\htdocs\dfinest\system\Database\MySQLi\Connection.php:295
Stack trace:
#0 D:\xampp\htdocs\dfinest\system\Database\MySQLi\Connection.php(295): mysqli->query('SELECT SUM(IF(U...', 0)
#1 D:\xampp\htdocs\dfinest\system\Database\BaseConnection.php(692): CodeIgniter\Database\MySQLi\Connection->execute('SELECT SUM(IF(U...')
#2 D:\xampp\htdocs\dfinest\system\Database\BaseConnection.php(606): CodeIgniter\Database\BaseConnection->simpleQuery('SELECT SUM(IF(U...')
#3 D:\xampp\htdocs\dfinest\system\Database\BaseBuilder.php(1616): CodeIgniter\Database\BaseConnection->query('SELECT SUM(IF(U...', Array, false)
#4 D:\xampp\htdocs\dfinest\app\Models\MainModel.php(630): CodeIgniter\Database\BaseBuilder->get()
#5 D:\xampp\htdocs\dfinest\app\Modules\Porder\Controllers\Porder.php(88): App\Models\MainModel->get_sum_qty_booked(7, 0, 'Y')
#6 D:\xampp\htdocs\dfinest\system\CodeIgniter.php(932): App\Modules\Porder\Controllers\Porder->edit()
#7 D:\xampp\htdocs\dfinest\system\CodeIgniter.php(497): CodeIgniter\CodeIgniter->runController(Object(App\Modules\Porder\Controllers\Porder))
#8 D:\xampp\htdocs\dfinest\system\CodeIgniter.php(366): CodeIgniter\CodeIgniter->handleRequest(NULL, Object(Config\Cache), false)
#9 D:\xampp\htdocs\dfinest\public\index.php(67): CodeIgniter\CodeIgniter->run()
#10 {main}
CRITICAL - 2023-10-19 16:19:00 --> Unknown column 'CStID' in 'where clause'
in SYSTEMPATH\Database\MySQLi\Connection.php on line 295.
 1 SYSTEMPATH\Database\MySQLi\Connection.php(295): mysqli->query('SELECT SUM(IF(Unit="Y", `Qty`, ROUND(Qty/0.9144, 2))) Qty
FROM `porder_roll`
WHERE `Close` = \'0\'
AND `CStID` = 7', 0)
 2 SYSTEMPATH\Database\BaseConnection.php(692): CodeIgniter\Database\MySQLi\Connection->execute('SELECT SUM(IF(Unit="Y", `Qty`, ROUND(Qty/0.9144, 2))) Qty
FROM `porder_roll`
WHERE `Close` = \'0\'
AND `CStID` = 7')
 3 SYSTEMPATH\Database\BaseConnection.php(606): CodeIgniter\Database\BaseConnection->simpleQuery('SELECT SUM(IF(Unit="Y", `Qty`, ROUND(Qty/0.9144, 2))) Qty
FROM `porder_roll`
WHERE `Close` = \'0\'
AND `CStID` = 7')
 4 SYSTEMPATH\Database\BaseBuilder.php(1616): CodeIgniter\Database\BaseConnection->query('SELECT SUM(IF(Unit="Y", `Qty`, ROUND(Qty/0.9144, 2))) Qty
FROM `porder_roll`
WHERE `Close` = :Close:
AND `CStID` = :CStID:', [...], false)
 5 APPPATH\Models\MainModel.php(630): CodeIgniter\Database\BaseBuilder->get()
 6 APPPATH\Modules\Porder\Controllers\Porder.php(88): App\Models\MainModel->get_sum_qty_booked(7, 0, 'Y')
 7 SYSTEMPATH\CodeIgniter.php(932): App\Modules\Porder\Controllers\Porder->edit()
 8 SYSTEMPATH\CodeIgniter.php(497): CodeIgniter\CodeIgniter->runController(Object(App\Modules\Porder\Controllers\Porder))
 9 SYSTEMPATH\CodeIgniter.php(366): CodeIgniter\CodeIgniter->handleRequest(null, Object(Config\Cache), false)
10 FCPATH\index.php(67): CodeIgniter\CodeIgniter->run()
