CRITICAL - 2023-08-31 09:31:15 --> Undefined variable $search
in APPPATH\Modules\Standard\Views\customer\search.php on line 3.
 1 APPPATH\Modules\Standard\Views\customer\search.php(3): CodeIgniter\Debug\Exceptions->errorHandler(2, 'Undefined variable $search', 'D:\\xampp\\htdocs\\dfinest\\app\\Modules\\Standard\\Views\\customer\\search.php', 3)
 2 SYSTEMPATH\View\View.php(224): include('D:\\xampp\\htdocs\\dfinest\\app\\Modules\\Standard\\Views\\customer\\search.php')
 3 SYSTEMPATH\View\View.php(227): CodeIgniter\View\View->CodeIgniter\View\{closure}()
 4 SYSTEMPATH\Common.php(1177): CodeIgniter\View\View->render('Modules\\Standard\\Views\\customer\\search', [], true)
 5 APPPATH\Modules\Standard\Controllers\Customer.php(100): view('Modules\\Standard\\Views\\customer\\search', [...])
 6 SYSTEMPATH\CodeIgniter.php(932): App\Modules\Standard\Controllers\Customer->load_form_search()
 7 SYSTEMPATH\CodeIgniter.php(497): CodeIgniter\CodeIgniter->runController(Object(App\Modules\Standard\Controllers\Customer))
 8 SYSTEMPATH\CodeIgniter.php(366): CodeIgniter\CodeIgniter->handleRequest(null, Object(Config\Cache), false)
 9 FCPATH\index.php(67): CodeIgniter\CodeIgniter->run()
CRITICAL - 2023-08-31 09:35:59 --> Undefined variable $search
in APPPATH\Modules\Standard\Views\customer\search_mob.php on line 3.
 1 APPPATH\Modules\Standard\Views\customer\search_mob.php(3): CodeIgniter\Debug\Exceptions->errorHandler(2, 'Undefined variable $search', 'D:\\xampp\\htdocs\\dfinest\\app\\Modules\\Standard\\Views\\customer\\search_mob.php', 3)
 2 SYSTEMPATH\View\View.php(224): include('D:\\xampp\\htdocs\\dfinest\\app\\Modules\\Standard\\Views\\customer\\search_mob.php')
 3 SYSTEMPATH\View\View.php(227): CodeIgniter\View\View->CodeIgniter\View\{closure}()
 4 SYSTEMPATH\Common.php(1177): CodeIgniter\View\View->render('Modules\\Standard\\Views\\customer\\search_mob', [], true)
 5 APPPATH\Modules\Standard\Controllers\Customer.php(100): view('Modules\\Standard\\Views\\customer\\search_mob', [...])
 6 SYSTEMPATH\CodeIgniter.php(932): App\Modules\Standard\Controllers\Customer->load_form_search()
 7 SYSTEMPATH\CodeIgniter.php(497): CodeIgniter\CodeIgniter->runController(Object(App\Modules\Standard\Controllers\Customer))
 8 SYSTEMPATH\CodeIgniter.php(366): CodeIgniter\CodeIgniter->handleRequest(null, Object(Config\Cache), false)
 9 FCPATH\index.php(67): CodeIgniter\CodeIgniter->run()
CRITICAL - 2023-08-31 09:36:05 --> Undefined variable $search
in APPPATH\Modules\Standard\Views\customer\search_mob.php on line 3.
 1 APPPATH\Modules\Standard\Views\customer\search_mob.php(3): CodeIgniter\Debug\Exceptions->errorHandler(2, 'Undefined variable $search', 'D:\\xampp\\htdocs\\dfinest\\app\\Modules\\Standard\\Views\\customer\\search_mob.php', 3)
 2 SYSTEMPATH\View\View.php(224): include('D:\\xampp\\htdocs\\dfinest\\app\\Modules\\Standard\\Views\\customer\\search_mob.php')
 3 SYSTEMPATH\View\View.php(227): CodeIgniter\View\View->CodeIgniter\View\{closure}()
 4 SYSTEMPATH\Common.php(1177): CodeIgniter\View\View->render('Modules\\Standard\\Views\\customer\\search_mob', [], true)
 5 APPPATH\Modules\Standard\Controllers\Customer.php(100): view('Modules\\Standard\\Views\\customer\\search_mob', [...])
 6 SYSTEMPATH\CodeIgniter.php(932): App\Modules\Standard\Controllers\Customer->load_form_search()
 7 SYSTEMPATH\CodeIgniter.php(497): CodeIgniter\CodeIgniter->runController(Object(App\Modules\Standard\Controllers\Customer))
 8 SYSTEMPATH\CodeIgniter.php(366): CodeIgniter\CodeIgniter->handleRequest(null, Object(Config\Cache), false)
 9 FCPATH\index.php(67): CodeIgniter\CodeIgniter->run()
CRITICAL - 2023-08-31 09:38:24 --> Undefined variable $search
in APPPATH\Modules\Standard\Views\customer\search_mob.php on line 3.
 1 APPPATH\Modules\Standard\Views\customer\search_mob.php(3): CodeIgniter\Debug\Exceptions->errorHandler(2, 'Undefined variable $search', 'D:\\xampp\\htdocs\\dfinest\\app\\Modules\\Standard\\Views\\customer\\search_mob.php', 3)
 2 SYSTEMPATH\View\View.php(224): include('D:\\xampp\\htdocs\\dfinest\\app\\Modules\\Standard\\Views\\customer\\search_mob.php')
 3 SYSTEMPATH\View\View.php(227): CodeIgniter\View\View->CodeIgniter\View\{closure}()
 4 SYSTEMPATH\Common.php(1177): CodeIgniter\View\View->render('Modules\\Standard\\Views\\customer\\search_mob', [], true)
 5 APPPATH\Modules\Standard\Controllers\Customer.php(100): view('Modules\\Standard\\Views\\customer\\search_mob', [...])
 6 SYSTEMPATH\CodeIgniter.php(932): App\Modules\Standard\Controllers\Customer->load_form_search()
 7 SYSTEMPATH\CodeIgniter.php(497): CodeIgniter\CodeIgniter->runController(Object(App\Modules\Standard\Controllers\Customer))
 8 SYSTEMPATH\CodeIgniter.php(366): CodeIgniter\CodeIgniter->handleRequest(null, Object(Config\Cache), false)
 9 FCPATH\index.php(67): CodeIgniter\CodeIgniter->run()
CRITICAL - 2023-08-31 09:38:28 --> Undefined variable $search
in APPPATH\Modules\Standard\Views\customer\search_mob.php on line 3.
 1 APPPATH\Modules\Standard\Views\customer\search_mob.php(3): CodeIgniter\Debug\Exceptions->errorHandler(2, 'Undefined variable $search', 'D:\\xampp\\htdocs\\dfinest\\app\\Modules\\Standard\\Views\\customer\\search_mob.php', 3)
 2 SYSTEMPATH\View\View.php(224): include('D:\\xampp\\htdocs\\dfinest\\app\\Modules\\Standard\\Views\\customer\\search_mob.php')
 3 SYSTEMPATH\View\View.php(227): CodeIgniter\View\View->CodeIgniter\View\{closure}()
 4 SYSTEMPATH\Common.php(1177): CodeIgniter\View\View->render('Modules\\Standard\\Views\\customer\\search_mob', [], true)
 5 APPPATH\Modules\Standard\Controllers\Customer.php(100): view('Modules\\Standard\\Views\\customer\\search_mob', [...])
 6 SYSTEMPATH\CodeIgniter.php(932): App\Modules\Standard\Controllers\Customer->load_form_search()
 7 SYSTEMPATH\CodeIgniter.php(497): CodeIgniter\CodeIgniter->runController(Object(App\Modules\Standard\Controllers\Customer))
 8 SYSTEMPATH\CodeIgniter.php(366): CodeIgniter\CodeIgniter->handleRequest(null, Object(Config\Cache), false)
 9 FCPATH\index.php(67): CodeIgniter\CodeIgniter->run()
CRITICAL - 2023-08-31 09:38:58 --> Undefined variable $search
in APPPATH\Modules\Standard\Views\customer\search_mob.php on line 3.
 1 APPPATH\Modules\Standard\Views\customer\search_mob.php(3): CodeIgniter\Debug\Exceptions->errorHandler(2, 'Undefined variable $search', 'D:\\xampp\\htdocs\\dfinest\\app\\Modules\\Standard\\Views\\customer\\search_mob.php', 3)
 2 SYSTEMPATH\View\View.php(224): include('D:\\xampp\\htdocs\\dfinest\\app\\Modules\\Standard\\Views\\customer\\search_mob.php')
 3 SYSTEMPATH\View\View.php(227): CodeIgniter\View\View->CodeIgniter\View\{closure}()
 4 SYSTEMPATH\Common.php(1177): CodeIgniter\View\View->render('Modules\\Standard\\Views\\customer\\search_mob', [], true)
 5 APPPATH\Modules\Standard\Controllers\Customer.php(100): view('Modules\\Standard\\Views\\customer\\search_mob', [...])
 6 SYSTEMPATH\CodeIgniter.php(932): App\Modules\Standard\Controllers\Customer->load_form_search()
 7 SYSTEMPATH\CodeIgniter.php(497): CodeIgniter\CodeIgniter->runController(Object(App\Modules\Standard\Controllers\Customer))
 8 SYSTEMPATH\CodeIgniter.php(366): CodeIgniter\CodeIgniter->handleRequest(null, Object(Config\Cache), false)
 9 FCPATH\index.php(67): CodeIgniter\CodeIgniter->run()
CRITICAL - 2023-08-31 09:39:16 --> Undefined variable $search
in APPPATH\Modules\Standard\Views\customer\search_mob.php on line 3.
 1 APPPATH\Modules\Standard\Views\customer\search_mob.php(3): CodeIgniter\Debug\Exceptions->errorHandler(2, 'Undefined variable $search', 'D:\\xampp\\htdocs\\dfinest\\app\\Modules\\Standard\\Views\\customer\\search_mob.php', 3)
 2 SYSTEMPATH\View\View.php(224): include('D:\\xampp\\htdocs\\dfinest\\app\\Modules\\Standard\\Views\\customer\\search_mob.php')
 3 SYSTEMPATH\View\View.php(227): CodeIgniter\View\View->CodeIgniter\View\{closure}()
 4 SYSTEMPATH\Common.php(1177): CodeIgniter\View\View->render('Modules\\Standard\\Views\\customer\\search_mob', [], true)
 5 APPPATH\Modules\Standard\Controllers\Customer.php(100): view('Modules\\Standard\\Views\\customer\\search_mob', [...])
 6 SYSTEMPATH\CodeIgniter.php(932): App\Modules\Standard\Controllers\Customer->load_form_search()
 7 SYSTEMPATH\CodeIgniter.php(497): CodeIgniter\CodeIgniter->runController(Object(App\Modules\Standard\Controllers\Customer))
 8 SYSTEMPATH\CodeIgniter.php(366): CodeIgniter\CodeIgniter->handleRequest(null, Object(Config\Cache), false)
 9 FCPATH\index.php(67): CodeIgniter\CodeIgniter->run()
CRITICAL - 2023-08-31 09:39:17 --> Undefined variable $search
in APPPATH\Modules\Standard\Views\customer\search_mob.php on line 3.
 1 APPPATH\Modules\Standard\Views\customer\search_mob.php(3): CodeIgniter\Debug\Exceptions->errorHandler(2, 'Undefined variable $search', 'D:\\xampp\\htdocs\\dfinest\\app\\Modules\\Standard\\Views\\customer\\search_mob.php', 3)
 2 SYSTEMPATH\View\View.php(224): include('D:\\xampp\\htdocs\\dfinest\\app\\Modules\\Standard\\Views\\customer\\search_mob.php')
 3 SYSTEMPATH\View\View.php(227): CodeIgniter\View\View->CodeIgniter\View\{closure}()
 4 SYSTEMPATH\Common.php(1177): CodeIgniter\View\View->render('Modules\\Standard\\Views\\customer\\search_mob', [], true)
 5 APPPATH\Modules\Standard\Controllers\Customer.php(100): view('Modules\\Standard\\Views\\customer\\search_mob', [...])
 6 SYSTEMPATH\CodeIgniter.php(932): App\Modules\Standard\Controllers\Customer->load_form_search()
 7 SYSTEMPATH\CodeIgniter.php(497): CodeIgniter\CodeIgniter->runController(Object(App\Modules\Standard\Controllers\Customer))
 8 SYSTEMPATH\CodeIgniter.php(366): CodeIgniter\CodeIgniter->handleRequest(null, Object(Config\Cache), false)
 9 FCPATH\index.php(67): CodeIgniter\CodeIgniter->run()
CRITICAL - 2023-08-31 09:39:58 --> Undefined variable $search
in APPPATH\Modules\Standard\Views\customer\search_mob.php on line 3.
 1 APPPATH\Modules\Standard\Views\customer\search_mob.php(3): CodeIgniter\Debug\Exceptions->errorHandler(2, 'Undefined variable $search', 'D:\\xampp\\htdocs\\dfinest\\app\\Modules\\Standard\\Views\\customer\\search_mob.php', 3)
 2 SYSTEMPATH\View\View.php(224): include('D:\\xampp\\htdocs\\dfinest\\app\\Modules\\Standard\\Views\\customer\\search_mob.php')
 3 SYSTEMPATH\View\View.php(227): CodeIgniter\View\View->CodeIgniter\View\{closure}()
 4 SYSTEMPATH\Common.php(1177): CodeIgniter\View\View->render('Modules\\Standard\\Views\\customer\\search_mob', [], true)
 5 APPPATH\Modules\Standard\Controllers\Customer.php(99): view('Modules\\Standard\\Views\\customer\\search_mob', [...])
 6 SYSTEMPATH\CodeIgniter.php(932): App\Modules\Standard\Controllers\Customer->load_form_search()
 7 SYSTEMPATH\CodeIgniter.php(497): CodeIgniter\CodeIgniter->runController(Object(App\Modules\Standard\Controllers\Customer))
 8 SYSTEMPATH\CodeIgniter.php(366): CodeIgniter\CodeIgniter->handleRequest(null, Object(Config\Cache), false)
 9 FCPATH\index.php(67): CodeIgniter\CodeIgniter->run()
CRITICAL - 2023-08-31 09:39:59 --> Undefined variable $search
in APPPATH\Modules\Standard\Views\customer\search_mob.php on line 3.
 1 APPPATH\Modules\Standard\Views\customer\search_mob.php(3): CodeIgniter\Debug\Exceptions->errorHandler(2, 'Undefined variable $search', 'D:\\xampp\\htdocs\\dfinest\\app\\Modules\\Standard\\Views\\customer\\search_mob.php', 3)
 2 SYSTEMPATH\View\View.php(224): include('D:\\xampp\\htdocs\\dfinest\\app\\Modules\\Standard\\Views\\customer\\search_mob.php')
 3 SYSTEMPATH\View\View.php(227): CodeIgniter\View\View->CodeIgniter\View\{closure}()
 4 SYSTEMPATH\Common.php(1177): CodeIgniter\View\View->render('Modules\\Standard\\Views\\customer\\search_mob', [], true)
 5 APPPATH\Modules\Standard\Controllers\Customer.php(99): view('Modules\\Standard\\Views\\customer\\search_mob', [...])
 6 SYSTEMPATH\CodeIgniter.php(932): App\Modules\Standard\Controllers\Customer->load_form_search()
 7 SYSTEMPATH\CodeIgniter.php(497): CodeIgniter\CodeIgniter->runController(Object(App\Modules\Standard\Controllers\Customer))
 8 SYSTEMPATH\CodeIgniter.php(366): CodeIgniter\CodeIgniter->handleRequest(null, Object(Config\Cache), false)
 9 FCPATH\index.php(67): CodeIgniter\CodeIgniter->run()
CRITICAL - 2023-08-31 09:39:59 --> Undefined variable $search
in APPPATH\Modules\Standard\Views\customer\search_mob.php on line 3.
 1 APPPATH\Modules\Standard\Views\customer\search_mob.php(3): CodeIgniter\Debug\Exceptions->errorHandler(2, 'Undefined variable $search', 'D:\\xampp\\htdocs\\dfinest\\app\\Modules\\Standard\\Views\\customer\\search_mob.php', 3)
 2 SYSTEMPATH\View\View.php(224): include('D:\\xampp\\htdocs\\dfinest\\app\\Modules\\Standard\\Views\\customer\\search_mob.php')
 3 SYSTEMPATH\View\View.php(227): CodeIgniter\View\View->CodeIgniter\View\{closure}()
 4 SYSTEMPATH\Common.php(1177): CodeIgniter\View\View->render('Modules\\Standard\\Views\\customer\\search_mob', [], true)
 5 APPPATH\Modules\Standard\Controllers\Customer.php(99): view('Modules\\Standard\\Views\\customer\\search_mob', [...])
 6 SYSTEMPATH\CodeIgniter.php(932): App\Modules\Standard\Controllers\Customer->load_form_search()
 7 SYSTEMPATH\CodeIgniter.php(497): CodeIgniter\CodeIgniter->runController(Object(App\Modules\Standard\Controllers\Customer))
 8 SYSTEMPATH\CodeIgniter.php(366): CodeIgniter\CodeIgniter->handleRequest(null, Object(Config\Cache), false)
 9 FCPATH\index.php(67): CodeIgniter\CodeIgniter->run()
CRITICAL - 2023-08-31 09:39:59 --> Undefined variable $search
in APPPATH\Modules\Standard\Views\customer\search_mob.php on line 3.
 1 APPPATH\Modules\Standard\Views\customer\search_mob.php(3): CodeIgniter\Debug\Exceptions->errorHandler(2, 'Undefined variable $search', 'D:\\xampp\\htdocs\\dfinest\\app\\Modules\\Standard\\Views\\customer\\search_mob.php', 3)
 2 SYSTEMPATH\View\View.php(224): include('D:\\xampp\\htdocs\\dfinest\\app\\Modules\\Standard\\Views\\customer\\search_mob.php')
 3 SYSTEMPATH\View\View.php(227): CodeIgniter\View\View->CodeIgniter\View\{closure}()
 4 SYSTEMPATH\Common.php(1177): CodeIgniter\View\View->render('Modules\\Standard\\Views\\customer\\search_mob', [], true)
 5 APPPATH\Modules\Standard\Controllers\Customer.php(99): view('Modules\\Standard\\Views\\customer\\search_mob', [...])
 6 SYSTEMPATH\CodeIgniter.php(932): App\Modules\Standard\Controllers\Customer->load_form_search()
 7 SYSTEMPATH\CodeIgniter.php(497): CodeIgniter\CodeIgniter->runController(Object(App\Modules\Standard\Controllers\Customer))
 8 SYSTEMPATH\CodeIgniter.php(366): CodeIgniter\CodeIgniter->handleRequest(null, Object(Config\Cache), false)
 9 FCPATH\index.php(67): CodeIgniter\CodeIgniter->run()
CRITICAL - 2023-08-31 09:42:57 --> Undefined variable $search
in APPPATH\Modules\Standard\Views\customer\search_mob.php on line 3.
 1 APPPATH\Modules\Standard\Views\customer\search_mob.php(3): CodeIgniter\Debug\Exceptions->errorHandler(2, 'Undefined variable $search', 'D:\\xampp\\htdocs\\dfinest\\app\\Modules\\Standard\\Views\\customer\\search_mob.php', 3)
 2 SYSTEMPATH\View\View.php(224): include('D:\\xampp\\htdocs\\dfinest\\app\\Modules\\Standard\\Views\\customer\\search_mob.php')
 3 SYSTEMPATH\View\View.php(227): CodeIgniter\View\View->CodeIgniter\View\{closure}()
 4 SYSTEMPATH\Common.php(1177): CodeIgniter\View\View->render('Modules\\Standard\\Views\\customer\\search_mob', [], true)
 5 APPPATH\Modules\Standard\Controllers\Customer.php(99): view('Modules\\Standard\\Views\\customer\\search_mob', [...])
 6 SYSTEMPATH\CodeIgniter.php(932): App\Modules\Standard\Controllers\Customer->load_form_search()
 7 SYSTEMPATH\CodeIgniter.php(497): CodeIgniter\CodeIgniter->runController(Object(App\Modules\Standard\Controllers\Customer))
 8 SYSTEMPATH\CodeIgniter.php(366): CodeIgniter\CodeIgniter->handleRequest(null, Object(Config\Cache), false)
 9 FCPATH\index.php(67): CodeIgniter\CodeIgniter->run()
CRITICAL - 2023-08-31 09:42:58 --> Undefined variable $search
in APPPATH\Modules\Standard\Views\customer\search_mob.php on line 3.
 1 APPPATH\Modules\Standard\Views\customer\search_mob.php(3): CodeIgniter\Debug\Exceptions->errorHandler(2, 'Undefined variable $search', 'D:\\xampp\\htdocs\\dfinest\\app\\Modules\\Standard\\Views\\customer\\search_mob.php', 3)
 2 SYSTEMPATH\View\View.php(224): include('D:\\xampp\\htdocs\\dfinest\\app\\Modules\\Standard\\Views\\customer\\search_mob.php')
 3 SYSTEMPATH\View\View.php(227): CodeIgniter\View\View->CodeIgniter\View\{closure}()
 4 SYSTEMPATH\Common.php(1177): CodeIgniter\View\View->render('Modules\\Standard\\Views\\customer\\search_mob', [], true)
 5 APPPATH\Modules\Standard\Controllers\Customer.php(99): view('Modules\\Standard\\Views\\customer\\search_mob', [...])
 6 SYSTEMPATH\CodeIgniter.php(932): App\Modules\Standard\Controllers\Customer->load_form_search()
 7 SYSTEMPATH\CodeIgniter.php(497): CodeIgniter\CodeIgniter->runController(Object(App\Modules\Standard\Controllers\Customer))
 8 SYSTEMPATH\CodeIgniter.php(366): CodeIgniter\CodeIgniter->handleRequest(null, Object(Config\Cache), false)
 9 FCPATH\index.php(67): CodeIgniter\CodeIgniter->run()
CRITICAL - 2023-08-31 09:43:09 --> Undefined variable $search
in APPPATH\Modules\Standard\Views\customer\search_mob.php on line 3.
 1 APPPATH\Modules\Standard\Views\customer\search_mob.php(3): CodeIgniter\Debug\Exceptions->errorHandler(2, 'Undefined variable $search', 'D:\\xampp\\htdocs\\dfinest\\app\\Modules\\Standard\\Views\\customer\\search_mob.php', 3)
 2 SYSTEMPATH\View\View.php(224): include('D:\\xampp\\htdocs\\dfinest\\app\\Modules\\Standard\\Views\\customer\\search_mob.php')
 3 SYSTEMPATH\View\View.php(227): CodeIgniter\View\View->CodeIgniter\View\{closure}()
 4 SYSTEMPATH\Common.php(1177): CodeIgniter\View\View->render('Modules\\Standard\\Views\\customer\\search_mob', [], true)
 5 APPPATH\Modules\Standard\Controllers\Customer.php(100): view('Modules\\Standard\\Views\\customer\\search_mob', [...])
 6 SYSTEMPATH\CodeIgniter.php(932): App\Modules\Standard\Controllers\Customer->load_form_search()
 7 SYSTEMPATH\CodeIgniter.php(497): CodeIgniter\CodeIgniter->runController(Object(App\Modules\Standard\Controllers\Customer))
 8 SYSTEMPATH\CodeIgniter.php(366): CodeIgniter\CodeIgniter->handleRequest(null, Object(Config\Cache), false)
 9 FCPATH\index.php(67): CodeIgniter\CodeIgniter->run()
CRITICAL - 2023-08-31 09:43:10 --> Undefined variable $search
in APPPATH\Modules\Standard\Views\customer\search_mob.php on line 3.
 1 APPPATH\Modules\Standard\Views\customer\search_mob.php(3): CodeIgniter\Debug\Exceptions->errorHandler(2, 'Undefined variable $search', 'D:\\xampp\\htdocs\\dfinest\\app\\Modules\\Standard\\Views\\customer\\search_mob.php', 3)
 2 SYSTEMPATH\View\View.php(224): include('D:\\xampp\\htdocs\\dfinest\\app\\Modules\\Standard\\Views\\customer\\search_mob.php')
 3 SYSTEMPATH\View\View.php(227): CodeIgniter\View\View->CodeIgniter\View\{closure}()
 4 SYSTEMPATH\Common.php(1177): CodeIgniter\View\View->render('Modules\\Standard\\Views\\customer\\search_mob', [], true)
 5 APPPATH\Modules\Standard\Controllers\Customer.php(100): view('Modules\\Standard\\Views\\customer\\search_mob', [...])
 6 SYSTEMPATH\CodeIgniter.php(932): App\Modules\Standard\Controllers\Customer->load_form_search()
 7 SYSTEMPATH\CodeIgniter.php(497): CodeIgniter\CodeIgniter->runController(Object(App\Modules\Standard\Controllers\Customer))
 8 SYSTEMPATH\CodeIgniter.php(366): CodeIgniter\CodeIgniter->handleRequest(null, Object(Config\Cache), false)
 9 FCPATH\index.php(67): CodeIgniter\CodeIgniter->run()
CRITICAL - 2023-08-31 09:44:39 --> Undefined variable $search
in APPPATH\Modules\Standard\Views\customer\search_mob.php on line 3.
 1 APPPATH\Modules\Standard\Views\customer\search_mob.php(3): CodeIgniter\Debug\Exceptions->errorHandler(2, 'Undefined variable $search', 'D:\\xampp\\htdocs\\dfinest\\app\\Modules\\Standard\\Views\\customer\\search_mob.php', 3)
 2 SYSTEMPATH\View\View.php(224): include('D:\\xampp\\htdocs\\dfinest\\app\\Modules\\Standard\\Views\\customer\\search_mob.php')
 3 SYSTEMPATH\View\View.php(227): CodeIgniter\View\View->CodeIgniter\View\{closure}()
 4 SYSTEMPATH\Common.php(1177): CodeIgniter\View\View->render('Modules\\Standard\\Views\\customer\\search_mob', [], true)
 5 APPPATH\Modules\Standard\Controllers\Customer.php(102): view('Modules\\Standard\\Views\\customer\\search_mob', [...])
 6 SYSTEMPATH\CodeIgniter.php(932): App\Modules\Standard\Controllers\Customer->load_form_search()
 7 SYSTEMPATH\CodeIgniter.php(497): CodeIgniter\CodeIgniter->runController(Object(App\Modules\Standard\Controllers\Customer))
 8 SYSTEMPATH\CodeIgniter.php(366): CodeIgniter\CodeIgniter->handleRequest(null, Object(Config\Cache), false)
 9 FCPATH\index.php(67): CodeIgniter\CodeIgniter->run()
CRITICAL - 2023-08-31 09:44:40 --> Undefined variable $search
in APPPATH\Modules\Standard\Views\customer\search_mob.php on line 3.
 1 APPPATH\Modules\Standard\Views\customer\search_mob.php(3): CodeIgniter\Debug\Exceptions->errorHandler(2, 'Undefined variable $search', 'D:\\xampp\\htdocs\\dfinest\\app\\Modules\\Standard\\Views\\customer\\search_mob.php', 3)
 2 SYSTEMPATH\View\View.php(224): include('D:\\xampp\\htdocs\\dfinest\\app\\Modules\\Standard\\Views\\customer\\search_mob.php')
 3 SYSTEMPATH\View\View.php(227): CodeIgniter\View\View->CodeIgniter\View\{closure}()
 4 SYSTEMPATH\Common.php(1177): CodeIgniter\View\View->render('Modules\\Standard\\Views\\customer\\search_mob', [], true)
 5 APPPATH\Modules\Standard\Controllers\Customer.php(102): view('Modules\\Standard\\Views\\customer\\search_mob', [...])
 6 SYSTEMPATH\CodeIgniter.php(932): App\Modules\Standard\Controllers\Customer->load_form_search()
 7 SYSTEMPATH\CodeIgniter.php(497): CodeIgniter\CodeIgniter->runController(Object(App\Modules\Standard\Controllers\Customer))
 8 SYSTEMPATH\CodeIgniter.php(366): CodeIgniter\CodeIgniter->handleRequest(null, Object(Config\Cache), false)
 9 FCPATH\index.php(67): CodeIgniter\CodeIgniter->run()
CRITICAL - 2023-08-31 10:36:42 --> Undefined variable $page_view
in APPPATH\Modules\Standard\Views\customer\search_mob.php on line 23.
 1 APPPATH\Modules\Standard\Views\customer\search_mob.php(23): CodeIgniter\Debug\Exceptions->errorHandler(2, 'Undefined variable $page_view', 'D:\\xampp\\htdocs\\dfinest\\app\\Modules\\Standard\\Views\\customer\\search_mob.php', 23)
 2 SYSTEMPATH\View\View.php(224): include('D:\\xampp\\htdocs\\dfinest\\app\\Modules\\Standard\\Views\\customer\\search_mob.php')
 3 SYSTEMPATH\View\View.php(227): CodeIgniter\View\View->CodeIgniter\View\{closure}()
 4 SYSTEMPATH\Common.php(1177): CodeIgniter\View\View->render('Modules\\Standard\\Views\\customer\\search_mob', [], true)
 5 APPPATH\Modules\Standard\Controllers\Customer.php(108): view('Modules\\Standard\\Views\\customer\\search_mob', [...])
 6 SYSTEMPATH\CodeIgniter.php(932): App\Modules\Standard\Controllers\Customer->load_form_search()
 7 SYSTEMPATH\CodeIgniter.php(497): CodeIgniter\CodeIgniter->runController(Object(App\Modules\Standard\Controllers\Customer))
 8 SYSTEMPATH\CodeIgniter.php(366): CodeIgniter\CodeIgniter->handleRequest(null, Object(Config\Cache), false)
 9 FCPATH\index.php(67): CodeIgniter\CodeIgniter->run()
CRITICAL - 2023-08-31 10:36:43 --> Undefined variable $page_view
in APPPATH\Modules\Standard\Views\customer\search_mob.php on line 23.
 1 APPPATH\Modules\Standard\Views\customer\search_mob.php(23): CodeIgniter\Debug\Exceptions->errorHandler(2, 'Undefined variable $page_view', 'D:\\xampp\\htdocs\\dfinest\\app\\Modules\\Standard\\Views\\customer\\search_mob.php', 23)
 2 SYSTEMPATH\View\View.php(224): include('D:\\xampp\\htdocs\\dfinest\\app\\Modules\\Standard\\Views\\customer\\search_mob.php')
 3 SYSTEMPATH\View\View.php(227): CodeIgniter\View\View->CodeIgniter\View\{closure}()
 4 SYSTEMPATH\Common.php(1177): CodeIgniter\View\View->render('Modules\\Standard\\Views\\customer\\search_mob', [], true)
 5 APPPATH\Modules\Standard\Controllers\Customer.php(108): view('Modules\\Standard\\Views\\customer\\search_mob', [...])
 6 SYSTEMPATH\CodeIgniter.php(932): App\Modules\Standard\Controllers\Customer->load_form_search()
 7 SYSTEMPATH\CodeIgniter.php(497): CodeIgniter\CodeIgniter->runController(Object(App\Modules\Standard\Controllers\Customer))
 8 SYSTEMPATH\CodeIgniter.php(366): CodeIgniter\CodeIgniter->handleRequest(null, Object(Config\Cache), false)
 9 FCPATH\index.php(67): CodeIgniter\CodeIgniter->run()
CRITICAL - 2023-08-31 11:50:34 --> Invalid file: "_actions.php"
in SYSTEMPATH\Exceptions\FrameworkException.php on line 33.
 1 SYSTEMPATH\View\View.php(212): CodeIgniter\Exceptions\FrameworkException::forInvalidFile('_actions.php')
 2 SYSTEMPATH\Common.php(1177): CodeIgniter\View\View->render('_actions', [], true)
 3 APPPATH\Modules\Standard\Controllers\Customer.php(113): view('_actions', [...])
 4 SYSTEMPATH\CodeIgniter.php(932): App\Modules\Standard\Controllers\Customer->load_actions()
 5 SYSTEMPATH\CodeIgniter.php(497): CodeIgniter\CodeIgniter->runController(Object(App\Modules\Standard\Controllers\Customer))
 6 SYSTEMPATH\CodeIgniter.php(366): CodeIgniter\CodeIgniter->handleRequest(null, Object(Config\Cache), false)
 7 FCPATH\index.php(67): CodeIgniter\CodeIgniter->run()
CRITICAL - 2023-08-31 11:50:35 --> Invalid file: "_actions.php"
in SYSTEMPATH\Exceptions\FrameworkException.php on line 33.
 1 SYSTEMPATH\View\View.php(212): CodeIgniter\Exceptions\FrameworkException::forInvalidFile('_actions.php')
 2 SYSTEMPATH\Common.php(1177): CodeIgniter\View\View->render('_actions', [], true)
 3 APPPATH\Modules\Standard\Controllers\Customer.php(113): view('_actions', [...])
 4 SYSTEMPATH\CodeIgniter.php(932): App\Modules\Standard\Controllers\Customer->load_actions()
 5 SYSTEMPATH\CodeIgniter.php(497): CodeIgniter\CodeIgniter->runController(Object(App\Modules\Standard\Controllers\Customer))
 6 SYSTEMPATH\CodeIgniter.php(366): CodeIgniter\CodeIgniter->handleRequest(null, Object(Config\Cache), false)
 7 FCPATH\index.php(67): CodeIgniter\CodeIgniter->run()
CRITICAL - 2023-08-31 11:50:38 --> Invalid file: "_actions.php"
in SYSTEMPATH\Exceptions\FrameworkException.php on line 33.
 1 SYSTEMPATH\View\View.php(212): CodeIgniter\Exceptions\FrameworkException::forInvalidFile('_actions.php')
 2 SYSTEMPATH\Common.php(1177): CodeIgniter\View\View->render('_actions', [], true)
 3 APPPATH\Modules\Standard\Controllers\Customer.php(113): view('_actions', [...])
 4 SYSTEMPATH\CodeIgniter.php(932): App\Modules\Standard\Controllers\Customer->load_actions()
 5 SYSTEMPATH\CodeIgniter.php(497): CodeIgniter\CodeIgniter->runController(Object(App\Modules\Standard\Controllers\Customer))
 6 SYSTEMPATH\CodeIgniter.php(366): CodeIgniter\CodeIgniter->handleRequest(null, Object(Config\Cache), false)
 7 FCPATH\index.php(67): CodeIgniter\CodeIgniter->run()
CRITICAL - 2023-08-31 12:14:35 --> Undefined property: App\Modules\Standard\Controllers\Customer::$stand
in APPPATH\Modules\Standard\Controllers\Customer.php on line 114.
 1 APPPATH\Modules\Standard\Controllers\Customer.php(114): CodeIgniter\Debug\Exceptions->errorHandler(2, 'Undefined property: App\\Modules\\Standard\\Controllers\\Customer::$stand', 'D:\\xampp\\htdocs\\dfinest\\app\\Modules\\Standard\\Controllers\\Customer.php', 114)
 2 SYSTEMPATH\CodeIgniter.php(932): App\Modules\Standard\Controllers\Customer->load_actions()
 3 SYSTEMPATH\CodeIgniter.php(497): CodeIgniter\CodeIgniter->runController(Object(App\Modules\Standard\Controllers\Customer))
 4 SYSTEMPATH\CodeIgniter.php(366): CodeIgniter\CodeIgniter->handleRequest(null, Object(Config\Cache), false)
 5 FCPATH\index.php(67): CodeIgniter\CodeIgniter->run()
CRITICAL - 2023-08-31 12:14:39 --> Undefined property: App\Modules\Standard\Controllers\Customer::$stand
in APPPATH\Modules\Standard\Controllers\Customer.php on line 114.
 1 APPPATH\Modules\Standard\Controllers\Customer.php(114): CodeIgniter\Debug\Exceptions->errorHandler(2, 'Undefined property: App\\Modules\\Standard\\Controllers\\Customer::$stand', 'D:\\xampp\\htdocs\\dfinest\\app\\Modules\\Standard\\Controllers\\Customer.php', 114)
 2 SYSTEMPATH\CodeIgniter.php(932): App\Modules\Standard\Controllers\Customer->load_actions()
 3 SYSTEMPATH\CodeIgniter.php(497): CodeIgniter\CodeIgniter->runController(Object(App\Modules\Standard\Controllers\Customer))
 4 SYSTEMPATH\CodeIgniter.php(366): CodeIgniter\CodeIgniter->handleRequest(null, Object(Config\Cache), false)
 5 FCPATH\index.php(67): CodeIgniter\CodeIgniter->run()
CRITICAL - 2023-08-31 12:29:53 --> Undefined variable $info
in APPPATH\Modules\Standard\Views\customer\_actions.php on line 10.
 1 APPPATH\Modules\Standard\Views\customer\_actions.php(10): CodeIgniter\Debug\Exceptions->errorHandler(2, 'Undefined variable $info', 'D:\\xampp\\htdocs\\dfinest\\app\\Modules\\Standard\\Views\\customer\\_actions.php', 10)
 2 SYSTEMPATH\View\View.php(224): include('D:\\xampp\\htdocs\\dfinest\\app\\Modules\\Standard\\Views\\customer\\_actions.php')
 3 SYSTEMPATH\View\View.php(227): CodeIgniter\View\View->CodeIgniter\View\{closure}()
 4 SYSTEMPATH\Common.php(1177): CodeIgniter\View\View->render('Modules\\Standard\\Views\\customer\\_actions', [], true)
 5 APPPATH\Modules\Standard\Controllers\Customer.php(118): view('Modules\\Standard\\Views\\customer\\_actions', [...])
 6 SYSTEMPATH\CodeIgniter.php(932): App\Modules\Standard\Controllers\Customer->load_actions()
 7 SYSTEMPATH\CodeIgniter.php(497): CodeIgniter\CodeIgniter->runController(Object(App\Modules\Standard\Controllers\Customer))
 8 SYSTEMPATH\CodeIgniter.php(366): CodeIgniter\CodeIgniter->handleRequest(null, Object(Config\Cache), false)
 9 FCPATH\index.php(67): CodeIgniter\CodeIgniter->run()
CRITICAL - 2023-08-31 12:29:54 --> Undefined variable $info
in APPPATH\Modules\Standard\Views\customer\_actions.php on line 10.
 1 APPPATH\Modules\Standard\Views\customer\_actions.php(10): CodeIgniter\Debug\Exceptions->errorHandler(2, 'Undefined variable $info', 'D:\\xampp\\htdocs\\dfinest\\app\\Modules\\Standard\\Views\\customer\\_actions.php', 10)
 2 SYSTEMPATH\View\View.php(224): include('D:\\xampp\\htdocs\\dfinest\\app\\Modules\\Standard\\Views\\customer\\_actions.php')
 3 SYSTEMPATH\View\View.php(227): CodeIgniter\View\View->CodeIgniter\View\{closure}()
 4 SYSTEMPATH\Common.php(1177): CodeIgniter\View\View->render('Modules\\Standard\\Views\\customer\\_actions', [], true)
 5 APPPATH\Modules\Standard\Controllers\Customer.php(118): view('Modules\\Standard\\Views\\customer\\_actions', [...])
 6 SYSTEMPATH\CodeIgniter.php(932): App\Modules\Standard\Controllers\Customer->load_actions()
 7 SYSTEMPATH\CodeIgniter.php(497): CodeIgniter\CodeIgniter->runController(Object(App\Modules\Standard\Controllers\Customer))
 8 SYSTEMPATH\CodeIgniter.php(366): CodeIgniter\CodeIgniter->handleRequest(null, Object(Config\Cache), false)
 9 FCPATH\index.php(67): CodeIgniter\CodeIgniter->run()
CRITICAL - 2023-08-31 12:29:56 --> Undefined variable $info
in APPPATH\Modules\Standard\Views\customer\_actions.php on line 10.
 1 APPPATH\Modules\Standard\Views\customer\_actions.php(10): CodeIgniter\Debug\Exceptions->errorHandler(2, 'Undefined variable $info', 'D:\\xampp\\htdocs\\dfinest\\app\\Modules\\Standard\\Views\\customer\\_actions.php', 10)
 2 SYSTEMPATH\View\View.php(224): include('D:\\xampp\\htdocs\\dfinest\\app\\Modules\\Standard\\Views\\customer\\_actions.php')
 3 SYSTEMPATH\View\View.php(227): CodeIgniter\View\View->CodeIgniter\View\{closure}()
 4 SYSTEMPATH\Common.php(1177): CodeIgniter\View\View->render('Modules\\Standard\\Views\\customer\\_actions', [], true)
 5 APPPATH\Modules\Standard\Controllers\Customer.php(118): view('Modules\\Standard\\Views\\customer\\_actions', [...])
 6 SYSTEMPATH\CodeIgniter.php(932): App\Modules\Standard\Controllers\Customer->load_actions()
 7 SYSTEMPATH\CodeIgniter.php(497): CodeIgniter\CodeIgniter->runController(Object(App\Modules\Standard\Controllers\Customer))
 8 SYSTEMPATH\CodeIgniter.php(366): CodeIgniter\CodeIgniter->handleRequest(null, Object(Config\Cache), false)
 9 FCPATH\index.php(67): CodeIgniter\CodeIgniter->run()
CRITICAL - 2023-08-31 12:31:24 --> Undefined variable $info
in APPPATH\Modules\Standard\Views\customer\_actions.php on line 11.
 1 APPPATH\Modules\Standard\Views\customer\_actions.php(11): CodeIgniter\Debug\Exceptions->errorHandler(2, 'Undefined variable $info', 'D:\\xampp\\htdocs\\dfinest\\app\\Modules\\Standard\\Views\\customer\\_actions.php', 11)
 2 SYSTEMPATH\View\View.php(224): include('D:\\xampp\\htdocs\\dfinest\\app\\Modules\\Standard\\Views\\customer\\_actions.php')
 3 SYSTEMPATH\View\View.php(227): CodeIgniter\View\View->CodeIgniter\View\{closure}()
 4 SYSTEMPATH\Common.php(1177): CodeIgniter\View\View->render('Modules\\Standard\\Views\\customer\\_actions', [], true)
 5 APPPATH\Modules\Standard\Controllers\Customer.php(118): view('Modules\\Standard\\Views\\customer\\_actions', [...])
 6 SYSTEMPATH\CodeIgniter.php(932): App\Modules\Standard\Controllers\Customer->load_actions()
 7 SYSTEMPATH\CodeIgniter.php(497): CodeIgniter\CodeIgniter->runController(Object(App\Modules\Standard\Controllers\Customer))
 8 SYSTEMPATH\CodeIgniter.php(366): CodeIgniter\CodeIgniter->handleRequest(null, Object(Config\Cache), false)
 9 FCPATH\index.php(67): CodeIgniter\CodeIgniter->run()
CRITICAL - 2023-08-31 12:31:26 --> Undefined variable $info
in APPPATH\Modules\Standard\Views\customer\_actions.php on line 11.
 1 APPPATH\Modules\Standard\Views\customer\_actions.php(11): CodeIgniter\Debug\Exceptions->errorHandler(2, 'Undefined variable $info', 'D:\\xampp\\htdocs\\dfinest\\app\\Modules\\Standard\\Views\\customer\\_actions.php', 11)
 2 SYSTEMPATH\View\View.php(224): include('D:\\xampp\\htdocs\\dfinest\\app\\Modules\\Standard\\Views\\customer\\_actions.php')
 3 SYSTEMPATH\View\View.php(227): CodeIgniter\View\View->CodeIgniter\View\{closure}()
 4 SYSTEMPATH\Common.php(1177): CodeIgniter\View\View->render('Modules\\Standard\\Views\\customer\\_actions', [], true)
 5 APPPATH\Modules\Standard\Controllers\Customer.php(118): view('Modules\\Standard\\Views\\customer\\_actions', [...])
 6 SYSTEMPATH\CodeIgniter.php(932): App\Modules\Standard\Controllers\Customer->load_actions()
 7 SYSTEMPATH\CodeIgniter.php(497): CodeIgniter\CodeIgniter->runController(Object(App\Modules\Standard\Controllers\Customer))
 8 SYSTEMPATH\CodeIgniter.php(366): CodeIgniter\CodeIgniter->handleRequest(null, Object(Config\Cache), false)
 9 FCPATH\index.php(67): CodeIgniter\CodeIgniter->run()
CRITICAL - 2023-08-31 16:25:18 --> Invalid file: "Modules\Standard\Views\customer\_menu.php"
in SYSTEMPATH\Exceptions\FrameworkException.php on line 33.
 1 SYSTEMPATH\View\View.php(212): CodeIgniter\Exceptions\FrameworkException::forInvalidFile('Modules\\Standard\\Views\\customer\\_menu.php')
 2 SYSTEMPATH\Common.php(1177): CodeIgniter\View\View->render('Modules\\Standard\\Views\\customer\\_menu', [], true)
 3 APPPATH\Views\inc-header.php(142): view('Modules\\Standard\\Views\\customer\\_menu')
 4 SYSTEMPATH\View\View.php(224): include('D:\\xampp\\htdocs\\dfinest\\app\\Views\\inc-header.php')
 5 SYSTEMPATH\View\View.php(227): CodeIgniter\View\View->CodeIgniter\View\{closure}()
 6 SYSTEMPATH\Common.php(1177): CodeIgniter\View\View->render('inc-header', [], true)
 7 APPPATH\Modules\Standard\Controllers\Customer.php(58): view('inc-header', [...])
 8 SYSTEMPATH\CodeIgniter.php(932): App\Modules\Standard\Controllers\Customer->index()
 9 SYSTEMPATH\CodeIgniter.php(497): CodeIgniter\CodeIgniter->runController(Object(App\Modules\Standard\Controllers\Customer))
10 SYSTEMPATH\CodeIgniter.php(366): CodeIgniter\CodeIgniter->handleRequest(null, Object(Config\Cache), false)
11 FCPATH\index.php(67): CodeIgniter\CodeIgniter->run()
