CRITICAL - 2023-09-05 09:48:16 --> Unsupported operand types: string * string
in APPPATH\Modules\Ajax\Views\popup_inroll.php on line 31.
 1 SYSTEMPATH\View\View.php(224): include()
 2 SYSTEMPATH\View\View.php(227): CodeIgniter\View\View->CodeIgniter\View\{closure}()
 3 SYSTEMPATH\Common.php(1177): CodeIgniter\View\View->render('Modules\\Ajax\\Views\\popup_inroll', [], true)
 4 APPPATH\Modules\Ajax\Controllers\Ajax.php(48): view('Modules\\Ajax\\Views\\popup_inroll', [...])
 5 SYSTEMPATH\CodeIgniter.php(932): App\Modules\Ajax\Controllers\Ajax->popup_inroll()
 6 SYSTEMPATH\CodeIgniter.php(497): CodeIgniter\CodeIgniter->runController(Object(App\Modules\Ajax\Controllers\Ajax))
 7 SYSTEMPATH\CodeIgniter.php(366): CodeIgniter\CodeIgniter->handleRequest(null, Object(Config\Cache), false)
 8 FCPATH\index.php(67): CodeIgniter\CodeIgniter->run()
CRITICAL - 2023-09-05 11:15:59 --> Unsupported operand types: string * string
in APPPATH\Modules\Ajax\Views\popup_inroll.php on line 31.
 1 SYSTEMPATH\View\View.php(224): include()
 2 SYSTEMPATH\View\View.php(227): CodeIgniter\View\View->CodeIgniter\View\{closure}()
 3 SYSTEMPATH\Common.php(1177): CodeIgniter\View\View->render('Modules\\Ajax\\Views\\popup_inroll', [], true)
 4 APPPATH\Modules\Ajax\Controllers\Ajax.php(47): view('Modules\\Ajax\\Views\\popup_inroll', [...])
 5 SYSTEMPATH\CodeIgniter.php(932): App\Modules\Ajax\Controllers\Ajax->popup_inroll()
 6 SYSTEMPATH\CodeIgniter.php(497): CodeIgniter\CodeIgniter->runController(Object(App\Modules\Ajax\Controllers\Ajax))
 7 SYSTEMPATH\CodeIgniter.php(366): CodeIgniter\CodeIgniter->handleRequest(null, Object(Config\Cache), false)
 8 FCPATH\index.php(67): CodeIgniter\CodeIgniter->run()
CRITICAL - 2023-09-05 11:15:59 --> Unsupported operand types: string * string
in APPPATH\Modules\Ajax\Views\popup_inroll.php on line 31.
 1 SYSTEMPATH\View\View.php(224): include()
 2 SYSTEMPATH\View\View.php(227): CodeIgniter\View\View->CodeIgniter\View\{closure}()
 3 SYSTEMPATH\Common.php(1177): CodeIgniter\View\View->render('Modules\\Ajax\\Views\\popup_inroll', [], true)
 4 APPPATH\Modules\Ajax\Controllers\Ajax.php(47): view('Modules\\Ajax\\Views\\popup_inroll', [...])
 5 SYSTEMPATH\CodeIgniter.php(932): App\Modules\Ajax\Controllers\Ajax->popup_inroll()
 6 SYSTEMPATH\CodeIgniter.php(497): CodeIgniter\CodeIgniter->runController(Object(App\Modules\Ajax\Controllers\Ajax))
 7 SYSTEMPATH\CodeIgniter.php(366): CodeIgniter\CodeIgniter->handleRequest(null, Object(Config\Cache), false)
 8 FCPATH\index.php(67): CodeIgniter\CodeIgniter->run()
CRITICAL - 2023-09-05 11:16:01 --> Unsupported operand types: string * string
in APPPATH\Modules\Ajax\Views\popup_inroll.php on line 31.
 1 SYSTEMPATH\View\View.php(224): include()
 2 SYSTEMPATH\View\View.php(227): CodeIgniter\View\View->CodeIgniter\View\{closure}()
 3 SYSTEMPATH\Common.php(1177): CodeIgniter\View\View->render('Modules\\Ajax\\Views\\popup_inroll', [], true)
 4 APPPATH\Modules\Ajax\Controllers\Ajax.php(47): view('Modules\\Ajax\\Views\\popup_inroll', [...])
 5 SYSTEMPATH\CodeIgniter.php(932): App\Modules\Ajax\Controllers\Ajax->popup_inroll()
 6 SYSTEMPATH\CodeIgniter.php(497): CodeIgniter\CodeIgniter->runController(Object(App\Modules\Ajax\Controllers\Ajax))
 7 SYSTEMPATH\CodeIgniter.php(366): CodeIgniter\CodeIgniter->handleRequest(null, Object(Config\Cache), false)
 8 FCPATH\index.php(67): CodeIgniter\CodeIgniter->run()
CRITICAL - 2023-09-05 11:16:02 --> Unsupported operand types: string * string
in APPPATH\Modules\Ajax\Views\popup_inroll.php on line 31.
 1 SYSTEMPATH\View\View.php(224): include()
 2 SYSTEMPATH\View\View.php(227): CodeIgniter\View\View->CodeIgniter\View\{closure}()
 3 SYSTEMPATH\Common.php(1177): CodeIgniter\View\View->render('Modules\\Ajax\\Views\\popup_inroll', [], true)
 4 APPPATH\Modules\Ajax\Controllers\Ajax.php(47): view('Modules\\Ajax\\Views\\popup_inroll', [...])
 5 SYSTEMPATH\CodeIgniter.php(932): App\Modules\Ajax\Controllers\Ajax->popup_inroll()
 6 SYSTEMPATH\CodeIgniter.php(497): CodeIgniter\CodeIgniter->runController(Object(App\Modules\Ajax\Controllers\Ajax))
 7 SYSTEMPATH\CodeIgniter.php(366): CodeIgniter\CodeIgniter->handleRequest(null, Object(Config\Cache), false)
 8 FCPATH\index.php(67): CodeIgniter\CodeIgniter->run()
CRITICAL - 2023-09-05 11:16:03 --> Unsupported operand types: string * string
in APPPATH\Modules\Ajax\Views\popup_inroll.php on line 31.
 1 SYSTEMPATH\View\View.php(224): include()
 2 SYSTEMPATH\View\View.php(227): CodeIgniter\View\View->CodeIgniter\View\{closure}()
 3 SYSTEMPATH\Common.php(1177): CodeIgniter\View\View->render('Modules\\Ajax\\Views\\popup_inroll', [], true)
 4 APPPATH\Modules\Ajax\Controllers\Ajax.php(47): view('Modules\\Ajax\\Views\\popup_inroll', [...])
 5 SYSTEMPATH\CodeIgniter.php(932): App\Modules\Ajax\Controllers\Ajax->popup_inroll()
 6 SYSTEMPATH\CodeIgniter.php(497): CodeIgniter\CodeIgniter->runController(Object(App\Modules\Ajax\Controllers\Ajax))
 7 SYSTEMPATH\CodeIgniter.php(366): CodeIgniter\CodeIgniter->handleRequest(null, Object(Config\Cache), false)
 8 FCPATH\index.php(67): CodeIgniter\CodeIgniter->run()
CRITICAL - 2023-09-05 11:16:07 --> Unsupported operand types: string * string
in APPPATH\Modules\Ajax\Views\popup_inroll.php on line 31.
 1 SYSTEMPATH\View\View.php(224): include()
 2 SYSTEMPATH\View\View.php(227): CodeIgniter\View\View->CodeIgniter\View\{closure}()
 3 SYSTEMPATH\Common.php(1177): CodeIgniter\View\View->render('Modules\\Ajax\\Views\\popup_inroll', [], true)
 4 APPPATH\Modules\Ajax\Controllers\Ajax.php(47): view('Modules\\Ajax\\Views\\popup_inroll', [...])
 5 SYSTEMPATH\CodeIgniter.php(932): App\Modules\Ajax\Controllers\Ajax->popup_inroll()
 6 SYSTEMPATH\CodeIgniter.php(497): CodeIgniter\CodeIgniter->runController(Object(App\Modules\Ajax\Controllers\Ajax))
 7 SYSTEMPATH\CodeIgniter.php(366): CodeIgniter\CodeIgniter->handleRequest(null, Object(Config\Cache), false)
 8 FCPATH\index.php(67): CodeIgniter\CodeIgniter->run()
CRITICAL - 2023-09-05 11:16:08 --> Unsupported operand types: string * string
in APPPATH\Modules\Ajax\Views\popup_inroll.php on line 31.
 1 SYSTEMPATH\View\View.php(224): include()
 2 SYSTEMPATH\View\View.php(227): CodeIgniter\View\View->CodeIgniter\View\{closure}()
 3 SYSTEMPATH\Common.php(1177): CodeIgniter\View\View->render('Modules\\Ajax\\Views\\popup_inroll', [], true)
 4 APPPATH\Modules\Ajax\Controllers\Ajax.php(47): view('Modules\\Ajax\\Views\\popup_inroll', [...])
 5 SYSTEMPATH\CodeIgniter.php(932): App\Modules\Ajax\Controllers\Ajax->popup_inroll()
 6 SYSTEMPATH\CodeIgniter.php(497): CodeIgniter\CodeIgniter->runController(Object(App\Modules\Ajax\Controllers\Ajax))
 7 SYSTEMPATH\CodeIgniter.php(366): CodeIgniter\CodeIgniter->handleRequest(null, Object(Config\Cache), false)
 8 FCPATH\index.php(67): CodeIgniter\CodeIgniter->run()
CRITICAL - 2023-09-05 11:16:14 --> Unsupported operand types: string * string
in APPPATH\Modules\Ajax\Views\popup_inroll.php on line 31.
 1 SYSTEMPATH\View\View.php(224): include()
 2 SYSTEMPATH\View\View.php(227): CodeIgniter\View\View->CodeIgniter\View\{closure}()
 3 SYSTEMPATH\Common.php(1177): CodeIgniter\View\View->render('Modules\\Ajax\\Views\\popup_inroll', [], true)
 4 APPPATH\Modules\Ajax\Controllers\Ajax.php(47): view('Modules\\Ajax\\Views\\popup_inroll', [...])
 5 SYSTEMPATH\CodeIgniter.php(932): App\Modules\Ajax\Controllers\Ajax->popup_inroll()
 6 SYSTEMPATH\CodeIgniter.php(497): CodeIgniter\CodeIgniter->runController(Object(App\Modules\Ajax\Controllers\Ajax))
 7 SYSTEMPATH\CodeIgniter.php(366): CodeIgniter\CodeIgniter->handleRequest(null, Object(Config\Cache), false)
 8 FCPATH\index.php(67): CodeIgniter\CodeIgniter->run()
CRITICAL - 2023-09-05 11:17:08 --> Unsupported operand types: string * string
in APPPATH\Modules\Ajax\Views\popup_inroll.php on line 31.
 1 SYSTEMPATH\View\View.php(224): include()
 2 SYSTEMPATH\View\View.php(227): CodeIgniter\View\View->CodeIgniter\View\{closure}()
 3 SYSTEMPATH\Common.php(1177): CodeIgniter\View\View->render('Modules\\Ajax\\Views\\popup_inroll', [], true)
 4 APPPATH\Modules\Ajax\Controllers\Ajax.php(47): view('Modules\\Ajax\\Views\\popup_inroll', [...])
 5 SYSTEMPATH\CodeIgniter.php(932): App\Modules\Ajax\Controllers\Ajax->popup_inroll()
 6 SYSTEMPATH\CodeIgniter.php(497): CodeIgniter\CodeIgniter->runController(Object(App\Modules\Ajax\Controllers\Ajax))
 7 SYSTEMPATH\CodeIgniter.php(366): CodeIgniter\CodeIgniter->handleRequest(null, Object(Config\Cache), false)
 8 FCPATH\index.php(67): CodeIgniter\CodeIgniter->run()
CRITICAL - 2023-09-05 11:17:34 --> Unsupported operand types: string * string
in APPPATH\Modules\Ajax\Views\popup_inroll.php on line 31.
 1 SYSTEMPATH\View\View.php(224): include()
 2 SYSTEMPATH\View\View.php(227): CodeIgniter\View\View->CodeIgniter\View\{closure}()
 3 SYSTEMPATH\Common.php(1177): CodeIgniter\View\View->render('Modules\\Ajax\\Views\\popup_inroll', [], true)
 4 APPPATH\Modules\Ajax\Controllers\Ajax.php(47): view('Modules\\Ajax\\Views\\popup_inroll', [...])
 5 SYSTEMPATH\CodeIgniter.php(932): App\Modules\Ajax\Controllers\Ajax->popup_inroll()
 6 SYSTEMPATH\CodeIgniter.php(497): CodeIgniter\CodeIgniter->runController(Object(App\Modules\Ajax\Controllers\Ajax))
 7 SYSTEMPATH\CodeIgniter.php(366): CodeIgniter\CodeIgniter->handleRequest(null, Object(Config\Cache), false)
 8 FCPATH\index.php(67): CodeIgniter\CodeIgniter->run()
CRITICAL - 2023-09-05 11:17:39 --> foreach() argument must be of type array|object, null given
in APPPATH\Modules\Ajax\Views\popup_inroll.php on line 29.
 1 APPPATH\Modules\Ajax\Views\popup_inroll.php(29): CodeIgniter\Debug\Exceptions->errorHandler(2, 'foreach() argument must be of type array|object, null given', 'D:\\xampp\\htdocs\\dfinest\\app\\Modules\\Ajax\\Views\\popup_inroll.php', 29)
 2 SYSTEMPATH\View\View.php(224): include('D:\\xampp\\htdocs\\dfinest\\app\\Modules\\Ajax\\Views\\popup_inroll.php')
 3 SYSTEMPATH\View\View.php(227): CodeIgniter\View\View->CodeIgniter\View\{closure}()
 4 SYSTEMPATH\Common.php(1177): CodeIgniter\View\View->render('Modules\\Ajax\\Views\\popup_inroll', [], true)
 5 APPPATH\Modules\Ajax\Controllers\Ajax.php(47): view('Modules\\Ajax\\Views\\popup_inroll', [...])
 6 SYSTEMPATH\CodeIgniter.php(932): App\Modules\Ajax\Controllers\Ajax->popup_inroll()
 7 SYSTEMPATH\CodeIgniter.php(497): CodeIgniter\CodeIgniter->runController(Object(App\Modules\Ajax\Controllers\Ajax))
 8 SYSTEMPATH\CodeIgniter.php(366): CodeIgniter\CodeIgniter->handleRequest(null, Object(Config\Cache), false)
 9 FCPATH\index.php(67): CodeIgniter\CodeIgniter->run()
CRITICAL - 2023-09-05 11:20:28 --> Unsupported operand types: string * string
in APPPATH\Modules\Ajax\Views\popup_inroll.php on line 31.
 1 SYSTEMPATH\View\View.php(224): include()
 2 SYSTEMPATH\View\View.php(227): CodeIgniter\View\View->CodeIgniter\View\{closure}()
 3 SYSTEMPATH\Common.php(1177): CodeIgniter\View\View->render('Modules\\Ajax\\Views\\popup_inroll', [], true)
 4 APPPATH\Modules\Ajax\Controllers\Ajax.php(48): view('Modules\\Ajax\\Views\\popup_inroll', [...])
 5 SYSTEMPATH\CodeIgniter.php(932): App\Modules\Ajax\Controllers\Ajax->popup_inroll()
 6 SYSTEMPATH\CodeIgniter.php(497): CodeIgniter\CodeIgniter->runController(Object(App\Modules\Ajax\Controllers\Ajax))
 7 SYSTEMPATH\CodeIgniter.php(366): CodeIgniter\CodeIgniter->handleRequest(null, Object(Config\Cache), false)
 8 FCPATH\index.php(67): CodeIgniter\CodeIgniter->run()
CRITICAL - 2023-09-05 11:21:05 --> Unsupported operand types: string * string
in APPPATH\Modules\Ajax\Views\popup_inroll.php on line 31.
 1 SYSTEMPATH\View\View.php(224): include()
 2 SYSTEMPATH\View\View.php(227): CodeIgniter\View\View->CodeIgniter\View\{closure}()
 3 SYSTEMPATH\Common.php(1177): CodeIgniter\View\View->render('Modules\\Ajax\\Views\\popup_inroll', [], true)
 4 APPPATH\Modules\Ajax\Controllers\Ajax.php(48): view('Modules\\Ajax\\Views\\popup_inroll', [...])
 5 SYSTEMPATH\CodeIgniter.php(932): App\Modules\Ajax\Controllers\Ajax->popup_inroll()
 6 SYSTEMPATH\CodeIgniter.php(497): CodeIgniter\CodeIgniter->runController(Object(App\Modules\Ajax\Controllers\Ajax))
 7 SYSTEMPATH\CodeIgniter.php(366): CodeIgniter\CodeIgniter->handleRequest(null, Object(Config\Cache), false)
 8 FCPATH\index.php(67): CodeIgniter\CodeIgniter->run()
CRITICAL - 2023-09-05 11:21:47 --> Unsupported operand types: string * string
in APPPATH\Modules\Ajax\Views\popup_inroll.php on line 32.
 1 SYSTEMPATH\View\View.php(224): include()
 2 SYSTEMPATH\View\View.php(227): CodeIgniter\View\View->CodeIgniter\View\{closure}()
 3 SYSTEMPATH\Common.php(1177): CodeIgniter\View\View->render('Modules\\Ajax\\Views\\popup_inroll', [], true)
 4 APPPATH\Modules\Ajax\Controllers\Ajax.php(48): view('Modules\\Ajax\\Views\\popup_inroll', [...])
 5 SYSTEMPATH\CodeIgniter.php(932): App\Modules\Ajax\Controllers\Ajax->popup_inroll()
 6 SYSTEMPATH\CodeIgniter.php(497): CodeIgniter\CodeIgniter->runController(Object(App\Modules\Ajax\Controllers\Ajax))
 7 SYSTEMPATH\CodeIgniter.php(366): CodeIgniter\CodeIgniter->handleRequest(null, Object(Config\Cache), false)
 8 FCPATH\index.php(67): CodeIgniter\CodeIgniter->run()
CRITICAL - 2023-09-05 11:22:33 --> Unsupported operand types: string * string
in APPPATH\Modules\Ajax\Views\popup_inroll.php on line 32.
 1 SYSTEMPATH\View\View.php(224): include()
 2 SYSTEMPATH\View\View.php(227): CodeIgniter\View\View->CodeIgniter\View\{closure}()
 3 SYSTEMPATH\Common.php(1177): CodeIgniter\View\View->render('Modules\\Ajax\\Views\\popup_inroll', [], true)
 4 APPPATH\Modules\Ajax\Controllers\Ajax.php(48): view('Modules\\Ajax\\Views\\popup_inroll', [...])
 5 SYSTEMPATH\CodeIgniter.php(932): App\Modules\Ajax\Controllers\Ajax->popup_inroll()
 6 SYSTEMPATH\CodeIgniter.php(497): CodeIgniter\CodeIgniter->runController(Object(App\Modules\Ajax\Controllers\Ajax))
 7 SYSTEMPATH\CodeIgniter.php(366): CodeIgniter\CodeIgniter->handleRequest(null, Object(Config\Cache), false)
 8 FCPATH\index.php(67): CodeIgniter\CodeIgniter->run()
CRITICAL - 2023-09-05 11:22:48 --> Unsupported operand types: string * string
in APPPATH\Modules\Ajax\Views\popup_inroll.php on line 32.
 1 SYSTEMPATH\View\View.php(224): include()
 2 SYSTEMPATH\View\View.php(227): CodeIgniter\View\View->CodeIgniter\View\{closure}()
 3 SYSTEMPATH\Common.php(1177): CodeIgniter\View\View->render('Modules\\Ajax\\Views\\popup_inroll', [], true)
 4 APPPATH\Modules\Ajax\Controllers\Ajax.php(48): view('Modules\\Ajax\\Views\\popup_inroll', [...])
 5 SYSTEMPATH\CodeIgniter.php(932): App\Modules\Ajax\Controllers\Ajax->popup_inroll()
 6 SYSTEMPATH\CodeIgniter.php(497): CodeIgniter\CodeIgniter->runController(Object(App\Modules\Ajax\Controllers\Ajax))
 7 SYSTEMPATH\CodeIgniter.php(366): CodeIgniter\CodeIgniter->handleRequest(null, Object(Config\Cache), false)
 8 FCPATH\index.php(67): CodeIgniter\CodeIgniter->run()
CRITICAL - 2023-09-05 11:23:53 --> number_format(): Argument #1 ($num) must be of type float, string given
in APPPATH\Modules\Ajax\Views\popup_inroll.php on line 40.
 1 APPPATH\Modules\Ajax\Views\popup_inroll.php(40): number_format('', 2)
 2 SYSTEMPATH\View\View.php(224): include('D:\\xampp\\htdocs\\dfinest\\app\\Modules\\Ajax\\Views\\popup_inroll.php')
 3 SYSTEMPATH\View\View.php(227): CodeIgniter\View\View->CodeIgniter\View\{closure}()
 4 SYSTEMPATH\Common.php(1177): CodeIgniter\View\View->render('Modules\\Ajax\\Views\\popup_inroll', [], true)
 5 APPPATH\Modules\Ajax\Controllers\Ajax.php(48): view('Modules\\Ajax\\Views\\popup_inroll', [...])
 6 SYSTEMPATH\CodeIgniter.php(932): App\Modules\Ajax\Controllers\Ajax->popup_inroll()
 7 SYSTEMPATH\CodeIgniter.php(497): CodeIgniter\CodeIgniter->runController(Object(App\Modules\Ajax\Controllers\Ajax))
 8 SYSTEMPATH\CodeIgniter.php(366): CodeIgniter\CodeIgniter->handleRequest(null, Object(Config\Cache), false)
 9 FCPATH\index.php(67): CodeIgniter\CodeIgniter->run()
CRITICAL - 2023-09-05 11:23:54 --> number_format(): Argument #1 ($num) must be of type float, string given
in APPPATH\Modules\Ajax\Views\popup_inroll.php on line 40.
 1 APPPATH\Modules\Ajax\Views\popup_inroll.php(40): number_format('', 2)
 2 SYSTEMPATH\View\View.php(224): include('D:\\xampp\\htdocs\\dfinest\\app\\Modules\\Ajax\\Views\\popup_inroll.php')
 3 SYSTEMPATH\View\View.php(227): CodeIgniter\View\View->CodeIgniter\View\{closure}()
 4 SYSTEMPATH\Common.php(1177): CodeIgniter\View\View->render('Modules\\Ajax\\Views\\popup_inroll', [], true)
 5 APPPATH\Modules\Ajax\Controllers\Ajax.php(48): view('Modules\\Ajax\\Views\\popup_inroll', [...])
 6 SYSTEMPATH\CodeIgniter.php(932): App\Modules\Ajax\Controllers\Ajax->popup_inroll()
 7 SYSTEMPATH\CodeIgniter.php(497): CodeIgniter\CodeIgniter->runController(Object(App\Modules\Ajax\Controllers\Ajax))
 8 SYSTEMPATH\CodeIgniter.php(366): CodeIgniter\CodeIgniter->handleRequest(null, Object(Config\Cache), false)
 9 FCPATH\index.php(67): CodeIgniter\CodeIgniter->run()
CRITICAL - 2023-09-05 11:24:44 --> Unsupported operand types: string * string
in APPPATH\Modules\Ajax\Views\popup_inroll.php on line 32.
 1 SYSTEMPATH\View\View.php(224): include()
 2 SYSTEMPATH\View\View.php(227): CodeIgniter\View\View->CodeIgniter\View\{closure}()
 3 SYSTEMPATH\Common.php(1177): CodeIgniter\View\View->render('Modules\\Ajax\\Views\\popup_inroll', [], true)
 4 APPPATH\Modules\Ajax\Controllers\Ajax.php(48): view('Modules\\Ajax\\Views\\popup_inroll', [...])
 5 SYSTEMPATH\CodeIgniter.php(932): App\Modules\Ajax\Controllers\Ajax->popup_inroll()
 6 SYSTEMPATH\CodeIgniter.php(497): CodeIgniter\CodeIgniter->runController(Object(App\Modules\Ajax\Controllers\Ajax))
 7 SYSTEMPATH\CodeIgniter.php(366): CodeIgniter\CodeIgniter->handleRequest(null, Object(Config\Cache), false)
 8 FCPATH\index.php(67): CodeIgniter\CodeIgniter->run()
CRITICAL - 2023-09-05 11:24:45 --> Unsupported operand types: string * string
in APPPATH\Modules\Ajax\Views\popup_inroll.php on line 32.
 1 SYSTEMPATH\View\View.php(224): include()
 2 SYSTEMPATH\View\View.php(227): CodeIgniter\View\View->CodeIgniter\View\{closure}()
 3 SYSTEMPATH\Common.php(1177): CodeIgniter\View\View->render('Modules\\Ajax\\Views\\popup_inroll', [], true)
 4 APPPATH\Modules\Ajax\Controllers\Ajax.php(48): view('Modules\\Ajax\\Views\\popup_inroll', [...])
 5 SYSTEMPATH\CodeIgniter.php(932): App\Modules\Ajax\Controllers\Ajax->popup_inroll()
 6 SYSTEMPATH\CodeIgniter.php(497): CodeIgniter\CodeIgniter->runController(Object(App\Modules\Ajax\Controllers\Ajax))
 7 SYSTEMPATH\CodeIgniter.php(366): CodeIgniter\CodeIgniter->handleRequest(null, Object(Config\Cache), false)
 8 FCPATH\index.php(67): CodeIgniter\CodeIgniter->run()
CRITICAL - 2023-09-05 11:24:59 --> Unsupported operand types: string * string
in APPPATH\Modules\Ajax\Views\popup_inroll.php on line 32.
 1 SYSTEMPATH\View\View.php(224): include()
 2 SYSTEMPATH\View\View.php(227): CodeIgniter\View\View->CodeIgniter\View\{closure}()
 3 SYSTEMPATH\Common.php(1177): CodeIgniter\View\View->render('Modules\\Ajax\\Views\\popup_inroll', [], true)
 4 APPPATH\Modules\Ajax\Controllers\Ajax.php(48): view('Modules\\Ajax\\Views\\popup_inroll', [...])
 5 SYSTEMPATH\CodeIgniter.php(932): App\Modules\Ajax\Controllers\Ajax->popup_inroll()
 6 SYSTEMPATH\CodeIgniter.php(497): CodeIgniter\CodeIgniter->runController(Object(App\Modules\Ajax\Controllers\Ajax))
 7 SYSTEMPATH\CodeIgniter.php(366): CodeIgniter\CodeIgniter->handleRequest(null, Object(Config\Cache), false)
 8 FCPATH\index.php(67): CodeIgniter\CodeIgniter->run()
CRITICAL - 2023-09-05 11:27:14 --> Unsupported operand types: int + string
in APPPATH\Modules\Ajax\Views\popup_inroll.php on line 33.
 1 SYSTEMPATH\View\View.php(224): include()
 2 SYSTEMPATH\View\View.php(227): CodeIgniter\View\View->CodeIgniter\View\{closure}()
 3 SYSTEMPATH\Common.php(1177): CodeIgniter\View\View->render('Modules\\Ajax\\Views\\popup_inroll', [], true)
 4 APPPATH\Modules\Ajax\Controllers\Ajax.php(48): view('Modules\\Ajax\\Views\\popup_inroll', [...])
 5 SYSTEMPATH\CodeIgniter.php(932): App\Modules\Ajax\Controllers\Ajax->popup_inroll()
 6 SYSTEMPATH\CodeIgniter.php(497): CodeIgniter\CodeIgniter->runController(Object(App\Modules\Ajax\Controllers\Ajax))
 7 SYSTEMPATH\CodeIgniter.php(366): CodeIgniter\CodeIgniter->handleRequest(null, Object(Config\Cache), false)
 8 FCPATH\index.php(67): CodeIgniter\CodeIgniter->run()
CRITICAL - 2023-09-05 11:27:15 --> Unsupported operand types: int + string
in APPPATH\Modules\Ajax\Views\popup_inroll.php on line 33.
 1 SYSTEMPATH\View\View.php(224): include()
 2 SYSTEMPATH\View\View.php(227): CodeIgniter\View\View->CodeIgniter\View\{closure}()
 3 SYSTEMPATH\Common.php(1177): CodeIgniter\View\View->render('Modules\\Ajax\\Views\\popup_inroll', [], true)
 4 APPPATH\Modules\Ajax\Controllers\Ajax.php(48): view('Modules\\Ajax\\Views\\popup_inroll', [...])
 5 SYSTEMPATH\CodeIgniter.php(932): App\Modules\Ajax\Controllers\Ajax->popup_inroll()
 6 SYSTEMPATH\CodeIgniter.php(497): CodeIgniter\CodeIgniter->runController(Object(App\Modules\Ajax\Controllers\Ajax))
 7 SYSTEMPATH\CodeIgniter.php(366): CodeIgniter\CodeIgniter->handleRequest(null, Object(Config\Cache), false)
 8 FCPATH\index.php(67): CodeIgniter\CodeIgniter->run()
CRITICAL - 2023-09-05 11:27:32 --> Unsupported operand types: int + string
in APPPATH\Modules\Ajax\Views\popup_inroll.php on line 33.
 1 SYSTEMPATH\View\View.php(224): include()
 2 SYSTEMPATH\View\View.php(227): CodeIgniter\View\View->CodeIgniter\View\{closure}()
 3 SYSTEMPATH\Common.php(1177): CodeIgniter\View\View->render('Modules\\Ajax\\Views\\popup_inroll', [], true)
 4 APPPATH\Modules\Ajax\Controllers\Ajax.php(48): view('Modules\\Ajax\\Views\\popup_inroll', [...])
 5 SYSTEMPATH\CodeIgniter.php(932): App\Modules\Ajax\Controllers\Ajax->popup_inroll()
 6 SYSTEMPATH\CodeIgniter.php(497): CodeIgniter\CodeIgniter->runController(Object(App\Modules\Ajax\Controllers\Ajax))
 7 SYSTEMPATH\CodeIgniter.php(366): CodeIgniter\CodeIgniter->handleRequest(null, Object(Config\Cache), false)
 8 FCPATH\index.php(67): CodeIgniter\CodeIgniter->run()
CRITICAL - 2023-09-05 11:27:33 --> Unsupported operand types: int + string
in APPPATH\Modules\Ajax\Views\popup_inroll.php on line 33.
 1 SYSTEMPATH\View\View.php(224): include()
 2 SYSTEMPATH\View\View.php(227): CodeIgniter\View\View->CodeIgniter\View\{closure}()
 3 SYSTEMPATH\Common.php(1177): CodeIgniter\View\View->render('Modules\\Ajax\\Views\\popup_inroll', [], true)
 4 APPPATH\Modules\Ajax\Controllers\Ajax.php(48): view('Modules\\Ajax\\Views\\popup_inroll', [...])
 5 SYSTEMPATH\CodeIgniter.php(932): App\Modules\Ajax\Controllers\Ajax->popup_inroll()
 6 SYSTEMPATH\CodeIgniter.php(497): CodeIgniter\CodeIgniter->runController(Object(App\Modules\Ajax\Controllers\Ajax))
 7 SYSTEMPATH\CodeIgniter.php(366): CodeIgniter\CodeIgniter->handleRequest(null, Object(Config\Cache), false)
 8 FCPATH\index.php(67): CodeIgniter\CodeIgniter->run()
CRITICAL - 2023-09-05 11:28:24 --> Unsupported operand types: int + string
in APPPATH\Modules\Ajax\Views\popup_inroll.php on line 34.
 1 SYSTEMPATH\View\View.php(224): include()
 2 SYSTEMPATH\View\View.php(227): CodeIgniter\View\View->CodeIgniter\View\{closure}()
 3 SYSTEMPATH\Common.php(1177): CodeIgniter\View\View->render('Modules\\Ajax\\Views\\popup_inroll', [], true)
 4 APPPATH\Modules\Ajax\Controllers\Ajax.php(48): view('Modules\\Ajax\\Views\\popup_inroll', [...])
 5 SYSTEMPATH\CodeIgniter.php(932): App\Modules\Ajax\Controllers\Ajax->popup_inroll()
 6 SYSTEMPATH\CodeIgniter.php(497): CodeIgniter\CodeIgniter->runController(Object(App\Modules\Ajax\Controllers\Ajax))
 7 SYSTEMPATH\CodeIgniter.php(366): CodeIgniter\CodeIgniter->handleRequest(null, Object(Config\Cache), false)
 8 FCPATH\index.php(67): CodeIgniter\CodeIgniter->run()
CRITICAL - 2023-09-05 11:28:56 --> Unsupported operand types: int + string
in APPPATH\Modules\Ajax\Views\popup_inroll.php on line 35.
 1 SYSTEMPATH\View\View.php(224): include()
 2 SYSTEMPATH\View\View.php(227): CodeIgniter\View\View->CodeIgniter\View\{closure}()
 3 SYSTEMPATH\Common.php(1177): CodeIgniter\View\View->render('Modules\\Ajax\\Views\\popup_inroll', [], true)
 4 APPPATH\Modules\Ajax\Controllers\Ajax.php(48): view('Modules\\Ajax\\Views\\popup_inroll', [...])
 5 SYSTEMPATH\CodeIgniter.php(932): App\Modules\Ajax\Controllers\Ajax->popup_inroll()
 6 SYSTEMPATH\CodeIgniter.php(497): CodeIgniter\CodeIgniter->runController(Object(App\Modules\Ajax\Controllers\Ajax))
 7 SYSTEMPATH\CodeIgniter.php(366): CodeIgniter\CodeIgniter->handleRequest(null, Object(Config\Cache), false)
 8 FCPATH\index.php(67): CodeIgniter\CodeIgniter->run()
CRITICAL - 2023-09-05 11:28:56 --> Unsupported operand types: int + string
in APPPATH\Modules\Ajax\Views\popup_inroll.php on line 35.
 1 SYSTEMPATH\View\View.php(224): include()
 2 SYSTEMPATH\View\View.php(227): CodeIgniter\View\View->CodeIgniter\View\{closure}()
 3 SYSTEMPATH\Common.php(1177): CodeIgniter\View\View->render('Modules\\Ajax\\Views\\popup_inroll', [], true)
 4 APPPATH\Modules\Ajax\Controllers\Ajax.php(48): view('Modules\\Ajax\\Views\\popup_inroll', [...])
 5 SYSTEMPATH\CodeIgniter.php(932): App\Modules\Ajax\Controllers\Ajax->popup_inroll()
 6 SYSTEMPATH\CodeIgniter.php(497): CodeIgniter\CodeIgniter->runController(Object(App\Modules\Ajax\Controllers\Ajax))
 7 SYSTEMPATH\CodeIgniter.php(366): CodeIgniter\CodeIgniter->handleRequest(null, Object(Config\Cache), false)
 8 FCPATH\index.php(67): CodeIgniter\CodeIgniter->run()
CRITICAL - 2023-09-05 11:30:55 --> Undefined array key "total"
in APPPATH\Modules\Ajax\Views\popup_inroll.php on line 42.
 1 APPPATH\Modules\Ajax\Views\popup_inroll.php(42): CodeIgniter\Debug\Exceptions->errorHandler(2, 'Undefined array key "total"', 'D:\\xampp\\htdocs\\dfinest\\app\\Modules\\Ajax\\Views\\popup_inroll.php', 42)
 2 SYSTEMPATH\View\View.php(224): include('D:\\xampp\\htdocs\\dfinest\\app\\Modules\\Ajax\\Views\\popup_inroll.php')
 3 SYSTEMPATH\View\View.php(227): CodeIgniter\View\View->CodeIgniter\View\{closure}()
 4 SYSTEMPATH\Common.php(1177): CodeIgniter\View\View->render('Modules\\Ajax\\Views\\popup_inroll', [], true)
 5 APPPATH\Modules\Ajax\Controllers\Ajax.php(48): view('Modules\\Ajax\\Views\\popup_inroll', [...])
 6 SYSTEMPATH\CodeIgniter.php(932): App\Modules\Ajax\Controllers\Ajax->popup_inroll()
 7 SYSTEMPATH\CodeIgniter.php(497): CodeIgniter\CodeIgniter->runController(Object(App\Modules\Ajax\Controllers\Ajax))
 8 SYSTEMPATH\CodeIgniter.php(366): CodeIgniter\CodeIgniter->handleRequest(null, Object(Config\Cache), false)
 9 FCPATH\index.php(67): CodeIgniter\CodeIgniter->run()
CRITICAL - 2023-09-05 11:30:56 --> Undefined array key "total"
in APPPATH\Modules\Ajax\Views\popup_inroll.php on line 42.
 1 APPPATH\Modules\Ajax\Views\popup_inroll.php(42): CodeIgniter\Debug\Exceptions->errorHandler(2, 'Undefined array key "total"', 'D:\\xampp\\htdocs\\dfinest\\app\\Modules\\Ajax\\Views\\popup_inroll.php', 42)
 2 SYSTEMPATH\View\View.php(224): include('D:\\xampp\\htdocs\\dfinest\\app\\Modules\\Ajax\\Views\\popup_inroll.php')
 3 SYSTEMPATH\View\View.php(227): CodeIgniter\View\View->CodeIgniter\View\{closure}()
 4 SYSTEMPATH\Common.php(1177): CodeIgniter\View\View->render('Modules\\Ajax\\Views\\popup_inroll', [], true)
 5 APPPATH\Modules\Ajax\Controllers\Ajax.php(48): view('Modules\\Ajax\\Views\\popup_inroll', [...])
 6 SYSTEMPATH\CodeIgniter.php(932): App\Modules\Ajax\Controllers\Ajax->popup_inroll()
 7 SYSTEMPATH\CodeIgniter.php(497): CodeIgniter\CodeIgniter->runController(Object(App\Modules\Ajax\Controllers\Ajax))
 8 SYSTEMPATH\CodeIgniter.php(366): CodeIgniter\CodeIgniter->handleRequest(null, Object(Config\Cache), false)
 9 FCPATH\index.php(67): CodeIgniter\CodeIgniter->run()
CRITICAL - 2023-09-05 11:31:53 --> Unsupported operand types: string * string
in APPPATH\Modules\Ajax\Views\popup_inroll.php on line 33.
 1 SYSTEMPATH\View\View.php(224): include()
 2 SYSTEMPATH\View\View.php(227): CodeIgniter\View\View->CodeIgniter\View\{closure}()
 3 SYSTEMPATH\Common.php(1177): CodeIgniter\View\View->render('Modules\\Ajax\\Views\\popup_inroll', [], true)
 4 APPPATH\Modules\Ajax\Controllers\Ajax.php(48): view('Modules\\Ajax\\Views\\popup_inroll', [...])
 5 SYSTEMPATH\CodeIgniter.php(932): App\Modules\Ajax\Controllers\Ajax->popup_inroll()
 6 SYSTEMPATH\CodeIgniter.php(497): CodeIgniter\CodeIgniter->runController(Object(App\Modules\Ajax\Controllers\Ajax))
 7 SYSTEMPATH\CodeIgniter.php(366): CodeIgniter\CodeIgniter->handleRequest(null, Object(Config\Cache), false)
 8 FCPATH\index.php(67): CodeIgniter\CodeIgniter->run()
CRITICAL - 2023-09-05 11:32:10 --> number_format(): Argument #1 ($num) must be of type float, string given
in APPPATH\Helpers\general_helper.php on line 458.
 1 APPPATH\Helpers\general_helper.php(458): number_format('', 2)
 2 APPPATH\Modules\Ajax\Views\popup_inroll.php(40): decimal_null('', 2)
 3 SYSTEMPATH\View\View.php(224): include('D:\\xampp\\htdocs\\dfinest\\app\\Modules\\Ajax\\Views\\popup_inroll.php')
 4 SYSTEMPATH\View\View.php(227): CodeIgniter\View\View->CodeIgniter\View\{closure}()
 5 SYSTEMPATH\Common.php(1177): CodeIgniter\View\View->render('Modules\\Ajax\\Views\\popup_inroll', [], true)
 6 APPPATH\Modules\Ajax\Controllers\Ajax.php(48): view('Modules\\Ajax\\Views\\popup_inroll', [...])
 7 SYSTEMPATH\CodeIgniter.php(932): App\Modules\Ajax\Controllers\Ajax->popup_inroll()
 8 SYSTEMPATH\CodeIgniter.php(497): CodeIgniter\CodeIgniter->runController(Object(App\Modules\Ajax\Controllers\Ajax))
 9 SYSTEMPATH\CodeIgniter.php(366): CodeIgniter\CodeIgniter->handleRequest(null, Object(Config\Cache), false)
10 FCPATH\index.php(67): CodeIgniter\CodeIgniter->run()
CRITICAL - 2023-09-05 11:32:11 --> number_format(): Argument #1 ($num) must be of type float, string given
in APPPATH\Helpers\general_helper.php on line 458.
 1 APPPATH\Helpers\general_helper.php(458): number_format('', 2)
 2 APPPATH\Modules\Ajax\Views\popup_inroll.php(40): decimal_null('', 2)
 3 SYSTEMPATH\View\View.php(224): include('D:\\xampp\\htdocs\\dfinest\\app\\Modules\\Ajax\\Views\\popup_inroll.php')
 4 SYSTEMPATH\View\View.php(227): CodeIgniter\View\View->CodeIgniter\View\{closure}()
 5 SYSTEMPATH\Common.php(1177): CodeIgniter\View\View->render('Modules\\Ajax\\Views\\popup_inroll', [], true)
 6 APPPATH\Modules\Ajax\Controllers\Ajax.php(48): view('Modules\\Ajax\\Views\\popup_inroll', [...])
 7 SYSTEMPATH\CodeIgniter.php(932): App\Modules\Ajax\Controllers\Ajax->popup_inroll()
 8 SYSTEMPATH\CodeIgniter.php(497): CodeIgniter\CodeIgniter->runController(Object(App\Modules\Ajax\Controllers\Ajax))
 9 SYSTEMPATH\CodeIgniter.php(366): CodeIgniter\CodeIgniter->handleRequest(null, Object(Config\Cache), false)
10 FCPATH\index.php(67): CodeIgniter\CodeIgniter->run()
CRITICAL - 2023-09-05 11:32:51 --> number_format(): Argument #1 ($num) must be of type float, string given
in APPPATH\Helpers\general_helper.php on line 458.
 1 APPPATH\Helpers\general_helper.php(458): number_format('', 2)
 2 APPPATH\Modules\Ajax\Views\popup_inroll.php(42): decimal_null('', 2)
 3 SYSTEMPATH\View\View.php(224): include('D:\\xampp\\htdocs\\dfinest\\app\\Modules\\Ajax\\Views\\popup_inroll.php')
 4 SYSTEMPATH\View\View.php(227): CodeIgniter\View\View->CodeIgniter\View\{closure}()
 5 SYSTEMPATH\Common.php(1177): CodeIgniter\View\View->render('Modules\\Ajax\\Views\\popup_inroll', [], true)
 6 APPPATH\Modules\Ajax\Controllers\Ajax.php(48): view('Modules\\Ajax\\Views\\popup_inroll', [...])
 7 SYSTEMPATH\CodeIgniter.php(932): App\Modules\Ajax\Controllers\Ajax->popup_inroll()
 8 SYSTEMPATH\CodeIgniter.php(497): CodeIgniter\CodeIgniter->runController(Object(App\Modules\Ajax\Controllers\Ajax))
 9 SYSTEMPATH\CodeIgniter.php(366): CodeIgniter\CodeIgniter->handleRequest(null, Object(Config\Cache), false)
10 FCPATH\index.php(67): CodeIgniter\CodeIgniter->run()
CRITICAL - 2023-09-05 11:33:04 --> number_format(): Argument #1 ($num) must be of type float, string given
in APPPATH\Modules\Ajax\Views\popup_inroll.php on line 42.
 1 APPPATH\Modules\Ajax\Views\popup_inroll.php(42): number_format('', 2)
 2 SYSTEMPATH\View\View.php(224): include('D:\\xampp\\htdocs\\dfinest\\app\\Modules\\Ajax\\Views\\popup_inroll.php')
 3 SYSTEMPATH\View\View.php(227): CodeIgniter\View\View->CodeIgniter\View\{closure}()
 4 SYSTEMPATH\Common.php(1177): CodeIgniter\View\View->render('Modules\\Ajax\\Views\\popup_inroll', [], true)
 5 APPPATH\Modules\Ajax\Controllers\Ajax.php(48): view('Modules\\Ajax\\Views\\popup_inroll', [...])
 6 SYSTEMPATH\CodeIgniter.php(932): App\Modules\Ajax\Controllers\Ajax->popup_inroll()
 7 SYSTEMPATH\CodeIgniter.php(497): CodeIgniter\CodeIgniter->runController(Object(App\Modules\Ajax\Controllers\Ajax))
 8 SYSTEMPATH\CodeIgniter.php(366): CodeIgniter\CodeIgniter->handleRequest(null, Object(Config\Cache), false)
 9 FCPATH\index.php(67): CodeIgniter\CodeIgniter->run()
CRITICAL - 2023-09-05 11:33:05 --> number_format(): Argument #1 ($num) must be of type float, string given
in APPPATH\Modules\Ajax\Views\popup_inroll.php on line 42.
 1 APPPATH\Modules\Ajax\Views\popup_inroll.php(42): number_format('', 2)
 2 SYSTEMPATH\View\View.php(224): include('D:\\xampp\\htdocs\\dfinest\\app\\Modules\\Ajax\\Views\\popup_inroll.php')
 3 SYSTEMPATH\View\View.php(227): CodeIgniter\View\View->CodeIgniter\View\{closure}()
 4 SYSTEMPATH\Common.php(1177): CodeIgniter\View\View->render('Modules\\Ajax\\Views\\popup_inroll', [], true)
 5 APPPATH\Modules\Ajax\Controllers\Ajax.php(48): view('Modules\\Ajax\\Views\\popup_inroll', [...])
 6 SYSTEMPATH\CodeIgniter.php(932): App\Modules\Ajax\Controllers\Ajax->popup_inroll()
 7 SYSTEMPATH\CodeIgniter.php(497): CodeIgniter\CodeIgniter->runController(Object(App\Modules\Ajax\Controllers\Ajax))
 8 SYSTEMPATH\CodeIgniter.php(366): CodeIgniter\CodeIgniter->handleRequest(null, Object(Config\Cache), false)
 9 FCPATH\index.php(67): CodeIgniter\CodeIgniter->run()
CRITICAL - 2023-09-05 11:34:07 --> number_format(): Argument #1 ($num) must be of type float, string given
in APPPATH\Helpers\general_helper.php on line 458.
 1 APPPATH\Helpers\general_helper.php(458): number_format('', 2)
 2 APPPATH\Modules\Ajax\Views\popup_inroll.php(42): decimal_null('', 2)
 3 SYSTEMPATH\View\View.php(224): include('D:\\xampp\\htdocs\\dfinest\\app\\Modules\\Ajax\\Views\\popup_inroll.php')
 4 SYSTEMPATH\View\View.php(227): CodeIgniter\View\View->CodeIgniter\View\{closure}()
 5 SYSTEMPATH\Common.php(1177): CodeIgniter\View\View->render('Modules\\Ajax\\Views\\popup_inroll', [], true)
 6 APPPATH\Modules\Ajax\Controllers\Ajax.php(48): view('Modules\\Ajax\\Views\\popup_inroll', [...])
 7 SYSTEMPATH\CodeIgniter.php(932): App\Modules\Ajax\Controllers\Ajax->popup_inroll()
 8 SYSTEMPATH\CodeIgniter.php(497): CodeIgniter\CodeIgniter->runController(Object(App\Modules\Ajax\Controllers\Ajax))
 9 SYSTEMPATH\CodeIgniter.php(366): CodeIgniter\CodeIgniter->handleRequest(null, Object(Config\Cache), false)
10 FCPATH\index.php(67): CodeIgniter\CodeIgniter->run()
CRITICAL - 2023-09-05 11:34:28 --> number_format(): Argument #1 ($num) must be of type float, string given
in APPPATH\Helpers\general_helper.php on line 458.
 1 APPPATH\Helpers\general_helper.php(458): number_format('', 2)
 2 APPPATH\Modules\Ajax\Views\popup_inroll.php(42): decimal_null('', 2)
 3 SYSTEMPATH\View\View.php(224): include('D:\\xampp\\htdocs\\dfinest\\app\\Modules\\Ajax\\Views\\popup_inroll.php')
 4 SYSTEMPATH\View\View.php(227): CodeIgniter\View\View->CodeIgniter\View\{closure}()
 5 SYSTEMPATH\Common.php(1177): CodeIgniter\View\View->render('Modules\\Ajax\\Views\\popup_inroll', [], true)
 6 APPPATH\Modules\Ajax\Controllers\Ajax.php(48): view('Modules\\Ajax\\Views\\popup_inroll', [...])
 7 SYSTEMPATH\CodeIgniter.php(932): App\Modules\Ajax\Controllers\Ajax->popup_inroll()
 8 SYSTEMPATH\CodeIgniter.php(497): CodeIgniter\CodeIgniter->runController(Object(App\Modules\Ajax\Controllers\Ajax))
 9 SYSTEMPATH\CodeIgniter.php(366): CodeIgniter\CodeIgniter->handleRequest(null, Object(Config\Cache), false)
10 FCPATH\index.php(67): CodeIgniter\CodeIgniter->run()
CRITICAL - 2023-09-05 11:34:29 --> number_format(): Argument #1 ($num) must be of type float, string given
in APPPATH\Helpers\general_helper.php on line 458.
 1 APPPATH\Helpers\general_helper.php(458): number_format('', 2)
 2 APPPATH\Modules\Ajax\Views\popup_inroll.php(42): decimal_null('', 2)
 3 SYSTEMPATH\View\View.php(224): include('D:\\xampp\\htdocs\\dfinest\\app\\Modules\\Ajax\\Views\\popup_inroll.php')
 4 SYSTEMPATH\View\View.php(227): CodeIgniter\View\View->CodeIgniter\View\{closure}()
 5 SYSTEMPATH\Common.php(1177): CodeIgniter\View\View->render('Modules\\Ajax\\Views\\popup_inroll', [], true)
 6 APPPATH\Modules\Ajax\Controllers\Ajax.php(48): view('Modules\\Ajax\\Views\\popup_inroll', [...])
 7 SYSTEMPATH\CodeIgniter.php(932): App\Modules\Ajax\Controllers\Ajax->popup_inroll()
 8 SYSTEMPATH\CodeIgniter.php(497): CodeIgniter\CodeIgniter->runController(Object(App\Modules\Ajax\Controllers\Ajax))
 9 SYSTEMPATH\CodeIgniter.php(366): CodeIgniter\CodeIgniter->handleRequest(null, Object(Config\Cache), false)
10 FCPATH\index.php(67): CodeIgniter\CodeIgniter->run()
CRITICAL - 2023-09-05 11:35:38 --> Unsupported operand types: int + string
in APPPATH\Modules\Ajax\Views\popup_inroll.php on line 36.
 1 SYSTEMPATH\View\View.php(224): include()
 2 SYSTEMPATH\View\View.php(227): CodeIgniter\View\View->CodeIgniter\View\{closure}()
 3 SYSTEMPATH\Common.php(1177): CodeIgniter\View\View->render('Modules\\Ajax\\Views\\popup_inroll', [], true)
 4 APPPATH\Modules\Ajax\Controllers\Ajax.php(48): view('Modules\\Ajax\\Views\\popup_inroll', [...])
 5 SYSTEMPATH\CodeIgniter.php(932): App\Modules\Ajax\Controllers\Ajax->popup_inroll()
 6 SYSTEMPATH\CodeIgniter.php(497): CodeIgniter\CodeIgniter->runController(Object(App\Modules\Ajax\Controllers\Ajax))
 7 SYSTEMPATH\CodeIgniter.php(366): CodeIgniter\CodeIgniter->handleRequest(null, Object(Config\Cache), false)
 8 FCPATH\index.php(67): CodeIgniter\CodeIgniter->run()
