CRITICAL - 2023-10-06 10:10:14 --> round(): Argument #1 ($num) must be of type int|float, array given
in APPPATH\Modules\Ajax\Controllers\Ajax.php on line 77.
 1 APPPATH\Modules\Ajax\Controllers\Ajax.php(77): round([...])
 2 SYSTEMPATH\CodeIgniter.php(932): App\Modules\Ajax\Controllers\Ajax->ajax_get_data_json()
 3 SYSTEMPATH\CodeIgniter.php(497): CodeIgniter\CodeIgniter->runController(Object(App\Modules\Ajax\Controllers\Ajax))
 4 SYSTEMPATH\CodeIgniter.php(366): CodeIgniter\CodeIgniter->handleRequest(null, Object(Config\Cache), false)
 5 FCPATH\index.php(67): CodeIgniter\CodeIgniter->run()
CRITICAL - 2023-10-06 15:34:36 --> Undefined array key 9
in APPPATH\Modules\Ajax\Views\gen_frm_outrolls.php on line 29.
 1 APPPATH\Modules\Ajax\Views\gen_frm_outrolls.php(29): CodeIgniter\Debug\Exceptions->errorHandler(2, 'Undefined array key 9', 'D:\\xampp\\htdocs\\dfinest\\app\\Modules\\Ajax\\Views\\gen_frm_outrolls.php', 29)
 2 SYSTEMPATH\View\View.php(224): include('D:\\xampp\\htdocs\\dfinest\\app\\Modules\\Ajax\\Views\\gen_frm_outrolls.php')
 3 SYSTEMPATH\View\View.php(227): CodeIgniter\View\View->CodeIgniter\View\{closure}()
 4 SYSTEMPATH\Common.php(1177): CodeIgniter\View\View->render('Modules\\Ajax\\Views\\gen_frm_outrolls', [], true)
 5 APPPATH\Modules\Ajax\Controllers\Ajax.php(289): view('Modules\\Ajax\\Views\\gen_frm_outrolls', [...])
 6 SYSTEMPATH\CodeIgniter.php(932): App\Modules\Ajax\Controllers\Ajax->gen_frm_outrolls()
 7 SYSTEMPATH\CodeIgniter.php(497): CodeIgniter\CodeIgniter->runController(Object(App\Modules\Ajax\Controllers\Ajax))
 8 SYSTEMPATH\CodeIgniter.php(366): CodeIgniter\CodeIgniter->handleRequest(null, Object(Config\Cache), false)
 9 FCPATH\index.php(67): CodeIgniter\CodeIgniter->run()
CRITICAL - 2023-10-06 15:34:38 --> Undefined array key 9
in APPPATH\Modules\Ajax\Views\gen_frm_outrolls.php on line 29.
 1 APPPATH\Modules\Ajax\Views\gen_frm_outrolls.php(29): CodeIgniter\Debug\Exceptions->errorHandler(2, 'Undefined array key 9', 'D:\\xampp\\htdocs\\dfinest\\app\\Modules\\Ajax\\Views\\gen_frm_outrolls.php', 29)
 2 SYSTEMPATH\View\View.php(224): include('D:\\xampp\\htdocs\\dfinest\\app\\Modules\\Ajax\\Views\\gen_frm_outrolls.php')
 3 SYSTEMPATH\View\View.php(227): CodeIgniter\View\View->CodeIgniter\View\{closure}()
 4 SYSTEMPATH\Common.php(1177): CodeIgniter\View\View->render('Modules\\Ajax\\Views\\gen_frm_outrolls', [], true)
 5 APPPATH\Modules\Ajax\Controllers\Ajax.php(289): view('Modules\\Ajax\\Views\\gen_frm_outrolls', [...])
 6 SYSTEMPATH\CodeIgniter.php(932): App\Modules\Ajax\Controllers\Ajax->gen_frm_outrolls()
 7 SYSTEMPATH\CodeIgniter.php(497): CodeIgniter\CodeIgniter->runController(Object(App\Modules\Ajax\Controllers\Ajax))
 8 SYSTEMPATH\CodeIgniter.php(366): CodeIgniter\CodeIgniter->handleRequest(null, Object(Config\Cache), false)
 9 FCPATH\index.php(67): CodeIgniter\CodeIgniter->run()
CRITICAL - 2023-10-06 15:34:39 --> Undefined array key 9
in APPPATH\Modules\Ajax\Views\gen_frm_outrolls.php on line 29.
 1 APPPATH\Modules\Ajax\Views\gen_frm_outrolls.php(29): CodeIgniter\Debug\Exceptions->errorHandler(2, 'Undefined array key 9', 'D:\\xampp\\htdocs\\dfinest\\app\\Modules\\Ajax\\Views\\gen_frm_outrolls.php', 29)
 2 SYSTEMPATH\View\View.php(224): include('D:\\xampp\\htdocs\\dfinest\\app\\Modules\\Ajax\\Views\\gen_frm_outrolls.php')
 3 SYSTEMPATH\View\View.php(227): CodeIgniter\View\View->CodeIgniter\View\{closure}()
 4 SYSTEMPATH\Common.php(1177): CodeIgniter\View\View->render('Modules\\Ajax\\Views\\gen_frm_outrolls', [], true)
 5 APPPATH\Modules\Ajax\Controllers\Ajax.php(289): view('Modules\\Ajax\\Views\\gen_frm_outrolls', [...])
 6 SYSTEMPATH\CodeIgniter.php(932): App\Modules\Ajax\Controllers\Ajax->gen_frm_outrolls()
 7 SYSTEMPATH\CodeIgniter.php(497): CodeIgniter\CodeIgniter->runController(Object(App\Modules\Ajax\Controllers\Ajax))
 8 SYSTEMPATH\CodeIgniter.php(366): CodeIgniter\CodeIgniter->handleRequest(null, Object(Config\Cache), false)
 9 FCPATH\index.php(67): CodeIgniter\CodeIgniter->run()
CRITICAL - 2023-10-06 15:34:52 --> Undefined array key 9
in APPPATH\Modules\Ajax\Views\gen_frm_outrolls.php on line 29.
 1 APPPATH\Modules\Ajax\Views\gen_frm_outrolls.php(29): CodeIgniter\Debug\Exceptions->errorHandler(2, 'Undefined array key 9', 'D:\\xampp\\htdocs\\dfinest\\app\\Modules\\Ajax\\Views\\gen_frm_outrolls.php', 29)
 2 SYSTEMPATH\View\View.php(224): include('D:\\xampp\\htdocs\\dfinest\\app\\Modules\\Ajax\\Views\\gen_frm_outrolls.php')
 3 SYSTEMPATH\View\View.php(227): CodeIgniter\View\View->CodeIgniter\View\{closure}()
 4 SYSTEMPATH\Common.php(1177): CodeIgniter\View\View->render('Modules\\Ajax\\Views\\gen_frm_outrolls', [], true)
 5 APPPATH\Modules\Ajax\Controllers\Ajax.php(289): view('Modules\\Ajax\\Views\\gen_frm_outrolls', [...])
 6 SYSTEMPATH\CodeIgniter.php(932): App\Modules\Ajax\Controllers\Ajax->gen_frm_outrolls()
 7 SYSTEMPATH\CodeIgniter.php(497): CodeIgniter\CodeIgniter->runController(Object(App\Modules\Ajax\Controllers\Ajax))
 8 SYSTEMPATH\CodeIgniter.php(366): CodeIgniter\CodeIgniter->handleRequest(null, Object(Config\Cache), false)
 9 FCPATH\index.php(67): CodeIgniter\CodeIgniter->run()
CRITICAL - 2023-10-06 15:35:28 --> Undefined array key 9
in APPPATH\Modules\Ajax\Views\gen_frm_outrolls.php on line 29.
 1 APPPATH\Modules\Ajax\Views\gen_frm_outrolls.php(29): CodeIgniter\Debug\Exceptions->errorHandler(2, 'Undefined array key 9', 'D:\\xampp\\htdocs\\dfinest\\app\\Modules\\Ajax\\Views\\gen_frm_outrolls.php', 29)
 2 SYSTEMPATH\View\View.php(224): include('D:\\xampp\\htdocs\\dfinest\\app\\Modules\\Ajax\\Views\\gen_frm_outrolls.php')
 3 SYSTEMPATH\View\View.php(227): CodeIgniter\View\View->CodeIgniter\View\{closure}()
 4 SYSTEMPATH\Common.php(1177): CodeIgniter\View\View->render('Modules\\Ajax\\Views\\gen_frm_outrolls', [], true)
 5 APPPATH\Modules\Ajax\Controllers\Ajax.php(289): view('Modules\\Ajax\\Views\\gen_frm_outrolls', [...])
 6 SYSTEMPATH\CodeIgniter.php(932): App\Modules\Ajax\Controllers\Ajax->gen_frm_outrolls()
 7 SYSTEMPATH\CodeIgniter.php(497): CodeIgniter\CodeIgniter->runController(Object(App\Modules\Ajax\Controllers\Ajax))
 8 SYSTEMPATH\CodeIgniter.php(366): CodeIgniter\CodeIgniter->handleRequest(null, Object(Config\Cache), false)
 9 FCPATH\index.php(67): CodeIgniter\CodeIgniter->run()
CRITICAL - 2023-10-06 15:35:29 --> Undefined array key 9
in APPPATH\Modules\Ajax\Views\gen_frm_outrolls.php on line 29.
 1 APPPATH\Modules\Ajax\Views\gen_frm_outrolls.php(29): CodeIgniter\Debug\Exceptions->errorHandler(2, 'Undefined array key 9', 'D:\\xampp\\htdocs\\dfinest\\app\\Modules\\Ajax\\Views\\gen_frm_outrolls.php', 29)
 2 SYSTEMPATH\View\View.php(224): include('D:\\xampp\\htdocs\\dfinest\\app\\Modules\\Ajax\\Views\\gen_frm_outrolls.php')
 3 SYSTEMPATH\View\View.php(227): CodeIgniter\View\View->CodeIgniter\View\{closure}()
 4 SYSTEMPATH\Common.php(1177): CodeIgniter\View\View->render('Modules\\Ajax\\Views\\gen_frm_outrolls', [], true)
 5 APPPATH\Modules\Ajax\Controllers\Ajax.php(289): view('Modules\\Ajax\\Views\\gen_frm_outrolls', [...])
 6 SYSTEMPATH\CodeIgniter.php(932): App\Modules\Ajax\Controllers\Ajax->gen_frm_outrolls()
 7 SYSTEMPATH\CodeIgniter.php(497): CodeIgniter\CodeIgniter->runController(Object(App\Modules\Ajax\Controllers\Ajax))
 8 SYSTEMPATH\CodeIgniter.php(366): CodeIgniter\CodeIgniter->handleRequest(null, Object(Config\Cache), false)
 9 FCPATH\index.php(67): CodeIgniter\CodeIgniter->run()
CRITICAL - 2023-10-06 15:35:29 --> Undefined array key 9
in APPPATH\Modules\Ajax\Views\gen_frm_outrolls.php on line 29.
 1 APPPATH\Modules\Ajax\Views\gen_frm_outrolls.php(29): CodeIgniter\Debug\Exceptions->errorHandler(2, 'Undefined array key 9', 'D:\\xampp\\htdocs\\dfinest\\app\\Modules\\Ajax\\Views\\gen_frm_outrolls.php', 29)
 2 SYSTEMPATH\View\View.php(224): include('D:\\xampp\\htdocs\\dfinest\\app\\Modules\\Ajax\\Views\\gen_frm_outrolls.php')
 3 SYSTEMPATH\View\View.php(227): CodeIgniter\View\View->CodeIgniter\View\{closure}()
 4 SYSTEMPATH\Common.php(1177): CodeIgniter\View\View->render('Modules\\Ajax\\Views\\gen_frm_outrolls', [], true)
 5 APPPATH\Modules\Ajax\Controllers\Ajax.php(289): view('Modules\\Ajax\\Views\\gen_frm_outrolls', [...])
 6 SYSTEMPATH\CodeIgniter.php(932): App\Modules\Ajax\Controllers\Ajax->gen_frm_outrolls()
 7 SYSTEMPATH\CodeIgniter.php(497): CodeIgniter\CodeIgniter->runController(Object(App\Modules\Ajax\Controllers\Ajax))
 8 SYSTEMPATH\CodeIgniter.php(366): CodeIgniter\CodeIgniter->handleRequest(null, Object(Config\Cache), false)
 9 FCPATH\index.php(67): CodeIgniter\CodeIgniter->run()
CRITICAL - 2023-10-06 15:36:12 --> Undefined array key 9
in APPPATH\Modules\Ajax\Views\gen_frm_outrolls.php on line 29.
 1 APPPATH\Modules\Ajax\Views\gen_frm_outrolls.php(29): CodeIgniter\Debug\Exceptions->errorHandler(2, 'Undefined array key 9', 'D:\\xampp\\htdocs\\dfinest\\app\\Modules\\Ajax\\Views\\gen_frm_outrolls.php', 29)
 2 SYSTEMPATH\View\View.php(224): include('D:\\xampp\\htdocs\\dfinest\\app\\Modules\\Ajax\\Views\\gen_frm_outrolls.php')
 3 SYSTEMPATH\View\View.php(227): CodeIgniter\View\View->CodeIgniter\View\{closure}()
 4 SYSTEMPATH\Common.php(1177): CodeIgniter\View\View->render('Modules\\Ajax\\Views\\gen_frm_outrolls', [], true)
 5 APPPATH\Modules\Ajax\Controllers\Ajax.php(289): view('Modules\\Ajax\\Views\\gen_frm_outrolls', [...])
 6 SYSTEMPATH\CodeIgniter.php(932): App\Modules\Ajax\Controllers\Ajax->gen_frm_outrolls()
 7 SYSTEMPATH\CodeIgniter.php(497): CodeIgniter\CodeIgniter->runController(Object(App\Modules\Ajax\Controllers\Ajax))
 8 SYSTEMPATH\CodeIgniter.php(366): CodeIgniter\CodeIgniter->handleRequest(null, Object(Config\Cache), false)
 9 FCPATH\index.php(67): CodeIgniter\CodeIgniter->run()
CRITICAL - 2023-10-06 15:36:13 --> Undefined array key 9
in APPPATH\Modules\Ajax\Views\gen_frm_outrolls.php on line 29.
 1 APPPATH\Modules\Ajax\Views\gen_frm_outrolls.php(29): CodeIgniter\Debug\Exceptions->errorHandler(2, 'Undefined array key 9', 'D:\\xampp\\htdocs\\dfinest\\app\\Modules\\Ajax\\Views\\gen_frm_outrolls.php', 29)
 2 SYSTEMPATH\View\View.php(224): include('D:\\xampp\\htdocs\\dfinest\\app\\Modules\\Ajax\\Views\\gen_frm_outrolls.php')
 3 SYSTEMPATH\View\View.php(227): CodeIgniter\View\View->CodeIgniter\View\{closure}()
 4 SYSTEMPATH\Common.php(1177): CodeIgniter\View\View->render('Modules\\Ajax\\Views\\gen_frm_outrolls', [], true)
 5 APPPATH\Modules\Ajax\Controllers\Ajax.php(289): view('Modules\\Ajax\\Views\\gen_frm_outrolls', [...])
 6 SYSTEMPATH\CodeIgniter.php(932): App\Modules\Ajax\Controllers\Ajax->gen_frm_outrolls()
 7 SYSTEMPATH\CodeIgniter.php(497): CodeIgniter\CodeIgniter->runController(Object(App\Modules\Ajax\Controllers\Ajax))
 8 SYSTEMPATH\CodeIgniter.php(366): CodeIgniter\CodeIgniter->handleRequest(null, Object(Config\Cache), false)
 9 FCPATH\index.php(67): CodeIgniter\CodeIgniter->run()
CRITICAL - 2023-10-06 15:36:13 --> Undefined array key 9
in APPPATH\Modules\Ajax\Views\gen_frm_outrolls.php on line 29.
 1 APPPATH\Modules\Ajax\Views\gen_frm_outrolls.php(29): CodeIgniter\Debug\Exceptions->errorHandler(2, 'Undefined array key 9', 'D:\\xampp\\htdocs\\dfinest\\app\\Modules\\Ajax\\Views\\gen_frm_outrolls.php', 29)
 2 SYSTEMPATH\View\View.php(224): include('D:\\xampp\\htdocs\\dfinest\\app\\Modules\\Ajax\\Views\\gen_frm_outrolls.php')
 3 SYSTEMPATH\View\View.php(227): CodeIgniter\View\View->CodeIgniter\View\{closure}()
 4 SYSTEMPATH\Common.php(1177): CodeIgniter\View\View->render('Modules\\Ajax\\Views\\gen_frm_outrolls', [], true)
 5 APPPATH\Modules\Ajax\Controllers\Ajax.php(289): view('Modules\\Ajax\\Views\\gen_frm_outrolls', [...])
 6 SYSTEMPATH\CodeIgniter.php(932): App\Modules\Ajax\Controllers\Ajax->gen_frm_outrolls()
 7 SYSTEMPATH\CodeIgniter.php(497): CodeIgniter\CodeIgniter->runController(Object(App\Modules\Ajax\Controllers\Ajax))
 8 SYSTEMPATH\CodeIgniter.php(366): CodeIgniter\CodeIgniter->handleRequest(null, Object(Config\Cache), false)
 9 FCPATH\index.php(67): CodeIgniter\CodeIgniter->run()
CRITICAL - 2023-10-06 15:36:13 --> Undefined array key 9
in APPPATH\Modules\Ajax\Views\gen_frm_outrolls.php on line 29.
 1 APPPATH\Modules\Ajax\Views\gen_frm_outrolls.php(29): CodeIgniter\Debug\Exceptions->errorHandler(2, 'Undefined array key 9', 'D:\\xampp\\htdocs\\dfinest\\app\\Modules\\Ajax\\Views\\gen_frm_outrolls.php', 29)
 2 SYSTEMPATH\View\View.php(224): include('D:\\xampp\\htdocs\\dfinest\\app\\Modules\\Ajax\\Views\\gen_frm_outrolls.php')
 3 SYSTEMPATH\View\View.php(227): CodeIgniter\View\View->CodeIgniter\View\{closure}()
 4 SYSTEMPATH\Common.php(1177): CodeIgniter\View\View->render('Modules\\Ajax\\Views\\gen_frm_outrolls', [], true)
 5 APPPATH\Modules\Ajax\Controllers\Ajax.php(289): view('Modules\\Ajax\\Views\\gen_frm_outrolls', [...])
 6 SYSTEMPATH\CodeIgniter.php(932): App\Modules\Ajax\Controllers\Ajax->gen_frm_outrolls()
 7 SYSTEMPATH\CodeIgniter.php(497): CodeIgniter\CodeIgniter->runController(Object(App\Modules\Ajax\Controllers\Ajax))
 8 SYSTEMPATH\CodeIgniter.php(366): CodeIgniter\CodeIgniter->handleRequest(null, Object(Config\Cache), false)
 9 FCPATH\index.php(67): CodeIgniter\CodeIgniter->run()
CRITICAL - 2023-10-06 17:05:10 --> Call to undefined function get_instance()
in APPPATH\Views\inc-notics.php on line 2.
 1 SYSTEMPATH\View\View.php(224): include()
 2 SYSTEMPATH\View\View.php(227): CodeIgniter\View\View->CodeIgniter\View\{closure}()
 3 SYSTEMPATH\Common.php(1177): CodeIgniter\View\View->render('inc-notics', [], true)
 4 APPPATH\Views\inc-header.php(91): view('inc-notics')
 5 SYSTEMPATH\View\View.php(224): include('D:\\xampp\\htdocs\\dfinest\\app\\Views\\inc-header.php')
 6 SYSTEMPATH\View\View.php(227): CodeIgniter\View\View->CodeIgniter\View\{closure}()
 7 SYSTEMPATH\Common.php(1177): CodeIgniter\View\View->render('inc-header', [], true)
 8 APPPATH\Modules\Report\Controllers\Rp_porder.php(77): view('inc-header', [...])
 9 SYSTEMPATH\CodeIgniter.php(932): App\Modules\Report\Controllers\Rp_porder->index()
10 SYSTEMPATH\CodeIgniter.php(497): CodeIgniter\CodeIgniter->runController(Object(App\Modules\Report\Controllers\Rp_porder))
11 SYSTEMPATH\CodeIgniter.php(366): CodeIgniter\CodeIgniter->handleRequest(null, Object(Config\Cache), false)
12 FCPATH\index.php(67): CodeIgniter\CodeIgniter->run()
CRITICAL - 2023-10-06 17:09:23 --> Non-static method App\Modules\Ajax\Controllers\Ajax::ajax_get_notic() cannot be called statically
in APPPATH\Views\inc-notics.php on line 2.
 1 SYSTEMPATH\View\View.php(224): include()
 2 SYSTEMPATH\View\View.php(227): CodeIgniter\View\View->CodeIgniter\View\{closure}()
 3 SYSTEMPATH\Common.php(1177): CodeIgniter\View\View->render('inc-notics', [], true)
 4 APPPATH\Views\inc-header.php(91): view('inc-notics')
 5 SYSTEMPATH\View\View.php(224): include('D:\\xampp\\htdocs\\dfinest\\app\\Views\\inc-header.php')
 6 SYSTEMPATH\View\View.php(227): CodeIgniter\View\View->CodeIgniter\View\{closure}()
 7 SYSTEMPATH\Common.php(1177): CodeIgniter\View\View->render('inc-header', [], true)
 8 APPPATH\Modules\Report\Controllers\Rp_porder.php(77): view('inc-header', [...])
 9 SYSTEMPATH\CodeIgniter.php(932): App\Modules\Report\Controllers\Rp_porder->index()
10 SYSTEMPATH\CodeIgniter.php(497): CodeIgniter\CodeIgniter->runController(Object(App\Modules\Report\Controllers\Rp_porder))
11 SYSTEMPATH\CodeIgniter.php(366): CodeIgniter\CodeIgniter->handleRequest(null, Object(Config\Cache), false)
12 FCPATH\index.php(67): CodeIgniter\CodeIgniter->run()
CRITICAL - 2023-10-06 17:09:25 --> Non-static method App\Modules\Ajax\Controllers\Ajax::ajax_get_notic() cannot be called statically
in APPPATH\Views\inc-notics.php on line 2.
 1 SYSTEMPATH\View\View.php(224): include()
 2 SYSTEMPATH\View\View.php(227): CodeIgniter\View\View->CodeIgniter\View\{closure}()
 3 SYSTEMPATH\Common.php(1177): CodeIgniter\View\View->render('inc-notics', [], true)
 4 APPPATH\Views\inc-header.php(91): view('inc-notics')
 5 SYSTEMPATH\View\View.php(224): include('D:\\xampp\\htdocs\\dfinest\\app\\Views\\inc-header.php')
 6 SYSTEMPATH\View\View.php(227): CodeIgniter\View\View->CodeIgniter\View\{closure}()
 7 SYSTEMPATH\Common.php(1177): CodeIgniter\View\View->render('inc-header', [], true)
 8 APPPATH\Modules\Report\Controllers\Rp_porder.php(77): view('inc-header', [...])
 9 SYSTEMPATH\CodeIgniter.php(932): App\Modules\Report\Controllers\Rp_porder->index()
10 SYSTEMPATH\CodeIgniter.php(497): CodeIgniter\CodeIgniter->runController(Object(App\Modules\Report\Controllers\Rp_porder))
11 SYSTEMPATH\CodeIgniter.php(366): CodeIgniter\CodeIgniter->handleRequest(null, Object(Config\Cache), false)
12 FCPATH\index.php(67): CodeIgniter\CodeIgniter->run()
CRITICAL - 2023-10-06 17:11:39 --> Attempt to read property "wcut" on null
in APPPATH\Views\inc-notics.php on line 3.
 1 APPPATH\Views\inc-notics.php(3): CodeIgniter\Debug\Exceptions->errorHandler(2, 'Attempt to read property "wcut" on null', 'D:\\xampp\\htdocs\\dfinest\\app\\Views\\inc-notics.php', 3)
 2 SYSTEMPATH\View\View.php(224): include('D:\\xampp\\htdocs\\dfinest\\app\\Views\\inc-notics.php')
 3 SYSTEMPATH\View\View.php(227): CodeIgniter\View\View->CodeIgniter\View\{closure}()
 4 SYSTEMPATH\Common.php(1177): CodeIgniter\View\View->render('inc-notics', [], true)
 5 APPPATH\Views\inc-header.php(91): view('inc-notics')
 6 SYSTEMPATH\View\View.php(224): include('D:\\xampp\\htdocs\\dfinest\\app\\Views\\inc-header.php')
 7 SYSTEMPATH\View\View.php(227): CodeIgniter\View\View->CodeIgniter\View\{closure}()
 8 SYSTEMPATH\Common.php(1177): CodeIgniter\View\View->render('inc-header', [], true)
 9 APPPATH\Modules\Report\Controllers\Rp_porder.php(77): view('inc-header', [...])
10 SYSTEMPATH\CodeIgniter.php(932): App\Modules\Report\Controllers\Rp_porder->index()
11 SYSTEMPATH\CodeIgniter.php(497): CodeIgniter\CodeIgniter->runController(Object(App\Modules\Report\Controllers\Rp_porder))
12 SYSTEMPATH\CodeIgniter.php(366): CodeIgniter\CodeIgniter->handleRequest(null, Object(Config\Cache), false)
13 FCPATH\index.php(67): CodeIgniter\CodeIgniter->run()
CRITICAL - 2023-10-06 17:11:40 --> Attempt to read property "wcut" on null
in APPPATH\Views\inc-notics.php on line 3.
 1 APPPATH\Views\inc-notics.php(3): CodeIgniter\Debug\Exceptions->errorHandler(2, 'Attempt to read property "wcut" on null', 'D:\\xampp\\htdocs\\dfinest\\app\\Views\\inc-notics.php', 3)
 2 SYSTEMPATH\View\View.php(224): include('D:\\xampp\\htdocs\\dfinest\\app\\Views\\inc-notics.php')
 3 SYSTEMPATH\View\View.php(227): CodeIgniter\View\View->CodeIgniter\View\{closure}()
 4 SYSTEMPATH\Common.php(1177): CodeIgniter\View\View->render('inc-notics', [], true)
 5 APPPATH\Views\inc-header.php(91): view('inc-notics')
 6 SYSTEMPATH\View\View.php(224): include('D:\\xampp\\htdocs\\dfinest\\app\\Views\\inc-header.php')
 7 SYSTEMPATH\View\View.php(227): CodeIgniter\View\View->CodeIgniter\View\{closure}()
 8 SYSTEMPATH\Common.php(1177): CodeIgniter\View\View->render('inc-header', [], true)
 9 APPPATH\Modules\Report\Controllers\Rp_porder.php(77): view('inc-header', [...])
10 SYSTEMPATH\CodeIgniter.php(932): App\Modules\Report\Controllers\Rp_porder->index()
11 SYSTEMPATH\CodeIgniter.php(497): CodeIgniter\CodeIgniter->runController(Object(App\Modules\Report\Controllers\Rp_porder))
12 SYSTEMPATH\CodeIgniter.php(366): CodeIgniter\CodeIgniter->handleRequest(null, Object(Config\Cache), false)
13 FCPATH\index.php(67): CodeIgniter\CodeIgniter->run()
CRITICAL - 2023-10-06 17:13:23 --> syntax error, unexpected token "(", expecting identifier or variable or "{" or "$"
in APPPATH\Views\inc-notics.php on line 3.
 1 SYSTEMPATH\View\View.php(227): CodeIgniter\View\View->CodeIgniter\View\{closure}()
 2 SYSTEMPATH\Common.php(1177): CodeIgniter\View\View->render('inc-notics', [], true)
 3 APPPATH\Views\inc-header.php(91): view('inc-notics')
 4 SYSTEMPATH\View\View.php(224): include('D:\\xampp\\htdocs\\dfinest\\app\\Views\\inc-header.php')
 5 SYSTEMPATH\View\View.php(227): CodeIgniter\View\View->CodeIgniter\View\{closure}()
 6 SYSTEMPATH\Common.php(1177): CodeIgniter\View\View->render('inc-header', [], true)
 7 APPPATH\Modules\Report\Controllers\Rp_porder.php(77): view('inc-header', [...])
 8 SYSTEMPATH\CodeIgniter.php(932): App\Modules\Report\Controllers\Rp_porder->index()
 9 SYSTEMPATH\CodeIgniter.php(497): CodeIgniter\CodeIgniter->runController(Object(App\Modules\Report\Controllers\Rp_porder))
10 SYSTEMPATH\CodeIgniter.php(366): CodeIgniter\CodeIgniter->handleRequest(null, Object(Config\Cache), false)
11 FCPATH\index.php(67): CodeIgniter\CodeIgniter->run()
CRITICAL - 2023-10-06 17:13:36 --> Trying to access array offset on value of type null
in APPPATH\Views\inc-notics.php on line 3.
 1 APPPATH\Views\inc-notics.php(3): CodeIgniter\Debug\Exceptions->errorHandler(2, 'Trying to access array offset on value of type null', 'D:\\xampp\\htdocs\\dfinest\\app\\Views\\inc-notics.php', 3)
 2 SYSTEMPATH\View\View.php(224): include('D:\\xampp\\htdocs\\dfinest\\app\\Views\\inc-notics.php')
 3 SYSTEMPATH\View\View.php(227): CodeIgniter\View\View->CodeIgniter\View\{closure}()
 4 SYSTEMPATH\Common.php(1177): CodeIgniter\View\View->render('inc-notics', [], true)
 5 APPPATH\Views\inc-header.php(91): view('inc-notics')
 6 SYSTEMPATH\View\View.php(224): include('D:\\xampp\\htdocs\\dfinest\\app\\Views\\inc-header.php')
 7 SYSTEMPATH\View\View.php(227): CodeIgniter\View\View->CodeIgniter\View\{closure}()
 8 SYSTEMPATH\Common.php(1177): CodeIgniter\View\View->render('inc-header', [], true)
 9 APPPATH\Modules\Report\Controllers\Rp_porder.php(77): view('inc-header', [...])
10 SYSTEMPATH\CodeIgniter.php(932): App\Modules\Report\Controllers\Rp_porder->index()
11 SYSTEMPATH\CodeIgniter.php(497): CodeIgniter\CodeIgniter->runController(Object(App\Modules\Report\Controllers\Rp_porder))
12 SYSTEMPATH\CodeIgniter.php(366): CodeIgniter\CodeIgniter->handleRequest(null, Object(Config\Cache), false)
13 FCPATH\index.php(67): CodeIgniter\CodeIgniter->run()
CRITICAL - 2023-10-06 17:58:00 --> Undefined array key "CusiD"
in APPPATH\Modules\Create_or\Controllers\Create_inv.php on line 117.
 1 APPPATH\Modules\Create_or\Controllers\Create_inv.php(117): CodeIgniter\Debug\Exceptions->errorHandler(2, 'Undefined array key "CusiD"', 'D:\\xampp\\htdocs\\dfinest\\app\\Modules\\Create_or\\Controllers\\Create_inv.php', 117)
 2 SYSTEMPATH\CodeIgniter.php(932): App\Modules\Create_or\Controllers\Create_inv->get_order_detail()
 3 SYSTEMPATH\CodeIgniter.php(497): CodeIgniter\CodeIgniter->runController(Object(App\Modules\Create_or\Controllers\Create_inv))
 4 SYSTEMPATH\CodeIgniter.php(366): CodeIgniter\CodeIgniter->handleRequest(null, Object(Config\Cache), false)
 5 FCPATH\index.php(67): CodeIgniter\CodeIgniter->run()
CRITICAL - 2023-10-06 17:58:09 --> Undefined array key "CusiD"
in APPPATH\Modules\Create_or\Controllers\Create_inv.php on line 117.
 1 APPPATH\Modules\Create_or\Controllers\Create_inv.php(117): CodeIgniter\Debug\Exceptions->errorHandler(2, 'Undefined array key "CusiD"', 'D:\\xampp\\htdocs\\dfinest\\app\\Modules\\Create_or\\Controllers\\Create_inv.php', 117)
 2 SYSTEMPATH\CodeIgniter.php(932): App\Modules\Create_or\Controllers\Create_inv->get_order_detail()
 3 SYSTEMPATH\CodeIgniter.php(497): CodeIgniter\CodeIgniter->runController(Object(App\Modules\Create_or\Controllers\Create_inv))
 4 SYSTEMPATH\CodeIgniter.php(366): CodeIgniter\CodeIgniter->handleRequest(null, Object(Config\Cache), false)
 5 FCPATH\index.php(67): CodeIgniter\CodeIgniter->run()
CRITICAL - 2023-10-06 18:00:57 --> Undefined array key "CusiD"
in APPPATH\Modules\Create_or\Controllers\Create_inv.php on line 118.
 1 APPPATH\Modules\Create_or\Controllers\Create_inv.php(118): CodeIgniter\Debug\Exceptions->errorHandler(2, 'Undefined array key "CusiD"', 'D:\\xampp\\htdocs\\dfinest\\app\\Modules\\Create_or\\Controllers\\Create_inv.php', 118)
 2 SYSTEMPATH\CodeIgniter.php(932): App\Modules\Create_or\Controllers\Create_inv->get_order_detail()
 3 SYSTEMPATH\CodeIgniter.php(497): CodeIgniter\CodeIgniter->runController(Object(App\Modules\Create_or\Controllers\Create_inv))
 4 SYSTEMPATH\CodeIgniter.php(366): CodeIgniter\CodeIgniter->handleRequest(null, Object(Config\Cache), false)
 5 FCPATH\index.php(67): CodeIgniter\CodeIgniter->run()
CRITICAL - 2023-10-06 18:01:26 --> Undefined array key "CusiD"
in APPPATH\Modules\Create_or\Controllers\Create_inv.php on line 118.
 1 APPPATH\Modules\Create_or\Controllers\Create_inv.php(118): CodeIgniter\Debug\Exceptions->errorHandler(2, 'Undefined array key "CusiD"', 'D:\\xampp\\htdocs\\dfinest\\app\\Modules\\Create_or\\Controllers\\Create_inv.php', 118)
 2 SYSTEMPATH\CodeIgniter.php(932): App\Modules\Create_or\Controllers\Create_inv->get_order_detail()
 3 SYSTEMPATH\CodeIgniter.php(497): CodeIgniter\CodeIgniter->runController(Object(App\Modules\Create_or\Controllers\Create_inv))
 4 SYSTEMPATH\CodeIgniter.php(366): CodeIgniter\CodeIgniter->handleRequest(null, Object(Config\Cache), false)
 5 FCPATH\index.php(67): CodeIgniter\CodeIgniter->run()
CRITICAL - 2023-10-06 18:01:39 --> Undefined array key "CusiD"
in APPPATH\Modules\Create_or\Controllers\Create_inv.php on line 118.
 1 APPPATH\Modules\Create_or\Controllers\Create_inv.php(118): CodeIgniter\Debug\Exceptions->errorHandler(2, 'Undefined array key "CusiD"', 'D:\\xampp\\htdocs\\dfinest\\app\\Modules\\Create_or\\Controllers\\Create_inv.php', 118)
 2 SYSTEMPATH\CodeIgniter.php(932): App\Modules\Create_or\Controllers\Create_inv->get_order_detail()
 3 SYSTEMPATH\CodeIgniter.php(497): CodeIgniter\CodeIgniter->runController(Object(App\Modules\Create_or\Controllers\Create_inv))
 4 SYSTEMPATH\CodeIgniter.php(366): CodeIgniter\CodeIgniter->handleRequest(null, Object(Config\Cache), false)
 5 FCPATH\index.php(67): CodeIgniter\CodeIgniter->run()
