CRITICAL - 2023-12-06 15:06:19 --> filesize(): stat failed for /home/kissdemos/public_html/kha/uploads/company_policy/3da0e0e689154abdd04334b4628f3a08.pdf
in APPPATH/Modules/Pages/Views/company_policy.php on line 79.
 1 [internal function]: CodeIgniter\Debug\Exceptions->errorHandler(2, 'filesize(): stat failed for /home/kissdemos/public_html/kha/uploads/company_policy/3da0e0e689154abdd04334b4628f3a08.pdf', '/home/kissdemos/public_html/kha/app/Modules/Pages/Views/company_policy.php', 79, [...])
 2 APPPATH/Modules/Pages/Views/company_policy.php(79): filesize('/home/kissdemos/public_html/kha/uploads/company_policy/3da0e0e689154abdd04334b4628f3a08.pdf')
 3 SYSTEMPATH/View/View.php(224): include('/home/kissdemos/public_html/kha/app/Modules/Pages/Views/company_policy.php')
 4 SYSTEMPATH/View/View.php(227): CodeIgniter\View\View->CodeIgniter\View\{closure}()
 5 SYSTEMPATH/Common.php(1177): CodeIgniter\View\View->render('Modules\\Pages\\Views\\company_policy', [], true)
 6 APPPATH/Modules/Pages/Views/investor.php(135): view('Modules\\Pages\\Views\\company_policy')
 7 SYSTEMPATH/View/View.php(224): include('/home/kissdemos/public_html/kha/app/Modules/Pages/Views/investor.php')
 8 SYSTEMPATH/View/View.php(227): CodeIgniter\View\View->CodeIgniter\View\{closure}()
 9 SYSTEMPATH/Common.php(1177): CodeIgniter\View\View->render('Modules\\Pages\\Views\\investor', [], true)
10 APPPATH/Modules/Pages/Controllers/Pages.php(295): view('Modules\\Pages\\Views\\investor', [...])
11 SYSTEMPATH/CodeIgniter.php(932): App\Modules\Pages\Controllers\Pages->investor('นโยบายบริษัท')
12 SYSTEMPATH/CodeIgniter.php(497): CodeIgniter\CodeIgniter->runController(Object(App\Modules\Pages\Controllers\Pages))
13 SYSTEMPATH/CodeIgniter.php(366): CodeIgniter\CodeIgniter->handleRequest(null, Object(Config\Cache), false)
14 FCPATH/index.php(68): CodeIgniter\CodeIgniter->run()
CRITICAL - 2023-12-06 15:12:35 --> filesize(): stat failed for /home/kissdemos/public_html/kha/uploads/company_policy/3da0e0e689154abdd04334b4628f3a08.pdf
in APPPATH/Modules/Pages/Views/company_policy.php on line 79.
 1 [internal function]: CodeIgniter\Debug\Exceptions->errorHandler(2, 'filesize(): stat failed for /home/kissdemos/public_html/kha/uploads/company_policy/3da0e0e689154abdd04334b4628f3a08.pdf', '/home/kissdemos/public_html/kha/app/Modules/Pages/Views/company_policy.php', 79, [...])
 2 APPPATH/Modules/Pages/Views/company_policy.php(79): filesize('/home/kissdemos/public_html/kha/uploads/company_policy/3da0e0e689154abdd04334b4628f3a08.pdf')
 3 SYSTEMPATH/View/View.php(224): include('/home/kissdemos/public_html/kha/app/Modules/Pages/Views/company_policy.php')
 4 SYSTEMPATH/View/View.php(227): CodeIgniter\View\View->CodeIgniter\View\{closure}()
 5 SYSTEMPATH/Common.php(1177): CodeIgniter\View\View->render('Modules\\Pages\\Views\\company_policy', [], true)
 6 APPPATH/Modules/Pages/Views/investor.php(135): view('Modules\\Pages\\Views\\company_policy')
 7 SYSTEMPATH/View/View.php(224): include('/home/kissdemos/public_html/kha/app/Modules/Pages/Views/investor.php')
 8 SYSTEMPATH/View/View.php(227): CodeIgniter\View\View->CodeIgniter\View\{closure}()
 9 SYSTEMPATH/Common.php(1177): CodeIgniter\View\View->render('Modules\\Pages\\Views\\investor', [], true)
10 APPPATH/Modules/Pages/Controllers/Pages.php(295): view('Modules\\Pages\\Views\\investor', [...])
11 SYSTEMPATH/CodeIgniter.php(932): App\Modules\Pages\Controllers\Pages->investor('นโยบายบริษัท')
12 SYSTEMPATH/CodeIgniter.php(497): CodeIgniter\CodeIgniter->runController(Object(App\Modules\Pages\Controllers\Pages))
13 SYSTEMPATH/CodeIgniter.php(366): CodeIgniter\CodeIgniter->handleRequest(null, Object(Config\Cache), false)
14 FCPATH/index.php(68): CodeIgniter\CodeIgniter->run()
CRITICAL - 2023-12-06 15:12:46 --> filesize(): stat failed for /home/kissdemos/public_html/kha/uploads/company_policy/3da0e0e689154abdd04334b4628f3a08.pdf
in APPPATH/Modules/Pages/Views/company_policy.php on line 79.
 1 [internal function]: CodeIgniter\Debug\Exceptions->errorHandler(2, 'filesize(): stat failed for /home/kissdemos/public_html/kha/uploads/company_policy/3da0e0e689154abdd04334b4628f3a08.pdf', '/home/kissdemos/public_html/kha/app/Modules/Pages/Views/company_policy.php', 79, [...])
 2 APPPATH/Modules/Pages/Views/company_policy.php(79): filesize('/home/kissdemos/public_html/kha/uploads/company_policy/3da0e0e689154abdd04334b4628f3a08.pdf')
 3 SYSTEMPATH/View/View.php(224): include('/home/kissdemos/public_html/kha/app/Modules/Pages/Views/company_policy.php')
 4 SYSTEMPATH/View/View.php(227): CodeIgniter\View\View->CodeIgniter\View\{closure}()
 5 SYSTEMPATH/Common.php(1177): CodeIgniter\View\View->render('Modules\\Pages\\Views\\company_policy', [], true)
 6 APPPATH/Modules/Pages/Views/investor.php(135): view('Modules\\Pages\\Views\\company_policy')
 7 SYSTEMPATH/View/View.php(224): include('/home/kissdemos/public_html/kha/app/Modules/Pages/Views/investor.php')
 8 SYSTEMPATH/View/View.php(227): CodeIgniter\View\View->CodeIgniter\View\{closure}()
 9 SYSTEMPATH/Common.php(1177): CodeIgniter\View\View->render('Modules\\Pages\\Views\\investor', [], true)
10 APPPATH/Modules/Pages/Controllers/Pages.php(295): view('Modules\\Pages\\Views\\investor', [...])
11 SYSTEMPATH/CodeIgniter.php(932): App\Modules\Pages\Controllers\Pages->investor('นโยบายบริษัท', 'a')
12 SYSTEMPATH/CodeIgniter.php(497): CodeIgniter\CodeIgniter->runController(Object(App\Modules\Pages\Controllers\Pages))
13 SYSTEMPATH/CodeIgniter.php(366): CodeIgniter\CodeIgniter->handleRequest(null, Object(Config\Cache), false)
14 FCPATH/index.php(68): CodeIgniter\CodeIgniter->run()
CRITICAL - 2023-12-06 15:12:48 --> filesize(): stat failed for /home/kissdemos/public_html/kha/uploads/company_policy/3da0e0e689154abdd04334b4628f3a08.pdf
in APPPATH/Modules/Pages/Views/company_policy.php on line 79.
 1 [internal function]: CodeIgniter\Debug\Exceptions->errorHandler(2, 'filesize(): stat failed for /home/kissdemos/public_html/kha/uploads/company_policy/3da0e0e689154abdd04334b4628f3a08.pdf', '/home/kissdemos/public_html/kha/app/Modules/Pages/Views/company_policy.php', 79, [...])
 2 APPPATH/Modules/Pages/Views/company_policy.php(79): filesize('/home/kissdemos/public_html/kha/uploads/company_policy/3da0e0e689154abdd04334b4628f3a08.pdf')
 3 SYSTEMPATH/View/View.php(224): include('/home/kissdemos/public_html/kha/app/Modules/Pages/Views/company_policy.php')
 4 SYSTEMPATH/View/View.php(227): CodeIgniter\View\View->CodeIgniter\View\{closure}()
 5 SYSTEMPATH/Common.php(1177): CodeIgniter\View\View->render('Modules\\Pages\\Views\\company_policy', [], true)
 6 APPPATH/Modules/Pages/Views/investor.php(135): view('Modules\\Pages\\Views\\company_policy')
 7 SYSTEMPATH/View/View.php(224): include('/home/kissdemos/public_html/kha/app/Modules/Pages/Views/investor.php')
 8 SYSTEMPATH/View/View.php(227): CodeIgniter\View\View->CodeIgniter\View\{closure}()
 9 SYSTEMPATH/Common.php(1177): CodeIgniter\View\View->render('Modules\\Pages\\Views\\investor', [], true)
10 APPPATH/Modules/Pages/Controllers/Pages.php(295): view('Modules\\Pages\\Views\\investor', [...])
11 SYSTEMPATH/CodeIgniter.php(932): App\Modules\Pages\Controllers\Pages->investor('นโยบายบริษัท', 'a')
12 SYSTEMPATH/CodeIgniter.php(497): CodeIgniter\CodeIgniter->runController(Object(App\Modules\Pages\Controllers\Pages))
13 SYSTEMPATH/CodeIgniter.php(366): CodeIgniter\CodeIgniter->handleRequest(null, Object(Config\Cache), false)
14 FCPATH/index.php(68): CodeIgniter\CodeIgniter->run()
