CRITICAL - 2023-09-20 09:45:04 --> Class "Mpdf\Mpdf" not found
in APPPATH\Modules\Report\Controllers\Rp_stock.php on line 333.
 1 SYSTEMPATH\CodeIgniter.php(932): App\Modules\Report\Controllers\Rp_stock->print_barcode()
 2 SYSTEMPATH\CodeIgniter.php(497): CodeIgniter\CodeIgniter->runController(Object(App\Modules\Report\Controllers\Rp_stock))
 3 SYSTEMPATH\CodeIgniter.php(366): CodeIgniter\CodeIgniter->handleRequest(null, Object(Config\Cache), false)
 4 FCPATH\index.php(67): CodeIgniter\CodeIgniter->run()
CRITICAL - 2023-09-20 09:54:26 --> Trait "setasign\Fpdi\FpdiTrait" not found
in APPPATH\ThirdParty\mpdf\src\FpdiTrait.php on line 25.
 1 [internal function]: CodeIgniter\Debug\Exceptions->shutdownHandler()
CRITICAL - 2023-09-20 09:55:56 --> Trait "setasign\Fpdi\FpdiTrait" not found
in APPPATH\Libraries\mpdf\src\FpdiTrait.php on line 25.
 1 [internal function]: CodeIgniter\Debug\Exceptions->shutdownHandler()
CRITICAL - 2023-09-20 09:56:09 --> Trait "setasign\Fpdi\FpdiTrait" not found
in APPPATH\Libraries\mpdf\src\FpdiTrait.php on line 25.
 1 [internal function]: CodeIgniter\Debug\Exceptions->shutdownHandler()
CRITICAL - 2023-09-20 09:56:38 --> Trait "setasign\Fpdi\FpdiTrait" not found
in APPPATH\Libraries\mpdf\src\FpdiTrait.php on line 25.
 1 [internal function]: CodeIgniter\Debug\Exceptions->shutdownHandler()
CRITICAL - 2023-09-20 09:58:57 --> Trait "setasign\Fpdi\FpdiTrait" not found
in APPPATH\Libraries\mpdf\src\FpdiTrait.php on line 25.
 1 [internal function]: CodeIgniter\Debug\Exceptions->shutdownHandler()
CRITICAL - 2023-09-20 09:58:58 --> Trait "setasign\Fpdi\FpdiTrait" not found
in APPPATH\Libraries\mpdf\src\FpdiTrait.php on line 25.
 1 [internal function]: CodeIgniter\Debug\Exceptions->shutdownHandler()
CRITICAL - 2023-09-20 10:00:47 --> Trait "setasign\Fpdi\FpdiTrait" not found
in APPPATH\Libraries\mpdf\src\FpdiTrait.php on line 25.
 1 [internal function]: CodeIgniter\Debug\Exceptions->shutdownHandler()
CRITICAL - 2023-09-20 10:00:47 --> Trait "setasign\Fpdi\FpdiTrait" not found
in APPPATH\Libraries\mpdf\src\FpdiTrait.php on line 25.
 1 [internal function]: CodeIgniter\Debug\Exceptions->shutdownHandler()
CRITICAL - 2023-09-20 10:01:04 --> Trait "setasign\Fpdi\FpdiTrait" not found
in APPPATH\Libraries\mpdf\src\FpdiTrait.php on line 25.
 1 [internal function]: CodeIgniter\Debug\Exceptions->shutdownHandler()
CRITICAL - 2023-09-20 10:03:08 --> Class "Mpdf\Mpdf" not found
in APPPATH\Modules\Report\Controllers\Rp_stock.php on line 37.
 1 SYSTEMPATH\CodeIgniter.php(932): App\Modules\Report\Controllers\Rp_stock->witeForm()
 2 SYSTEMPATH\CodeIgniter.php(497): CodeIgniter\CodeIgniter->runController(Object(App\Modules\Report\Controllers\Rp_stock))
 3 SYSTEMPATH\CodeIgniter.php(366): CodeIgniter\CodeIgniter->handleRequest(null, Object(Config\Cache), false)
 4 FCPATH\index.php(67): CodeIgniter\CodeIgniter->run()
CRITICAL - 2023-09-20 10:03:09 --> Class "Mpdf\Mpdf" not found
in APPPATH\Modules\Report\Controllers\Rp_stock.php on line 37.
 1 SYSTEMPATH\CodeIgniter.php(932): App\Modules\Report\Controllers\Rp_stock->witeForm()
 2 SYSTEMPATH\CodeIgniter.php(497): CodeIgniter\CodeIgniter->runController(Object(App\Modules\Report\Controllers\Rp_stock))
 3 SYSTEMPATH\CodeIgniter.php(366): CodeIgniter\CodeIgniter->handleRequest(null, Object(Config\Cache), false)
 4 FCPATH\index.php(67): CodeIgniter\CodeIgniter->run()
CRITICAL - 2023-09-20 10:03:10 --> Class "Mpdf\Mpdf" not found
in APPPATH\Modules\Report\Controllers\Rp_stock.php on line 37.
 1 SYSTEMPATH\CodeIgniter.php(932): App\Modules\Report\Controllers\Rp_stock->witeForm()
 2 SYSTEMPATH\CodeIgniter.php(497): CodeIgniter\CodeIgniter->runController(Object(App\Modules\Report\Controllers\Rp_stock))
 3 SYSTEMPATH\CodeIgniter.php(366): CodeIgniter\CodeIgniter->handleRequest(null, Object(Config\Cache), false)
 4 FCPATH\index.php(67): CodeIgniter\CodeIgniter->run()
CRITICAL - 2023-09-20 10:03:11 --> Class "Mpdf\Mpdf" not found
in APPPATH\Modules\Report\Controllers\Rp_stock.php on line 37.
 1 SYSTEMPATH\CodeIgniter.php(932): App\Modules\Report\Controllers\Rp_stock->witeForm()
 2 SYSTEMPATH\CodeIgniter.php(497): CodeIgniter\CodeIgniter->runController(Object(App\Modules\Report\Controllers\Rp_stock))
 3 SYSTEMPATH\CodeIgniter.php(366): CodeIgniter\CodeIgniter->handleRequest(null, Object(Config\Cache), false)
 4 FCPATH\index.php(67): CodeIgniter\CodeIgniter->run()
CRITICAL - 2023-09-20 10:29:15 --> Trait "setasign\Fpdi\FpdiTrait" not found
in APPPATH\Libraries\mpdf\src\FpdiTrait.php on line 25.
 1 [internal function]: CodeIgniter\Debug\Exceptions->shutdownHandler()
CRITICAL - 2023-09-20 10:29:16 --> Trait "setasign\Fpdi\FpdiTrait" not found
in APPPATH\Libraries\mpdf\src\FpdiTrait.php on line 25.
 1 [internal function]: CodeIgniter\Debug\Exceptions->shutdownHandler()
CRITICAL - 2023-09-20 10:29:17 --> Trait "setasign\Fpdi\FpdiTrait" not found
in APPPATH\Libraries\mpdf\src\FpdiTrait.php on line 25.
 1 [internal function]: CodeIgniter\Debug\Exceptions->shutdownHandler()
CRITICAL - 2023-09-20 10:40:09 --> Trait "setasign\Fpdi\FpdiTrait" not found
in APPPATH\Libraries\mpdf\src\FpdiTrait.php on line 25.
 1 [internal function]: CodeIgniter\Debug\Exceptions->shutdownHandler()
CRITICAL - 2023-09-20 10:40:41 --> Trait "setasign\Fpdi\FpdiTrait" not found
in APPPATH\Libraries\mpdf\src\FpdiTrait.php on line 25.
 1 [internal function]: CodeIgniter\Debug\Exceptions->shutdownHandler()
CRITICAL - 2023-09-20 11:04:39 --> Class "App\Modules\Create_or\Models\Prepare_or" not found
in APPPATH\Modules\Create_or\Controllers\Prepare_or.php on line 19.
 1 SYSTEMPATH\CodeIgniter.php(904): App\Modules\Create_or\Controllers\Prepare_or->__construct()
 2 SYSTEMPATH\CodeIgniter.php(488): CodeIgniter\CodeIgniter->createController()
 3 SYSTEMPATH\CodeIgniter.php(366): CodeIgniter\CodeIgniter->handleRequest(null, Object(Config\Cache), false)
 4 FCPATH\index.php(67): CodeIgniter\CodeIgniter->run()
CRITICAL - 2023-09-20 11:04:40 --> Class "App\Modules\Create_or\Models\Prepare_or" not found
in APPPATH\Modules\Create_or\Controllers\Prepare_or.php on line 19.
 1 SYSTEMPATH\CodeIgniter.php(904): App\Modules\Create_or\Controllers\Prepare_or->__construct()
 2 SYSTEMPATH\CodeIgniter.php(488): CodeIgniter\CodeIgniter->createController()
 3 SYSTEMPATH\CodeIgniter.php(366): CodeIgniter\CodeIgniter->handleRequest(null, Object(Config\Cache), false)
 4 FCPATH\index.php(67): CodeIgniter\CodeIgniter->run()
CRITICAL - 2023-09-20 11:04:40 --> Class "App\Modules\Create_or\Models\Prepare_or" not found
in APPPATH\Modules\Create_or\Controllers\Prepare_or.php on line 19.
 1 SYSTEMPATH\CodeIgniter.php(904): App\Modules\Create_or\Controllers\Prepare_or->__construct()
 2 SYSTEMPATH\CodeIgniter.php(488): CodeIgniter\CodeIgniter->createController()
 3 SYSTEMPATH\CodeIgniter.php(366): CodeIgniter\CodeIgniter->handleRequest(null, Object(Config\Cache), false)
 4 FCPATH\index.php(67): CodeIgniter\CodeIgniter->run()
CRITICAL - 2023-09-20 11:05:10 --> Class "App\Modules\Create_or\Models\Prepare_or" not found
in APPPATH\Modules\Create_or\Controllers\Prepare_or.php on line 19.
 1 SYSTEMPATH\CodeIgniter.php(904): App\Modules\Create_or\Controllers\Prepare_or->__construct()
 2 SYSTEMPATH\CodeIgniter.php(488): CodeIgniter\CodeIgniter->createController()
 3 SYSTEMPATH\CodeIgniter.php(366): CodeIgniter\CodeIgniter->handleRequest(null, Object(Config\Cache), false)
 4 FCPATH\index.php(67): CodeIgniter\CodeIgniter->run()
CRITICAL - 2023-09-20 11:05:11 --> Class "App\Modules\Create_or\Models\Prepare_or" not found
in APPPATH\Modules\Create_or\Controllers\Prepare_or.php on line 19.
 1 SYSTEMPATH\CodeIgniter.php(904): App\Modules\Create_or\Controllers\Prepare_or->__construct()
 2 SYSTEMPATH\CodeIgniter.php(488): CodeIgniter\CodeIgniter->createController()
 3 SYSTEMPATH\CodeIgniter.php(366): CodeIgniter\CodeIgniter->handleRequest(null, Object(Config\Cache), false)
 4 FCPATH\index.php(67): CodeIgniter\CodeIgniter->run()
CRITICAL - 2023-09-20 14:31:00 --> Undefined property: App\Libraries\Sql::$dateformat
in APPPATH\Libraries\Condition.php on line 81.
 1 APPPATH\Libraries\Condition.php(81): CodeIgniter\Debug\Exceptions->errorHandler(2, 'Undefined property: App\\Libraries\\Sql::$dateformat', 'D:\\xampp\\htdocs\\dfinest\\app\\Libraries\\Condition.php', 81)
 2 APPPATH\Libraries\Condition.php(638): App\Libraries\Condition->conRangeDate('19/09/2023 - 19/09/2023', 'InvDate')
 3 APPPATH\Libraries\Sql.php(87): App\Libraries\Condition->conRpIn([...])
 4 APPPATH\Modules\Report\Controllers\Rp_stockin.php(51): App\Libraries\Sql->sqlRpIn([...], 'count')
 5 SYSTEMPATH\CodeIgniter.php(932): App\Modules\Report\Controllers\Rp_stockin->index()
 6 SYSTEMPATH\CodeIgniter.php(497): CodeIgniter\CodeIgniter->runController(Object(App\Modules\Report\Controllers\Rp_stockin))
 7 SYSTEMPATH\CodeIgniter.php(366): CodeIgniter\CodeIgniter->handleRequest(null, Object(Config\Cache), false)
 8 FCPATH\index.php(67): CodeIgniter\CodeIgniter->run()
CRITICAL - 2023-09-20 14:40:44 --> Undefined property: App\Modules\Report\Controllers\Rp_stockin::$input
in APPPATH\Modules\Report\Controllers\Rp_stockin.php on line 48.
 1 APPPATH\Modules\Report\Controllers\Rp_stockin.php(48): CodeIgniter\Debug\Exceptions->errorHandler(2, 'Undefined property: App\\Modules\\Report\\Controllers\\Rp_stockin::$input', 'D:\\xampp\\htdocs\\dfinest\\app\\Modules\\Report\\Controllers\\Rp_stockin.php', 48)
 2 SYSTEMPATH\CodeIgniter.php(932): App\Modules\Report\Controllers\Rp_stockin->index()
 3 SYSTEMPATH\CodeIgniter.php(497): CodeIgniter\CodeIgniter->runController(Object(App\Modules\Report\Controllers\Rp_stockin))
 4 SYSTEMPATH\CodeIgniter.php(366): CodeIgniter\CodeIgniter->handleRequest(null, Object(Config\Cache), false)
 5 FCPATH\index.php(67): CodeIgniter\CodeIgniter->run()
CRITICAL - 2023-09-20 14:51:56 --> Undefined property: App\Modules\Report\Controllers\Rp_stockin::$input
in APPPATH\Modules\Report\Controllers\Rp_stockin.php on line 55.
 1 APPPATH\Modules\Report\Controllers\Rp_stockin.php(55): CodeIgniter\Debug\Exceptions->errorHandler(2, 'Undefined property: App\\Modules\\Report\\Controllers\\Rp_stockin::$input', 'D:\\xampp\\htdocs\\dfinest\\app\\Modules\\Report\\Controllers\\Rp_stockin.php', 55)
 2 SYSTEMPATH\CodeIgniter.php(932): App\Modules\Report\Controllers\Rp_stockin->index()
 3 SYSTEMPATH\CodeIgniter.php(497): CodeIgniter\CodeIgniter->runController(Object(App\Modules\Report\Controllers\Rp_stockin))
 4 SYSTEMPATH\CodeIgniter.php(366): CodeIgniter\CodeIgniter->handleRequest(null, Object(Config\Cache), false)
 5 FCPATH\index.php(67): CodeIgniter\CodeIgniter->run()
CRITICAL - 2023-09-20 15:00:36 --> Undefined variable $info_intype
in APPPATH\Modules\Report\Views\rp_stockin\_search.php on line 15.
 1 APPPATH\Modules\Report\Views\rp_stockin\_search.php(15): CodeIgniter\Debug\Exceptions->errorHandler(2, 'Undefined variable $info_intype', 'D:\\xampp\\htdocs\\dfinest\\app\\Modules\\Report\\Views\\rp_stockin\\_search.php', 15)
 2 SYSTEMPATH\View\View.php(224): include('D:\\xampp\\htdocs\\dfinest\\app\\Modules\\Report\\Views\\rp_stockin\\_search.php')
 3 SYSTEMPATH\View\View.php(227): CodeIgniter\View\View->CodeIgniter\View\{closure}()
 4 SYSTEMPATH\Common.php(1177): CodeIgniter\View\View->render('Modules\\Report\\Views\\rp_stockin\\_search', [], true)
 5 APPPATH\Views\inc-search_mob.php(12): view('Modules\\Report\\Views\\rp_stockin\\_search')
 6 SYSTEMPATH\View\View.php(224): include('D:\\xampp\\htdocs\\dfinest\\app\\Views\\inc-search_mob.php')
 7 SYSTEMPATH\View\View.php(227): CodeIgniter\View\View->CodeIgniter\View\{closure}()
 8 SYSTEMPATH\Common.php(1177): CodeIgniter\View\View->render('inc-search_mob', [], true)
 9 APPPATH\Modules\Report\Controllers\Rp_stockin.php(90): view('inc-search_mob', [...])
10 SYSTEMPATH\CodeIgniter.php(932): App\Modules\Report\Controllers\Rp_stockin->load_form_search()
11 SYSTEMPATH\CodeIgniter.php(497): CodeIgniter\CodeIgniter->runController(Object(App\Modules\Report\Controllers\Rp_stockin))
12 SYSTEMPATH\CodeIgniter.php(366): CodeIgniter\CodeIgniter->handleRequest(null, Object(Config\Cache), false)
13 FCPATH\index.php(67): CodeIgniter\CodeIgniter->run()
CRITICAL - 2023-09-20 15:00:37 --> Undefined variable $info_intype
in APPPATH\Modules\Report\Views\rp_stockin\_search.php on line 15.
 1 APPPATH\Modules\Report\Views\rp_stockin\_search.php(15): CodeIgniter\Debug\Exceptions->errorHandler(2, 'Undefined variable $info_intype', 'D:\\xampp\\htdocs\\dfinest\\app\\Modules\\Report\\Views\\rp_stockin\\_search.php', 15)
 2 SYSTEMPATH\View\View.php(224): include('D:\\xampp\\htdocs\\dfinest\\app\\Modules\\Report\\Views\\rp_stockin\\_search.php')
 3 SYSTEMPATH\View\View.php(227): CodeIgniter\View\View->CodeIgniter\View\{closure}()
 4 SYSTEMPATH\Common.php(1177): CodeIgniter\View\View->render('Modules\\Report\\Views\\rp_stockin\\_search', [], true)
 5 APPPATH\Views\inc-search_mob.php(12): view('Modules\\Report\\Views\\rp_stockin\\_search')
 6 SYSTEMPATH\View\View.php(224): include('D:\\xampp\\htdocs\\dfinest\\app\\Views\\inc-search_mob.php')
 7 SYSTEMPATH\View\View.php(227): CodeIgniter\View\View->CodeIgniter\View\{closure}()
 8 SYSTEMPATH\Common.php(1177): CodeIgniter\View\View->render('inc-search_mob', [], true)
 9 APPPATH\Modules\Report\Controllers\Rp_stockin.php(90): view('inc-search_mob', [...])
10 SYSTEMPATH\CodeIgniter.php(932): App\Modules\Report\Controllers\Rp_stockin->load_form_search()
11 SYSTEMPATH\CodeIgniter.php(497): CodeIgniter\CodeIgniter->runController(Object(App\Modules\Report\Controllers\Rp_stockin))
12 SYSTEMPATH\CodeIgniter.php(366): CodeIgniter\CodeIgniter->handleRequest(null, Object(Config\Cache), false)
13 FCPATH\index.php(67): CodeIgniter\CodeIgniter->run()
CRITICAL - 2023-09-20 16:03:05 --> count(): Argument #1 ($value) must be of type Countable|array, string given
in APPPATH\Libraries\Condition.php on line 672.
 1 APPPATH\Libraries\Condition.php(672): count('')
 2 APPPATH\Libraries\Sql.php(87): App\Libraries\Condition->conRpIn([...])
 3 APPPATH\Modules\Report\Controllers\Rp_stockin.php(61): App\Libraries\Sql->sqlRpIn([...], 'count')
 4 SYSTEMPATH\CodeIgniter.php(932): App\Modules\Report\Controllers\Rp_stockin->index()
 5 SYSTEMPATH\CodeIgniter.php(497): CodeIgniter\CodeIgniter->runController(Object(App\Modules\Report\Controllers\Rp_stockin))
 6 SYSTEMPATH\CodeIgniter.php(366): CodeIgniter\CodeIgniter->handleRequest(null, Object(Config\Cache), false)
 7 FCPATH\index.php(67): CodeIgniter\CodeIgniter->run()
CRITICAL - 2023-09-20 16:03:43 --> count(): Argument #1 ($value) must be of type Countable|array, string given
in APPPATH\Libraries\Condition.php on line 672.
 1 APPPATH\Libraries\Condition.php(672): count('')
 2 APPPATH\Libraries\Sql.php(87): App\Libraries\Condition->conRpIn([...])
 3 APPPATH\Modules\Report\Controllers\Rp_stockin.php(61): App\Libraries\Sql->sqlRpIn([...], 'count')
 4 SYSTEMPATH\CodeIgniter.php(932): App\Modules\Report\Controllers\Rp_stockin->index()
 5 SYSTEMPATH\CodeIgniter.php(497): CodeIgniter\CodeIgniter->runController(Object(App\Modules\Report\Controllers\Rp_stockin))
 6 SYSTEMPATH\CodeIgniter.php(366): CodeIgniter\CodeIgniter->handleRequest(null, Object(Config\Cache), false)
 7 FCPATH\index.php(67): CodeIgniter\CodeIgniter->run()
ERROR - 2023-09-20 16:14:29 --> mysqli_sql_exception: You have an error in your SQL syntax; check the manual that corresponds to your MariaDB server version for the right syntax to use near ')' at line 1 in D:\xampp\htdocs\dfinest\system\Database\MySQLi\Connection.php:295
Stack trace:
#0 D:\xampp\htdocs\dfinest\system\Database\MySQLi\Connection.php(295): mysqli->query('SELECT COUNT(ID...', 0)
#1 D:\xampp\htdocs\dfinest\system\Database\BaseConnection.php(692): CodeIgniter\Database\MySQLi\Connection->execute('SELECT COUNT(ID...')
#2 D:\xampp\htdocs\dfinest\system\Database\BaseConnection.php(606): CodeIgniter\Database\BaseConnection->simpleQuery('SELECT COUNT(ID...')
#3 D:\xampp\htdocs\dfinest\app\Modules\Report\Models\Report.php(11): CodeIgniter\Database\BaseConnection->query('SELECT COUNT(ID...')
#4 D:\xampp\htdocs\dfinest\app\Modules\Report\Controllers\Rp_stockin.php(61): App\Modules\Report\Models\Report->count_itemlist('SELECT COUNT(ID...')
#5 D:\xampp\htdocs\dfinest\system\CodeIgniter.php(932): App\Modules\Report\Controllers\Rp_stockin->index()
#6 D:\xampp\htdocs\dfinest\system\CodeIgniter.php(497): CodeIgniter\CodeIgniter->runController(Object(App\Modules\Report\Controllers\Rp_stockin))
#7 D:\xampp\htdocs\dfinest\system\CodeIgniter.php(366): CodeIgniter\CodeIgniter->handleRequest(NULL, Object(Config\Cache), false)
#8 D:\xampp\htdocs\dfinest\public\index.php(67): CodeIgniter\CodeIgniter->run()
#9 {main}
CRITICAL - 2023-09-20 16:14:29 --> You have an error in your SQL syntax; check the manual that corresponds to your MariaDB server version for the right syntax to use near ')' at line 1
in SYSTEMPATH\Database\MySQLi\Connection.php on line 295.
 1 SYSTEMPATH\Database\MySQLi\Connection.php(295): mysqli->query('SELECT COUNT(ID) total FROM stockin  WHERE InStatus = 1 AND PmStatus IN()', 0)
 2 SYSTEMPATH\Database\BaseConnection.php(692): CodeIgniter\Database\MySQLi\Connection->execute('SELECT COUNT(ID) total FROM stockin  WHERE InStatus = 1 AND PmStatus IN()')
 3 SYSTEMPATH\Database\BaseConnection.php(606): CodeIgniter\Database\BaseConnection->simpleQuery('SELECT COUNT(ID) total FROM stockin  WHERE InStatus = 1 AND PmStatus IN()')
 4 APPPATH\Modules\Report\Models\Report.php(11): CodeIgniter\Database\BaseConnection->query('SELECT COUNT(ID) total FROM stockin  WHERE InStatus = 1 AND PmStatus IN()')
 5 APPPATH\Modules\Report\Controllers\Rp_stockin.php(61): App\Modules\Report\Models\Report->count_itemlist('SELECT COUNT(ID) total FROM stockin  WHERE InStatus = 1 AND PmStatus IN()')
 6 SYSTEMPATH\CodeIgniter.php(932): App\Modules\Report\Controllers\Rp_stockin->index()
 7 SYSTEMPATH\CodeIgniter.php(497): CodeIgniter\CodeIgniter->runController(Object(App\Modules\Report\Controllers\Rp_stockin))
 8 SYSTEMPATH\CodeIgniter.php(366): CodeIgniter\CodeIgniter->handleRequest(null, Object(Config\Cache), false)
 9 FCPATH\index.php(67): CodeIgniter\CodeIgniter->run()
ERROR - 2023-09-20 16:14:32 --> mysqli_sql_exception: You have an error in your SQL syntax; check the manual that corresponds to your MariaDB server version for the right syntax to use near ')' at line 1 in D:\xampp\htdocs\dfinest\system\Database\MySQLi\Connection.php:295
Stack trace:
#0 D:\xampp\htdocs\dfinest\system\Database\MySQLi\Connection.php(295): mysqli->query('SELECT COUNT(ID...', 0)
#1 D:\xampp\htdocs\dfinest\system\Database\BaseConnection.php(692): CodeIgniter\Database\MySQLi\Connection->execute('SELECT COUNT(ID...')
#2 D:\xampp\htdocs\dfinest\system\Database\BaseConnection.php(606): CodeIgniter\Database\BaseConnection->simpleQuery('SELECT COUNT(ID...')
#3 D:\xampp\htdocs\dfinest\app\Modules\Report\Models\Report.php(11): CodeIgniter\Database\BaseConnection->query('SELECT COUNT(ID...')
#4 D:\xampp\htdocs\dfinest\app\Modules\Report\Controllers\Rp_stockin.php(61): App\Modules\Report\Models\Report->count_itemlist('SELECT COUNT(ID...')
#5 D:\xampp\htdocs\dfinest\system\CodeIgniter.php(932): App\Modules\Report\Controllers\Rp_stockin->index()
#6 D:\xampp\htdocs\dfinest\system\CodeIgniter.php(497): CodeIgniter\CodeIgniter->runController(Object(App\Modules\Report\Controllers\Rp_stockin))
#7 D:\xampp\htdocs\dfinest\system\CodeIgniter.php(366): CodeIgniter\CodeIgniter->handleRequest(NULL, Object(Config\Cache), false)
#8 D:\xampp\htdocs\dfinest\public\index.php(67): CodeIgniter\CodeIgniter->run()
#9 {main}
CRITICAL - 2023-09-20 16:14:32 --> You have an error in your SQL syntax; check the manual that corresponds to your MariaDB server version for the right syntax to use near ')' at line 1
in SYSTEMPATH\Database\MySQLi\Connection.php on line 295.
 1 SYSTEMPATH\Database\MySQLi\Connection.php(295): mysqli->query('SELECT COUNT(ID) total FROM stockin  WHERE InStatus = 1 AND PmStatus IN()', 0)
 2 SYSTEMPATH\Database\BaseConnection.php(692): CodeIgniter\Database\MySQLi\Connection->execute('SELECT COUNT(ID) total FROM stockin  WHERE InStatus = 1 AND PmStatus IN()')
 3 SYSTEMPATH\Database\BaseConnection.php(606): CodeIgniter\Database\BaseConnection->simpleQuery('SELECT COUNT(ID) total FROM stockin  WHERE InStatus = 1 AND PmStatus IN()')
 4 APPPATH\Modules\Report\Models\Report.php(11): CodeIgniter\Database\BaseConnection->query('SELECT COUNT(ID) total FROM stockin  WHERE InStatus = 1 AND PmStatus IN()')
 5 APPPATH\Modules\Report\Controllers\Rp_stockin.php(61): App\Modules\Report\Models\Report->count_itemlist('SELECT COUNT(ID) total FROM stockin  WHERE InStatus = 1 AND PmStatus IN()')
 6 SYSTEMPATH\CodeIgniter.php(932): App\Modules\Report\Controllers\Rp_stockin->index()
 7 SYSTEMPATH\CodeIgniter.php(497): CodeIgniter\CodeIgniter->runController(Object(App\Modules\Report\Controllers\Rp_stockin))
 8 SYSTEMPATH\CodeIgniter.php(366): CodeIgniter\CodeIgniter->handleRequest(null, Object(Config\Cache), false)
 9 FCPATH\index.php(67): CodeIgniter\CodeIgniter->run()
CRITICAL - 2023-09-20 16:15:57 --> Array to string conversion
in APPPATH\Libraries\Condition.php on line 666.
 1 APPPATH\Libraries\Condition.php(666): CodeIgniter\Debug\Exceptions->errorHandler(2, 'Array to string conversion', 'D:\\xampp\\htdocs\\dfinest\\app\\Libraries\\Condition.php', 666)
 2 APPPATH\Libraries\Sql.php(87): App\Libraries\Condition->conRpIn([...])
 3 APPPATH\Modules\Report\Controllers\Rp_stockin.php(61): App\Libraries\Sql->sqlRpIn([...], 'count')
 4 SYSTEMPATH\CodeIgniter.php(932): App\Modules\Report\Controllers\Rp_stockin->index()
 5 SYSTEMPATH\CodeIgniter.php(497): CodeIgniter\CodeIgniter->runController(Object(App\Modules\Report\Controllers\Rp_stockin))
 6 SYSTEMPATH\CodeIgniter.php(366): CodeIgniter\CodeIgniter->handleRequest(null, Object(Config\Cache), false)
 7 FCPATH\index.php(67): CodeIgniter\CodeIgniter->run()
CRITICAL - 2023-09-20 16:16:10 --> Array to string conversion
in APPPATH\Libraries\Condition.php on line 666.
 1 APPPATH\Libraries\Condition.php(666): CodeIgniter\Debug\Exceptions->errorHandler(2, 'Array to string conversion', 'D:\\xampp\\htdocs\\dfinest\\app\\Libraries\\Condition.php', 666)
 2 APPPATH\Libraries\Sql.php(87): App\Libraries\Condition->conRpIn([...])
 3 APPPATH\Modules\Report\Controllers\Rp_stockin.php(61): App\Libraries\Sql->sqlRpIn([...], 'count')
 4 SYSTEMPATH\CodeIgniter.php(932): App\Modules\Report\Controllers\Rp_stockin->index()
 5 SYSTEMPATH\CodeIgniter.php(497): CodeIgniter\CodeIgniter->runController(Object(App\Modules\Report\Controllers\Rp_stockin))
 6 SYSTEMPATH\CodeIgniter.php(366): CodeIgniter\CodeIgniter->handleRequest(null, Object(Config\Cache), false)
 7 FCPATH\index.php(67): CodeIgniter\CodeIgniter->run()
